57 77
36 46
25 56
71 30
15 56
11 71
31 6
4 60
63 9
29 82
61 76
6 46
40 87
52 8
37 84
12 49
10 27
65 19
89 91
68 28
92 64
70 90
8 64
39 62
49 85
82 81
56 57
55 86
49 18
74 34
82 12
32 89
82 90
85 60
18 60
46 31
70 48
58 66
62 24
67 79
48 28
37 53
51 42
16 91
13 50
59 53
9 19
15 0
25 22
54 28
46 29
66 74
48 23
53 64
49 51
12 41
82 8
18 93
15 85
28 60
97 7
68 95
3 88
73 70
32 63
59 84
2 1
57 87
12 85
80 63
91 41
6 72
76 90
72 12
82 22
4 20
13 97
46 50
15 55
23 69
31 45
52 41
96 33
15 68
36 63
58 69
9 70
78 69
36 47
8 92
47 77
29 46
50 96
53 58
16 7
54 73
57 79
47 71
63 65
89 78
83 81
36 33
68 60
61 52
97 69
68 75
19 16
34 38
60 77
49 13
79 21
91 62
50 17
75 92
73 57
57 94
25 86
74 19
58 37
85 42
69 94
46 61
64 48
65 86
43 25
14 54
77 4
70 83
5 14
97 80
49 39
37 44
48 32
91 91
15 98
13 12
15 57
36 7
83 66
31 34
74 37
47 65
5 26
68 23
1 13
52 76
84 72
53 24
91 60
17 51
19 23
8 55
28 59
98 84
45 47
3 50
75 86
69 78
88 52
10 10
29 20
52 20
22 71
10 92
5 93
59 15
95 26
55 41
44 40
68 11
19 12
4 81
69 96
82 88
37 32
37 63
72 58
39 6
60 61
5 12
41 56
86 63
43 87
51 91
31 3
28 64
71 57
13 53
94 73
4 29
14 96
68 94
95 12
60 40
72 33
12 44
56 82
35 28
78 8
81 73
36 21
84 35
90 16
66 9
89 56
4 6
11 42
49 17
89 42
24 70
2 29
12 87
22 63
15 48
47 79
0 55
51 72
90 14
45 19
10 65
80 8
54 87
49 16
19 44
3 26
55 55
65 74
93 73
37 6
26 42
92 2
75 25
66 43
73 58
40 90
75 79
22 72
28 48
56 67
51 7
34 63
35 66
27 53
64 11
35 71
57 74
69 30
1 47
7 87
71 35
51 52
33 25
52 7
25 43
94 11
71 48
63 64
22 52
17 92
18 12
14 64
70 98
82 85
53 5
18 34
51 92
18 54
79 58
62 67
34 39
85 40
54 13
97 36
81 67
89 93
54 6
10 2
73 85
86 81
51 39
5 67
62 47
78 85
17 8
69 41
89 69
35 0
14 68
32 94
49 75
26 30
34 23
28 32
55 36
43 47
34 57
90 41
56 2
48 38
79 50
75 48
4 70
73 34
23 21
47 46
26 86
86 77
23 92
61 62
35 73
17 25
16 16
75 36
78 75
11 34
69 17
55 11
30 47
39 34
66 62
33 74
77 54
83 9
97 46
74 58
91 65
53 97
70 10
91 95
71 26
67 98
41 41
15 7
43 91
84 83
3 60
89 25
21 45
62 11
29 6
60 41
26 64
92 45
21 1
86 34
59 41
15 6
11 47
54 72
65 73
38 16
93 35
82 53
79 85
62 89
76 51
47 30
89 68
74 85
94 91
58 46
70 14
88 94
13 18
41 8
91 59
4 33
50 58
33 28
15 33
5 60
81 54
12 14
57 71
22 7
64 98
1 73
26 46
17 59
74 3
67 94
81 84
66 32
83 78
28 18
45 21
43 36
7 84
21 42
36 15
25 39
18 17
15 13
80 88
48 18
96 90
42 80
11 26
73 54
12 76
68 83
5 96
89 82
29 35
57 32
30 80
4 37
78 11
23 56
95 62
20 35
54 41
7 75
14 10
25 61
48 37
55 13
18 40
7 97
97 45
6 97
3 81
82 24
95 80
96 44
53 83
55 53
82 96
8 94
34 20
32 90
42 18
62 35
57 88
5 19
57 81
11 11
66 71
77 35
28 25
13 98
38 52
41 26
22 39
X
63 71
4 95
18 42
94 64
18 14
8 38
24 23
47 14
38 11
58 53
98 9
58 22
82 94
42 22
71 61
93 21
6 24
74 36
4 1
32 47
2 64
78 37
8 76
23 84
71 60
13 21
10 58
43 5
54 61
18 63
11 97
71 81
64 89
22 62
93 62
59 25
71 27
23 83
90 64
50 22
25 88
98 13
27 86
60 24
56 14
50 77
21 16
51 63
15 8
6 39
68 55
83 48
63 48
36 26
81 74
17 12
1 14
18 3
21 71
64 26
61 35
72 14
43 50
57 6
36 42
8 3
11 37
49 37
10 22
11 19
25 82
94 79
9 54
57 63
67 71
66 82
14 74
83 91
79 44
66 85
95 37
6 10
62 69
97 86
57 43
3 11
26 32
32 6
23 12
15 82
1 63
X
27 84
3 16
78 56
22 20
X
35 58
13 26
74 51
69 9
19 56
45 58
76 2
9 76
61 17
88 81
36 23
23 76
82 18
69 65
33 32
79 72
24 71
56 54
48 64
2 68
77 29
92 14
84 66
38 84
95 56
10 98
32 23
49 8
79 0
49 60
38 71
15 87
94 43
36 17
61 8
28 16
91 76
57 29
38 35
42 37
16 70
53 76
63 31
51 33
45 33
50 40
35 75
61 64
23 16
6 12
55 34
36 28
6 56
32 17
46 41
63 81
22 15
34 74
96 84
84 8
44 10
48 93
38 53
47 40
52 3
X
14 79
65 55
44 1
65 4
27 81
19 72
62 80
33 24
43 66
32 45
68 53
76 50
12 56
21 82
38 45
80 89
93 3
64 47
57 22
95 6
48 29
97 54
36 79
41 13
46 60
43 21
5 28
80 44
87 74
91 93
62 76
85 44
33 29
38 55
21 10
96 83
62 90
63 72
69 35
41 60
73 1
70 65
91 15
23 1
81 17
46 95
98 92
21 73
20 76
54 50
39 52
40 19
55 50
78 47
45 20
89 75
98 96
27 28
16 79
74 94
95 11
48 34
58 39
78 80
60 90
5 2
48 62
17 75
96 42
46 12
98 26
15 50
13 15
68 62
70 62
95 68
87 28
74 62
55 78
3 86
28 44
91 26
22 57
58 92
71 89
29 98
88 17
83 16
10 42
7 89
9 8
35 25
75 24
7 55
69 1
0 46
84 62
13 60
57 59
23 53
59 86
31 87
7 35
68 51
27 76
52 95
35 65
81 36
6 50
1 56
53 46
3 80
9 22
38 26
51 29
60 55
7 93
97 87
8 31
24 74
38 41
51 95
12 38
70 55
37 34
10 8
43 55
93 37
82 15
25 5
44 9
70 6
8 88
86 29
15 21
83 1
29 67
89 35
73 33
41 47
60 73
27 32
1 88
25 87
32 34
37 45
96 38
3 54
52 15
49 21
25 76
44 36
73 49
97 26
X
44 70
2 92
37 27
82 79
17 66
89 33
51 80
97 55
62 48
16 15
41 74
16 9
27 12
64 18
44 26
47 82
15 78
58 97
37 62
84 3
44 29
26 14
56 84
84 7
88 51
91 37
98 1
19 7
87 87
95 55
62 70
2 53
71 71
33 81
97 83
72 21
7 86
40 17
67 53
77 36
21 68
69 50
40 34
66 10
53 54
22 94
83 6
91 45
16 2
38 61
60 54
81 9
1 60
54 27
89 51
18 7
75 16
49 97
44 15
56 20
64 81
35 68
X
54 17
71 80
29 91
93 36
55 73
26 70
2 94
72 40
95 3
10 77
51 35
18 58
30 25
54 75
79 34
8 67
94 14
21 63
79 45
82 39
74 97
48 51
95 2
82 10
44 19
79 55
17 58
18 90
90 24
96 1
70 63
6 33
16 28
11 9
19 24
24 9
5 50
35 50
73 52
22 79
28 81
97 42
7 77
95 75
55 2
66 2
94 58
98 88
87 42
80 11
85 18
72 49
81 88
91 54
1 86
60 47
2 27
13 34
43 29
59 23
83 49
95 58
96 80
78 9
16 51
67 3
6 15
84 69
69 6
78 89
25 46
8 32
66 76
5 25
41 18
95 85
45 53
43 96
83 57
1 91
73 50
59 63
65 31
67 62
84 13
55 63
80 56
8 4
24 90
91 40
46 65
28 4
8 97
54 47
63 8
65 91
51 81
46 47
68 49
70 43
39 93
67 72
65 87
56 3
11 46
77 68
82 67
1 98
47 67
27 40
80 70
98 18
53 43
7 36
17 80
10 64
60 36
42 15
91 52
8 14
94 56
23 94
30 16
38 64
58 65
81 91
13 39
46 54
14 77
13 45
87 13
59 7
32 32
6 79
58 75
11 30
87 91
14 76
25 81
11 83
22 32
84 64
21 52
82 2
78 95
82 86
40 46
91 57
47 34
34 46
90 22
37 58
90 66
62 38
15 80
48 58
66 51
58 76
0 45
29 41
47 12
20 64
96 74
46 46
17 88
80 15
30 84
55 56
42 94
25 19
55 52
78 13
65 64
90 20
48 12
80 24
90 12
42 49
48 72
87 70
54 29
43 75
45 52
36 67
44 25
16 0
8 82
4 17
38 78
13 64
42 59
70 93
38 97
25 54
74 61
69 23
37 13
65 44
4 31
66 21
63 44
58 42
20 7
98 48
X
47 13
3 6
36 55
83 65
76 73
53 2
39 55
89 67
11 82
11 20
12 36
53 87
45 45
14 20
87 50
15 93
93 60
9 23
56 78
9 16
41 46
76 84
90 60
84 33
44 77
4 67
27 5
74 10
8 2
5 47
89 15
49 47
53 0
59 24
42 70
21 58
48 94
87 92
20 59
88 88
94 6
53 13
69 92
75 1
66 60
13 62
69 29
34 77
75 50
1 65
8 84
59 27
46 93
10 9
40 67
2 50
61 9
68 54
43 11
41 73
86 19
94 68
85 75
30 40
79 57
62 61
23 82
79 81
56 8
71 63
66 36
72 95
8 45
49 94
66 44
47 41
87 63
89 14
62 74
33 52
25 21
93 13
98 66
8 72
9 93
44 34
73 10
74 72
23 43
27 20
27 13
37 83
76 13
81 93
71 42
44 7
47 66
69 8
95 90
58 31
64 94
17 69
54 15
89 40
21 20
53 78
22 45
80 97
20 11
50 49
19 81
X
56 71
96 91
80 58
5 95
23 74
59 91
55 92
84 60
91 14
79 56
12 8
35 9
9 32
94 7
74 98
72 31
3 22
92 56
98 86
0 86
75 82
55 40
75 87
93 5
34 26
30 75
3 34
80 57
38 62
9 17
91 13
86 22
92 57
52 59
93 90
8 17
44 42
62 75
40 83
57 47
44 82
67 23
41 91
X
12 67
22 23
23 19
20 18
59 52
88 23
88 77
5 71
17 35
19 6
86 79
97 38
78 23
67 37
75 28
46 38
75 65
15 38
30 57
68 3
23 97
76 4
36 61
5 85
46 82
40 13
52 16
24 13
83 14
7 32
37 22
33 63
2 66
82 42
54 89
65 51
37 60
5 58
92 13
19 18
33 70
92 69
22 41
46 16
90 96
8 6
26 69
58 62
68 93
32 70
60 22
7 56
69 62
74 33
82 82
16 88
88 78
31 0
73 36
33 15
53 12
26 74
57 42
70 3
16 22
98 43
18 80
7 76
55 68
43 69
98 74
39 87
36 65
31 22
9 91
40 44
21 77
63 92
0 77
7 15
93 4
65 82
22 93
44 35
64 86
94 33
38 32
20 94
31 35
13 54
90 83
82 55
76 35
19 8
15 59
9 12
36 69
62 28
25 27
53 91
87 45
33 37
56 48
84 24
84 9
46 96
42 50
21 98
54 11
89 94
69 70
38 94
16 78
97 63
37 21
15 49
10 57
84 86
66 57
66 73
26 90
58 98
47 20
75 80
3 91
68 82
57 85
81 87
93 72
87 98
77 14
95 49
12 0
92 63
46 94
77 46
25 18
77 86
7 70
43 72
11 90
61 70
24 30
70 71
24 88
30 44
40 73
72 85
86 7
43 34
61 73
18 96
50 37
20 44
30 89
44 63
84 10
96 76
74 25
3 10
80 13
55 58
58 47
84 51
27 46
67 83
72 64
11 84
8 48
31 89
76 17
34 17
5 44
36 89
90 82
82 38
69 95
82 21
85 68
89 81
91 21
76 29
84 80
51 68
89 76
63 43
29 47
6 2
34 78
76 21
65 80
36 29
29 43
95 53
96 77
62 73
84 98
13 49
8 26
22 46
92 21
43 60
30 0
58 11
92 23
58 83
84 38
96 29
20 97
93 20
93 34
48 63
56 93
52 50
62 26
78 71
47 92
73 46
8 20
7 96
31 42
10 56
60 16
95 33
83 56
3 25
55 89
57 25
28 12
41 76
90 30
19 22
70 92
95 82
78 68
49 33
38 21
85 37
76 86
42 42
9 79
50 56
7 47
32 86
88 3
55 76
83 68
88 65
18 53
18 68
36 11
9 41
58 63
30 1
51 61
32 49
16 12
43 70
69 4
62 41
2 83
51 22
89 8
29 90
50 55
5 48
25 90
39 86
12 96
54 79
65 9
38 47
14 62
91 25
38 86
1 24
34 62
52 17
50 61
53 79
58 95
57 2
3 90
14 39
55 44
72 52
86 35
76 64
91 84
15 4
77 15
56 43
37 59
78 72
49 28
11 89
41 59
20 29
X
95 93
71 47
65 98
66 20
65 53
85 22
46 58
24 52
19 19
94 78
25 38
1 55
56 15
32 62
45 44
20 74
96 23
58 25
45 67
56 41
35 27
10 72
0 93
77 22
2 38
19 68
9 43
X
38 43
73 96
54 95
88 71
36 31
59 61
84 19
25 83
23 41
43 56
92 20
4 83
45 96
66 58
27 75
30 81
79 54
78 18
5 82
15 76
20 63
75 43
84 32
69 80
36 70
12 59
88 89
15 9
44 55
82 78
26 68
43 19
88 4
12 78
0 10
51 75
46 56
47 86
22 34
6 69
12 72
98 69
47 72
50 27
18 1
17 77
4 5
59 80
74 17
52 64
93 2
5 69
41 7
7 60
51 2
9 47
87 30
83 18
26 7
76 43
38 17
36 76
75 56
8 23
84 82
86 24
32 20
24 19
93 54
83 70
56 44
71 37
89 54
21 11
73 21
79 16
66 23
7 23
9 64
72 56
62 37
32 98
11 98
53 1
94 72
22 31
26 38
86 76
59 81
60 18
77 85
3 95
48 49
50 75
70 22
11 62
22 91
38 66
97 10
X
44 94
85 38
11 68
47 48
79 78
8 68
89 74
41 0
50 91
42 17
78 63
81 53
45 13
28 61
90 32
43 80
45 83
3 97
91 51
20 2
78 64
17 9
31 56
96 75
8 54
34 79
92 33
69 97
71 31
64 37
63 29
77 59
6 27
26 83
8 77
18 64
19 25
39 9
40 47
11 21
72 67
95 83
83 19
94 24
49 15
33 62
63 11
10 39
15 41
39 71
58 71
62 12
64 78
36 82
9 21
62 57
11 48
3 77
6 63
32 25
85 24
69 58
16 11
42 43
41 94
85 82
64 46
92 4
96 59
51 8
59 57
66 19
31 60
68 76
50 85
56 91
92 93
26 11
2 82
71 82
43 81
65 34
72 60
30 4
16 90
40 50
26 81
3 58
83 5
85 53
52 65
82 68
37 96
6 51
22 68
2 25
15 61
62 8
73 63
29 29
50 30
86 10
12 35
84 14
10 40
77 83
56 80
73 19
0 13
28 69
57 31
12 97
40 11
76 81
42 39
31 97
77 94
59 83
58 52
49 5
35 94
57 56
5 98
33 92
5 22
58 56
4 56
1 61
48 89
61 16
47 33
89 41
24 55
47 37
39 83
78 96
16 66
80 5
0 21
36 32
29 26
23 50
79 41
38 27
13 8
94 29
40 22
66 45
24 87
45 66
70 61
5 16
97 20
95 81
72 51
72 35
58 41
60 75
21 3
41 66
6 61
6 64
39 80
14 92
54 85
18 55
46 59
37 41
32 24
81 20
47 54
17 78
18 6
12 92
37 93
98 11
55 38
3 24
46 62
32 16
23 78
67 17
44 71
58 40
56 36
55 98
15 25
69 67
66 80
98 82
45 32
44 81
8 8
37 1
89 84
4 58
15 83
78 34
3 94
46 49
24 72
79 65
48 75
19 79
94 62
98 44
75 32
7 91
83 34
28 23
33 88
20 60
77 42
52 63
10 46
31 41
12 69
61 49
96 93
17 41
59 46
90 50
53 26
39 61
66 52
88 80
14 48
69 79
70 72
26 48
54 97
93 74
95 43
76 92
71 65
36 19
71 43
7 59
16 80
75 31
26 54
23 61
6 34
9 6
26 31
47 45
30 21
18 26
35 69
47 94
13 95
35 11
12 24
53 90
38 90
72 36
10 88
35 56
63 46
71 55
43 30
1 9
31 21
98 3
78 54
88 68
3 33
10 26
63 3
96 40
67 75
45 10
23 42
17 65
38 92
82 26
61 94
92 28
43 7
27 3
10 85
28 45
96 82
73 78
58 61
39 19
48 44
71 28
5 63
55 51
79 66
22 80
41 42
35 79
72 59
55 10
71 95
78 4
78 91
6 43
43 18
60 72
55 77
57 13
71 59
83 46
84 94
29 21
27 67
54 12
97 72
73 37
31 90
45 11
81 1
57 54
47 56
31 48
40 57
23 23
64 29
37 70
69 37
53 52
9 83
49 64
75 6
38 79
29 51
21 95
26 45
52 30
51 20
34 92
62 40
27 15
46 79
25 75
8 95
77 77
73 42
59 85
53 67
55 24
9 2
43 48
71 29
4 87
6 28
18 25
68 87
11 25
69 89
64 25
13 84
79 4
21 14
37 68
98 70
0 65
41 36
40 14
96 19
4 23
77 49
70 73
87 81
7 74
58 64
88 32
42 83
97 24
65 29
7 9
7 58
90 44
23 33
24 22
56 49
52 83
52 78
74 30
75 59
8 36
46 77
20 43
60 2
8 56
6 1
56 63
66 65
17 28
33 48
9 96
77 32
73 5
10 19
84 92
98 67
80 26
87 55
8 70
46 45
47 85
3 35
58 93
49 92
48 46
80 34
59 29
44 66
70 82
5 42
25 23
84 70
49 42
41 82
14 47
21 59
93 51
6 55
91 46
77 31
81 28
48 8
98 47
29 83
82 35
81 29
29 52
63 30
80 31
87 94
65 43
74 35
58 77
96 27
89 92
44 20
16 1
49 19
72 68
53 15
4 10
46 92
90 45
10 74
73 17
19 75
30 36
22 92
94 20
29 71
75 13
37 47
13 17
43 58
57 57
44 89
37 37
70 70
81 11
5 32
52 33
54 45
43 49
42 92
3 76
34 25
10 45
16 68
38 82
37 17
82 32
11 63
39 76
25 42
28 31
93 38
65 6
79 92
40 59
55 94
13 37
10 75
67 7
84 36
51 47
41 81
75 93
27 33
47 29
69 73
72 70
28 86
56 27
48 27
3 31
87 19
71 78
4 30
24 86
80 95
49 45
62 59
50 51
0 97
32 50
2 10
53 68
71 2
41 12
41 27
37 57
5 70
4 44
4 55
49 38
27 89
16 50
72 54
38 42
42 6
34 11
40 0
85 50
79 11
71 1
97 34
83 33
7 19
20 65
X
78 1
54 31
48 69
93 57
46 11
31 55
90 91
82 77
57 65
61 88
23 4
91 71
17 71
67 5
5 4
14 8
38 96
35 38
1 77
45 14
4 84
28 5
84 17
96 92
49 40
94 36
35 60
76 19
6 4
63 12
70 12
71 0
41 77
87 4
74 18
47 93
48 20
90 39
84 85
60 1
X
13 75
10 87
82 97
62 50
6 74
38 36
10 29
38 7
24 61
38 46
25 67
44 88
74 5
28 47
47 8
94 25
46 51
94 22
51 18
61 80
78 36
85 76
43 15
77 72
23 58
71 9
12 95
83 92
95 4
51 77
75 70
81 0
80 10
90 5
11 57
83 87
87 8
39 67
1 93
85 83
10 34
69 71
50 29
97 56
84 22
88 58
84 73
75 55
98 22
41 40
39 58
56 21
81 24
44 62
33 14
7 33
51 17
37 16
88 34
91 96
73 24
51 41
32 80
29 18
34 68
75 23
78 66
48 19
9 15
35 33
14 72
76 88
15 66
25 78
48 13
76 44
66 94
91 31
75 63
42 1
51 49
91 39
25 52
34 76
37 0
36 24
66 53
14 55
43 6
40 33
84 95
15 94
49 93
41 2
49 55
33 85
45 60
53 86
18 13
43 33
34 27
7 85
70 47
75 10
37 82
76 83
26 62
10 20
34 67
66 95
11 85
64 57
63 56
96 54
50 74
62 91
14 82
56 53
48 67
39 46
80 90
89 38
21 74
89 32
90 18
50 69
28 33
85 92
81 58
X
90 57
45 81
76 15
75 44
19 20
72 53
72 10
14 73
93 32
50 65
30 68
37 81
74 4
72 30
27 79
11 40
65 81
89 36
65 32
4 78
90 31
40 79
7 50
93 93
77 81
32 82
55 20
86 78
23 77
76 49
69 3
59 68
32 71
15 84
42 11
3 74
13 19
52 4
87 64
50 2
93 82
89 26
14 49
45 22
26 18
53 77
80 91
16 56
59 78
20 92
18 56
46 5
24 24
74 32
86 33
98 65
4 54
11 73
88 93
92 67
34 55
42 96
67 59
16 13
1 23
72 38
0 47
40 88
22 12
61 37
74 91
53 21
55 21
2 60
83 90
76 80
44 59
56 60
97 9
63 19
64 85
55 87
95 57
57 60
43 65
85 54
77 75
98 53
95 59
77 78
24 77
97 49
48 22
77 3
84 67
41 11
47 1
91 73
16 58
24 92
47 62
20 79
50 13
74 60
47 36
6 95
12 89
90 67
61 91
39 75
30 42
55 91
73 22
95 88
24 93
42 13
31 81
60 62
62 17
33 59
3 96
16 18
55 47
30 32
88 54
13 92
91 50
58 23
36 56
64 90
76 89
93 24
59 70
49 46
94 30
33 47
92 89
6 70
53 36
71 74
85 31
86 82
38 14
53 7
4 21
46 81
54 74
74 27
16 69
57 39
12 20
34 13
65 57
40 1
61 55
39 5
6 22
70 27
40 10
97 25
85 39
65 11
47 88
62 65
92 6
4 53
62 94
55 28
45 41
37 56
55 16
5 0
10 73
56 86
55 29
9 85
13 83
88 25
76 1
38 57
68 32
53 62
67 87
6 45
3 98
27 9
18 98
20 28
3 85
95 69
12 33
75 45
56 61
83 13
46 37
31 18
6 77
64 38
52 47
26 88
17 93
91 67
12 30
94 94
2 77
20 13
X
63 18
53 56
98 94
18 9
41 85
68 43
21 66
67 46
56 28
16 48
84 56
77 53
67 73
24 12
35 47
23 52
9 80
44 80
80 60
80 7
27 77
4 74
54 39
88 46
44 21
24 54
17 97
29 55
13 28
89 86
57 67
30 14
45 93
48 48
65 83
3 64
19 74
6 23
34 59
45 34
70 94
90 33
66 41
63 54
96 64
2 69
23 91
97 3
52 82
73 45
61 25
64 28
83 0
65 47
57 55
59 69
88 98
38 6
16 25
40 95
22 58
59 26
7 25
82 92
92 91
31 46
48 59
90 37
43 17
71 91
97 12
31 37
39 2
70 29
53 72
19 90
53 4
33 95
41 21
98 49
62 64
44 5
1 53
45 26
93 67
41 22
29 23
86 12
34 64
7 27
34 56
49 56
5 45
32 81
0 64
8 51
60 27
69 32
59 16
17 34
7 64
96 15
24 31
81 68
36 51
19 59
59 89
78 45
43 67
11 45
31 82
91 6
59 77
53 60
74 74
38 19
46 88
5 66
6 13
26 67
44 13
20 80
21 30
59 76
37 29
30 23
70 64
43 24
0 12
38 67
87 18
0 52
5 86
19 83
96 0
42 87
6 59
29 49
87 6
38 80
94 28
47 73
74 83
23 98
46 53
21 47
24 29
34 80
64 3
14 91
49 23
92 68
1 44
40 86
35 17
58 15
91 12
26 80
4 38
28 26
92 39
96 22
6 47
46 15
40 85
74 6
34 32
66 48
78 2
57 78
60 60
49 35
6 41
22 67
7 29
90 54
93 63
71 49
43 9
61 48
9 49
13 48
46 9
5 1
98 35
91 42
22 18
87 9
73 30
29 73
38 95
57 93
20 22
7 28
84 21
81 34
24 56
6 44
24 97
14 12
20 4
38 74
30 17
27 23
81 80
30 52
82 54
78 94
0 9
61 92
83 84
2 70
27 69
70 28
47 51
11 41
96 78
39 79
25 57
5 18
72 28
38 8
9 33
56 26
70 60
65 54
82 47
71 64
88 50
30 33
46 17
25 17
94 5
14 14
78 20
87 54
69 49
64 39
49 34
68 70
40 74
12 16
22 16
58 81
86 70
69 81
26 85
12 42
42 58
43 13
37 33
33 49
41 50
51 30
41 19
9 45
75 75
40 48
77 9
37 12
83 32
46 78
7 94
19 96
49 80
39 47
2 33
81 13
69 63
24 4
59 90
75 7
52 46
19 51
96 95
41 43
41 96
18 20
9 20
45 18
42 77
56 10
49 29
27 65
92 7
13 82
87 37
89 43
32 79
92 12
78 28
92 94
82 14
34 31
90 95
49 59
59 45
49 62
77 66
9 55
83 96
23 80
46 1
40 40
23 34
83 47
38 63
94 21
44 38
89 71
89 90
41 89
60 91
74 49
2 45
12 29
85 79
2 89
44 95
82 40
16 61
47 38
16 26
85 7
34 34
52 29
79 24
48 68
35 86
54 92
50 86
92 16
77 92
74 59
84 47
57 40
10 44
48 90
60 66
12 90
6 5
84 91
66 90
48 92
68 10
64 8
72 4
22 54
48 35
61 61
14 3
69 48
60 70
56 1
8 78
67 32
89 80
59 59
68 50
61 2
48 40
47 15
1 45
18 89
88 91
78 52
54 60
54 42
47 32
44 87
76 67
10 82
40 75
17 50
43 38
34 0
37 64
12 55
96 71
39 43
19 76
39 49
27 7
90 68
26 24
98 42
33 7
96 30
33 22
86 38
67 80
2 80
63 37
79 1
22 78
77 33
45 51
85 84
25 70
77 44
86 8
16 41
59 33
33 13
82 65
27 44
85 78
26 84
49 61
96 81
45 78
47 16
20 66
48 55
14 27
52 44
93 83
79 68
65 42
96 62
1 46
29 65
0 94
52 39
36 85
95 48
35 22
74 20
73 55
84 37
25 92
18 78
19 40
81 31
78 17
47 50
57 4
17 90
13 20
7 63
59 36
60 82
89 22
42 57
58 2
85 70
64 17
29 8
17 26
98 29
51 90
19 93
5 29
32 46
79 90
53 82
8 65
12 19
80 59
68 39
57 7
29 5
7 46
8 28
X
68 47
2 55
42 76
17 89
1 90
75 88
41 84
14 58
26 75
88 13
13 70
63 16
10 48
83 10
74 89
27 45
30 5
87 29
75 62
77 38
14 52
62 27
65 28
47 31
3 52
95 40
22 6
0 53
59 17
14 90
79 40
54 46
19 82
35 93
80 94
21 57
95 1
15 52
49 52
47 49
6 82
82 34
0 96
33 94
65 88
79 94
90 97
51 65
58 14
79 33
69 47
18 35
93 23
44 39
42 67
67 93
45 27
57 92
85 91
2 58
59 18
59 62
15 89
14 15
7 66
11 58
93 94
73 61
20 20
90 34
26 58
52 49
35 18
79 89
97 85
69 56
60 25
59 95
7 26
76 91
37 50
40 69
31 17
66 70
5 59
73 56
50 64
38 70
88 66
74 40
50 68
43 8
23 24
58 73
46 44
10 59
77 34
38 28
83 7
60 6
30 66
62 79
28 76
15 1
79 62
58 74
66 96
78 12
10 12
66 50
80 4
77 98
15 74
X
89 50
10 86
58 68
41 1
66 64
12 23
14 87
81 45
78 84
15 54
66 24
91 19
89 23
75 52
28 27
10 60
71 53
4 39
62 72
90 59
12 45
33 36
30 6
84 18
65 76
11 15
37 91
7 12
55 27
68 52
63 23
80 32
21 23
87 23
51 70
51 71
66 55
30 2
90 13
54 5
98 57
94 74
56 24
17 18
38 44
33 31
79 17
68 44
91 58
89 13
65 71
66 88
16 86
2 81
63 94
96 10
X
65 58
88 31
52 92
7 3
97 37
25 55
39 48
39 37
61 90
35 48
36 60
42 89
8 87
51 85
53 40
85 23
50 6
98 91
22 74
19 54
54 16
2 87
56 62
8 90
51 5
46 66
71 46
88 92
30 9
94 39
22 11
40 7
75 34
25 98
64 60
2 98
86 73
1 66
93 53
23 68
16 34
6 35
13 22
7 13
81 47
21 7
28 20
4 7
36 25
28 70
62 16
56 56
95 94
89 52
96 13
92 85
64 95
42 79
37 86
57 44
9 39
20 82
66 54
82 76
15 40
24 80
1 11
98 79
29 1
14 33
7 14
72 76
75 9
66 91
27 11
29 56
42 85
56 45
25 40
7 72
27 43
92 36
7 61
48 91
89 49
40 24
53 89
64 65
88 11
2 76
69 26
45 71
26 52
98 61
21 13
91 68
74 29
83 8
49 11
69 36
83 39
93 76
84 89
14 28
48 17
86 86
81 69
78 33
24 35
45 35
94 23
4 26
77 76
44 17
22 98
92 60
34 40
66 87
7 39
54 4
42 62
58 16
98 7
42 88
50 59
70 56
32 66
2 28
26 79
67 61
26 60
45 87
60 80
16 19
43 85
89 96
66 46
79 28
62 49
26 8
47 69
72 25
56 39
14 34
27 10
18 81
10 35
25 68
67 21
90 38
44 30
29 77
45 95
34 49
X
53 29
78 65
22 76
91 72
57 14
44 78
96 9
86 2
55 48
75 78
72 0
62 81
3 59
41 88
4 85
39 74
7 30
56 4
24 11
53 85
27 49
8 27
45 8
87 56
28 15
33 82
34 82
24 82
95 23
35 72
77 60
48 54
94 81
5 30
18 16
30 19
91 18
33 72
23 40
96 46
17 81
22 55
66 22
60 59
88 96
57 62
70 30
72 48
47 24
74 70
25 85
28 66
55 69
30 51
68 77
37 43
77 20
66 84
75 37
49 72
72 50
91 27
64 2
62 29
35 59
33 67
87 83
61 23
73 74
18 43
85 29
96 68
28 9
49 78
93 81
23 96
52 42
91 43
54 52
76 41
13 9
17 95
59 47
94 57
28 73
50 4
97 68
54 48
57 98
97 51
93 33
38 29
36 41
18 95
27 62
21 54
21 9
34 14
86 52
21 4
45 90
15 24
21 25
24 32
11 10
15 88
95 30
70 97
67 30
17 48
33 89
54 54
80 77
11 76
17 74
97 33
78 59
91 82
65 66
24 15
16 71
7 82
6 87
24 43
40 45
70 66
80 49
22 53
59 10
14 84
63 45
97 90
22 21
65 93
71 58
6 25
37 85
31 28
36 95
28 14
4 72
43 77
28 71
32 85
46 19
95 54
16 49
27 27
43 39
54 10
45 16
49 20
96 3
56 65
74 96
50 54
6 75
91 33
47 80
26 3
47 58
53 73
96 41
26 35
51 69
41 79
66 61
12 84
2 56
23 64
67 92
43 64
31 16
23 6
88 90
19 64
9 95
38 22
86 5
97 93
87 1
79 39
82 66
14 29
10 66
6 65
2 24
15 86
4 93
1 59
80 50
50 23
77 70
20 52
51 60
76 58
68 48
37 28
85 74
34 19
24 46
92 72
40 49
21 39
92 86
37 25
49 53
73 87
3 28
10 54
5 3
4 65
1 52
35 83
74 50
81 10
74 81
30 35
49 24
44 61
32 74
88 67
2 23
11 93
41 83
97 96
43 84
X
86 80
85 34
89 17
44 56
34 89
9 35
53 38
6 58
89 28
96 56
29 32
6 37
98 21
48 39
39 31
83 2
26 9
19 70
54 70
16 47
66 30
85 61
90 98
7 21
39 78
94 54
35 87
82 0
8 7
14 24
66 98
65 46
40 5
5 8
19 21
6 30
47 27
12 66
86 62
33 68
98 10
8 16
53 92
96 48
88 0
44 91
0 73
60 67
57 86
20 69
73 89
47 57
51 21
69 74
93 29
79 47
52 80
97 53
49 58
17 42
65 61
57 12
73 26
61 24
X
45 39
85 32
0 51
88 95
59 55
10 71
62 60
80 46
92 0
32 48
96 43
52 34
86 20
12 34
92 31
34 81
11 49
93 55
20 78
62 77
47 42
61 27
0 14
6 88
55 4
73 29
40 84
91 0
53 6
90 53
50 43
63 57
68 89
10 63
85 66
53 3
19 33
76 85
94 3
85 56
90 43
0 59
6 67
95 71
6 80
8 52
51 24
31 50
87 71
80 98
45 30
81 72
53 53
43 3
90 36
11 18
59 48
17 23
13 55
81 16
67 8
22 73
86 36
45 17
0 82
56 22
94 82
41 58
66 28
5 11
90 25
88 27
17 70
20 40
46 35
4 90
77 10
23 20
72 7
30 97
55 75
41 14
23 18
95 87
37 79
70 45
60 84
37 98
78 87
67 24
11 35
12 2
89 12
30 41
30 85
83 97
64 6
73 25
33 86
25 32
89 57
16 95
60 39
25 29
11 28
39 50
94 9
39 92
40 41
44 33
61 39
74 78
90 1
19 46
7 16
2 26
81 14
63 61
20 83
30 91
22 70
10 83
19 92
69 54
3 66
22 85
70 4
45 92
11 53
87 12
51 53
32 35
89 97
22 56
91 74
54 77
59 3
4 13
95 97
98 24
79 70
11 2
69 59
38 89
88 16
58 33
23 3
67 96
51 48
24 18
11 39
19 42
72 86
26 61
70 68
27 57
91 1
56 6
97 39
67 84
74 54
14 26
50 5
36 87
58 43
77 65
24 47
87 78
55 39
57 95
14 25
48 96
61 74
5 88
62 6
67 91
79 59
23 95
69 2
50 12
24 16
39 22
21 53
68 41
12 83
70 58
37 94
40 53
5 35
26 97
29 89
41 49
33 71
8 9
97 44
5 68
24 20
37 26
32 65
45 94
48 2
66 5
69 52
42 75
82 57
82 52
82 33
79 79
64 45
23 22
26 66
51 89
92 95
46 42
40 78
14 75
25 4
74 95
74 77
87 66
50 92
31 63
22 35
61 1
73 80
18 79
12 21
13 44
44 8
4 9
88 86
38 65
57 68
26 26
9 10
21 67
67 42
60 37
58 38
91 55
35 32
20 54
28 34
96 65
3 5
89 39
14 53
24 21
59 37
20 81
85 85
94 16
52 24
77 2
9 37
64 61
39 66
10 61
56 0
76 79
16 29
71 14
98 64
56 5
28 22
23 79
72 73
3 45
12 48
68 90
8 85
67 47
X
55 12
39 18
16 64
51 76
89 70
78 10
25 59
21 79
64 55
12 11
35 67
45 55
48 47
67 95
33 35
71 76
14 71
77 63
56 38
61 15
35 40
46 52
23 27
12 28
3 57
81 60
45 75
93 71
25 37
93 40
88 24
51 9
66 4
15 51
19 5
72 37
37 67
52 53
72 29
6 71
20 46
74 23
56 85
93 68
76 25
46 3
90 74
47 19
34 50
83 64
89 64
87 15
12 63
65 45
93 28
54 23
19 13
7 88
5 83
65 84
79 83
17 4
56 34
71 44
22 48
19 91
15 69
9 68
80 69
14 83
33 51
42 23
57 53
X
35 45
12 60
20 67
4 68
54 18
7 65
81 49
51 62
26 22
41 20
6 86
85 6
40 16
39 32
69 7
87 16
2 30
53 63
12 40
45 76
56 32
76 65
45 1
76 0
48 16
32 75
84 28
19 52
64 44
26 44
13 29
2 11
38 77
53 16
53 96
68 17
41 62
0 48
35 57
56 81
32 13
42 93
12 62
49 74
4 89
85 62
53 25
70 74
75 29
95 24
49 91
33 21
96 69
43 74
67 40
60 88
85 81
25 62
77 28
95 41
50 41
28 51
78 30
35 46
33 43
87 90
22 9
59 75
92 35
91 97
39 27
16 76
70 13
26 23
15 92
83 60
12 77
76 98
83 89
73 73
21 34
32 54
79 36
43 54
40 89
58 67
68 63
63 52
25 44
69 61
72 74
22 38
47 23
75 40
51 3
59 2
77 1
94 63
19 9
50 89
94 2
94 69
86 13
73 82
20 32
90 93
48 76
70 52
50 87
77 71
79 88
85 10
92 38
31 79
9 46
19 53
23 28
95 86
82 51
14 17
83 93
49 88
6 19
48 80
9 18
43 57
50 82
42 38
92 5
97 62
34 35
85 64
35 91
32 29
83 79
95 92
6 48
10 13
50 80
10 14
75 74
85 43
63 10
50 3
30 77
25 31
86 43
65 18
9 44
6 8
3 53
76 63
2 12
1 29
94 38
40 56
16 40
74 75
65 63
11 66
68 71
6 32
17 19
86 6
35 13
30 50
21 64
40 82
41 90
75 49
15 60
18 57
51 55
36 48
37 11
19 55
23 59
55 7
16 52
0 76
16 33
32 64
64 84
36 40
1 67
44 65
88 7
29 36
93 64
28 53
25 89
18 15
82 75
98 25
98 17
59 65
36 68
77 73
48 6
8 63
13 96
22 29
83 20
61 0
75 17
35 14
7 37
33 23
62 30
9 66
9 36
73 3
21 97
81 94
8 34
27 22
81 30
48 87
79 95
44 6
14 59
53 47
12 91
72 45
23 38
31 38
83 21
68 16
44 53
71 96
27 66
97 4
30 54
86 46
1 15
30 28
69 51
30 56
14 93
41 6
97 22
39 29
24 38
13 78
10 16
66 26
55 14
21 76
9 48
20 25
90 86
74 9
16 96
89 45
45 98
74 31
71 93
3 40
54 3
1 43
45 12
53 84
60 81
5 27
81 79
70 26
9 38
51 38
15 97
11 60
1 57
24 28
45 89
11 12
16 5
48 71
17 22
19 15
81 7
53 66
26 6
29 25
39 56
13 72
38 59
86 15
9 56
54 56
92 30
47 9
73 27
4 59
77 41
77 80
6 60
31 68
18 74
17 73
40 42
5 21
26 33
43 23
31 75
1 95
68 88
87 33
59 4
18 45
61 38
97 66
83 3
79 82
4 35
71 36
1 0
66 86
13 35
12 73
30 24
53 75
23 29
96 14
64 56
8 5
45 31
92 19
24 91
1 70
40 38
26 5
67 43
24 76
44 75
30 82
16 6
14 21
43 32
66 47
89 37
73 44
76 36
77 58
24 98
30 55
15 18
96 53
50 36
48 30
14 94
70 49
85 33
54 93
5 78
77 40
74 86
74 48
63 78
21 85
7 20
15 47
33 39
1 85
54 53
54 94
60 28
25 28
92 54
95 63
70 24
44 46
71 54
79 30
42 16
36 14
44 27
76 60
34 91
54 51
87 84
3 69
23 81
80 12
84 68
92 27
18 88
19 11
85 17
49 67
20 8
63 26
9 40
76 22
49 73
25 12
54 69
39 38
67 58
3 67
36 93
56 89
74 57
38 30
12 10
20 39
68 96
22 59
26 77
3 82
19 78
32 88
37 19
17 13
39 91
29 84
7 38
5 5
63 79
19 60
78 55
0 11
20 75
7 40
65 50
80 55
75 85
39 72
94 60
28 30
62 66
6 89
45 0
2 51
24 41
31 1
94 53
61 28
71 13
42 74
11 43
85 30
9 9
19 41
45 48
63 70
65 10
1 69
10 70
57 80
29 0
70 59
90 94
95 31
8 29
55 59
66 33
29 78
74 63
73 38
82 16
37 90
65 7
72 55
46 71
84 81
24 73
58 3
25 47
19 45
24 60
89 77
10 11
61 40
42 21
81 22
36 71
81 46
76 34
88 26
87 93
41 95
77 87
76 18
25 11
33 91
68 61
55 31
21 93
73 94
84 6
97 21
28 8
52 35
53 48
24 83
84 76
28 28
64 41
90 62
6 20
65 38
56 11
63 98
6 29
93 43
64 7
24 42
67 2
95 5
9 78
48 86
45 80
81 57
52 57
23 30
41 86
28 2
90 58
13 88
95 9
69 64
25 50
79 29
83 63
57 37
80 67
14 86
17 60
13 36
22 66
15 39
26 34
52 54
97 2
11 65
65 94
13 85
41 87
68 92
66 63
91 30
34 69
28 79
26 59
14 11
32 60
17 2
14 65
23 65
40 96
81 19
73 75
5 37
82 1
75 8
67 48
22 40
86 94
72 69
46 40
X
92 40
7 5
32 37
39 20
26 50
67 9
80 3
X
45 54
74 55
70 37
46 87
84 2
72 63
60 17
38 85
5 94
49 44
44 97
97 47
31 47
21 38
47 55
53 23
83 28
26 25
81 95
47 63
98 46
28 21
36 0
83 62
89 0
73 98
73 18
82 87
36 64
87 82
59 28
13 58
52 19
79 38
26 98
52 2
34 70
26 89
63 80
32 67
81 56
8 37
95 79
25 80
42 68
28 19
24 78
71 50
74 24
37 51
36 16
54 40
10 47
83 85
72 13
28 68
95 74
2 90
18 51
49 69
34 45
68 4
1 76
19 58
83 59
64 76
15 62
43 63
65 39
87 67
30 34
47 17
50 81
10 55
15 90
66 17
30 93
41 15
61 57
66 31
55 23
36 83
7 8
66 59
98 85
90 69
47 44
44 32
34 21
37 7
59 64
53 50
5 38
25 24
29 57
74 41
80 71
76 94
11 36
54 36
28 41
34 15
26 21
98 89
42 65
64 40
9 42
72 3
57 75
93 14
11 88
2 9
17 1
12 18
36 92
79 19
13 27
29 74
2 32
24 69
51 10
83 29
17 64
63 84
85 72
5 31
41 23
68 22
38 75
7 79
23 60
43 31
49 77
65 60
8 79
80 0
X
14 2
41 65
78 3
93 92
35 51
74 16
72 22
16 57
29 85
72 34
78 92
61 46
61 78
57 76
39 60
93 39
75 76
74 0
59 73
53 14
37 55
10 1
25 36
30 31
64 62
53 37
10 24
11 94
9 94
6 11
56 46
27 29
54 71
44 84
45 62
62 39
25 77
88 12
35 31
92 74
54 82
25 93
5 56
8 19
3 49
34 71
13 10
23 44
77 93
94 90
10 41
74 80
97 91
96 28
97 71
58 45
96 72
60 3
97 48
71 72
33 75
51 27
0 70
19 69
1 51
54 76
18 29
39 63
60 23
96 2
82 19
43 90
23 8
10 28
80 96
52 62
31 70
37 35
47 64
4 43
13 13
87 73
73 20
5 91
52 89
51 79
73 76
4 34
19 66
36 57
87 76
22 97
79 93
73 60
22 87
48 88
45 61
88 70
31 33
58 78
62 46
46 14
2 52
72 42
33 19
79 3
X
7 48
21 41
55 0
98 34
22 47
2 73
56 72
71 79
52 61
52 79
85 8
33 78
27 47
4 86
6 53
94 13
62 56
12 9
50 46
69 21
55 1
72 1
25 33
17 27
85 98
65 92
39 89
82 13
81 75
40 32
76 54
19 67
4 47
70 23
14 60
90 71
72 61
38 91
62 10
55 83
98 30
52 9
97 19
42 48
18 21
43 73
55 90
92 3
91 24
28 84
80 21
6 16
68 81
61 56
8 74
40 37
21 43
45 63
16 98
45 46
35 37
78 88
85 11
6 78
19 35
7 51
63 28
73 14
5 13
43 95
16 10
13 24
58 55
16 59
29 33
8 66
70 35
64 27
45 88
94 32
86 14
0 58
15 12
39 73
82 6
6 6
40 15
11 1
67 50
3 18
12 74
31 98
39 39
9 65
X
3 73
91 22
40 68
74 76
78 38
8 43
56 23
76 57
7 49
89 24
13 94
47 47
87 17
3 51
39 10
57 96
73 32
47 81
40 55
55 22
15 65
34 47
50 53
25 6
5 7
57 10
39 0
16 24
10 94
94 89
90 21
46 32
38 73
86 32
27 30
24 39
43 82
20 30
35 23
48 79
74 1
15 79
51 19
43 16
54 20
59 72
64 63
87 36
46 20
4 22
18 41
83 17
23 5
71 8
41 17
5 15
84 52
35 7
61 63
50 21
88 49
77 37
4 40
84 75
4 97
48 42
44 92
42 82
48 3
X
21 96
97 23
2 96
86 9
37 78
24 57
95 0
79 7
73 4
14 80
20 15
72 87
93 6
30 20
29 31
57 61
61 75
83 98
27 8
63 53
89 6
92 42
46 80
64 82
22 64
61 66
63 91
5 52
93 22
82 9
12 47
56 51
90 55
40 2
89 65
71 90
14 57
6 66
90 52
3 1
38 25
39 54
31 74
32 22
59 87
22 10
34 48
47 78
52 98
14 35
24 34
44 41
17 11
26 40
58 84
92 88
94 19
13 25
54 59
37 48
19 17
56 90
44 16
34 36
65 56
51 59
70 41
88 45
63 83
3 92
52 48
15 14
56 68
87 14
61 83
80 48
30 69
61 84
91 70
49 30
67 4
39 84
27 80
39 15
69 38
55 70
34 51
33 45
22 96
4 96
72 93
8 71
87 34
54 22
74 7
95 45
21 69
28 40
55 54
92 73
43 68
69 40
27 87
4 63
34 60
7 71
97 65
4 11
98 81
57 3
32 55
23 32
48 14
8 15
35 21
14 85
66 7
12 68
29 66
93 12
59 56
25 97
53 95
80 64
22 61
4 19
10 18
49 49
33 33
14 13
9 98
4 42
44 76
13 73
56 95
28 62
23 36
86 23
78 19
9 97
32 40
93 56
3 83
62 7
65 59
12 39
29 2
21 91
16 27
73 51
53 42
77 55
22 65
41 45
21 22
1 58
38 81
7 95
92 37
57 91
69 98
32 51
28 52
98 4
20 96
21 31
35 81
42 60
20 17
42 44
48 95
89 46
34 85
85 36
46 63
61 54
28 13
22 33
37 30
8 83
22 17
3 15
82 23
94 86
73 13
90 35
60 33
0 20
23 57
79 13
5 65
61 69
94 35
37 42
91 23
65 40
72 44
57 52
46 75
37 80
63 15
31 36
27 61
97 82
24 68
47 10
46 13
57 84
13 71
97 41
89 1
16 65
21 61
27 52
85 86
12 27
79 67
48 70
86 21
98 33
58 79
4 16
47 95
85 59
27 4
78 22
51 78
26 29
18 72
29 30
64 1
36 27
88 57
47 22
67 31
42 69
63 2
16 4
14 97
32 19
22 5
88 63
72 71
74 46
79 49
12 86
4 52
60 68
15 35
70 50
50 90
44 18
66 72
43 22
7 41
2 19
98 93
2 13
59 6
36 39
24 58
54 49
13 93
43 61
79 86
14 66
22 14
26 39
97 79
54 78
98 80
96 63
68 25
75 77
27 1
7 53
12 70
42 91
26 13
63 85
95 32
49 81
78 44
19 34
89 44
58 9
68 84
63 24
12 58
12 93
55 84
36 43
26 10
76 75
68 79
80 33
68 91
6 76
79 32
72 43
90 85
61 93
4 77
76 77
45 7
84 34
14 56
15 42
66 75
49 7
10 69
13 81
29 22
58 60
52 85
78 32
23 93
86 30
29 39
29 80
45 91
38 51
28 29
53 19
38 93
35 64
70 5
14 37
16 89
50 73
9 82
13 46
36 37
39 65
83 12
33 93
83 35
33 65
66 56
82 5
65 41
73 72
90 75
34 22
29 48
56 25
47 61
63 77
95 46
36 38
62 55
72 19
64 75
63 58
85 5
58 59
52 23
82 83
92 51
27 31
41 68
0 57
88 42
57 21
21 44
63 82
51 73
39 16
45 36
81 71
13 7
56 59
38 50
48 65
81 50
22 81
50 28
43 35
8 25
24 3
7 18
20 34
26 55
91 69
23 39
17 55
33 50
22 4
49 86
44 14
87 31
9 34
52 58
51 54
61 11
51 6
89 58
9 26
5 84
23 71
24 89
1 10
8 98
28 77
55 15
80 9
18 91
48 82
3 56
7 68
81 23
14 50
60 64
75 64
47 97
89 66
3 93
55 71
91 75
16 8
39 95
96 94
47 89
75 73
17 56
24 17
35 82
69 39
68 38
57 64
58 17
75 53
46 34
81 89
75 58
10 33
93 7
17 57
65 75
10 91
2 97
13 56
12 79
3 63
30 94
67 10
11 16
2 14
64 10
26 47
86 45
84 39
20 23
73 77
80 2
95 13
35 36
63 66
71 25
2 18
7 11
55 49
60 26
94 93
42 66
50 88
83 69
20 19
66 8
11 23
0 72
89 16
50 66
13 76
12 94
79 63
58 96
33 20
56 98
70 21
27 6
8 53
73 62
27 73
79 64
35 15
84 4
50 39
75 98
85 73
49 27
45 42
48 24
59 60
74 82
69 24
97 32
54 32
93 42
49 68
59 35
93 30
58 72
51 23
76 38
35 41
59 94
70 89
75 81
35 70
98 45
33 46
98 2
43 20
91 83
21 70
80 82
45 86
93 79
76 42
21 65
71 77
17 68
67 88
50 38
30 78
78 78
45 79
58 10
89 63
80 78
15 22
2 88
6 9
9 57
43 79
96 70
73 39
9 92
83 50
X
18 33
7 52
42 12
3 87
47 21
18 2
33 60
43 93
31 29
29 40
77 43
92 53
X
X
38 13
54 24
3 55
11 14
25 41
35 84
29 45
16 53
9 77
24 33
74 88
54 62
17 79
68 31
70 54
64 80
56 7
91 77
88 8
32 18
81 77
15 20
80 25
93 15
X
45 68
73 53
38 87
4 61
37 14
63 27
19 95
8 39
23 17
17 52
86 40
20 45
12 75
25 48
53 44
90 92
88 55
7 67
83 24
71 51
83 77
58 32
96 51
98 15
5 43
79 23
65 37
46 10
92 44
44 49
35 8
29 72
36 36
6 7
63 42
71 94
37 49
75 60
3 72
66 25
98 14
76 14
98 62
43 76
72 94
60 69
55 61
97 94
32 97
4 27
2 47
80 20
61 81
10 89
24 81
66 39
56 83
31 67
81 3
83 80
34 33
86 60
37 18
50 76
58 34
41 44
71 24
60 35
72 9
15 28
72 24
36 20
84 16
20 24
84 57
7 92
33 80
28 7
50 19
64 5
78 53
94 45
64 9
33 79
54 26
88 22
73 88
62 83
9 3
86 88
15 75
10 49
70 67
11 67
35 89
97 8
95 38
12 12
75 57
30 10
33 27
87 11
41 3
85 28
72 96
86 4
71 75
55 6
95 15
95 91
24 49
31 23
48 78
70 57
9 14
2 67
90 23
77 50
52 72
88 87
15 19
68 29
39 77
87 41
45 15
22 75
52 40
53 22
21 12
72 88
71 56
87 2
29 19
81 55
4 80
10 25
92 15
57 28
43 89
55 80
50 71
36 77
58 24
23 31
41 70
73 2
70 38
25 60
36 80
39 25
54 0
90 40
59 39
77 88
7 54
54 57
15 63
35 42
48 41
9 69
75 61
95 36
27 2
1 87
93 59
2 34
15 95
74 71
32 36
44 68
35 85
60 92
34 58
72 46
16 74
36 44
9 11
26 82
39 14
57 24
82 80
2 57
25 49
32 91
79 46
4 12
78 60
91 66
11 55
84 59
1 96
51 57
65 12
74 45
53 20
38 20
79 96
61 67
65 72
78 81
27 68
52 38
17 15
18 22
97 64
5 40
9 87
27 42
79 8
97 50
22 19
53 81
21 27
52 22
57 27
32 15
37 97
63 17
11 75
84 84
11 87
5 17
39 28
46 76
30 18
27 48
69 82
77 84
38 56
62 36
37 46
87 96
95 44
67 78
57 69
15 2
44 11
88 35
47 96
55 25
31 8
66 29
67 29
47 91
74 73
94 10
64 12
30 67
42 47
30 48
4 2
50 60
11 24
72 57
42 2
82 50
93 31
5 6
6 14
40 36
66 42
48 7
56 55
88 56
25 34
1 12
43 86
73 79
19 10
36 91
94 61
56 47
82 89
79 73
62 71
49 79
41 78
82 95
35 26
40 76
98 16
X
20 57
46 8
80 76
93 70
37 89
91 5
23 55
14 63
42 25
39 26
14 95
31 19
11 27
74 84
9 50
25 91
94 34
45 77
2 91
30 60
3 7
49 4
42 14
97 17
61 71
35 76
34 43
37 15
26 43
47 18
94 15
91 38
39 1
50 24
40 35
75 54
72 26
47 98
44 67
79 71
81 98
20 3
30 46
95 27
82 93
46 48
2 54
35 20
4 41
48 97
98 12
53 39
96 31
40 6
4 28
40 52
32 1
87 77
3 39
31 20
46 4
3 38
41 69
11 29
39 23
31 80
22 8
87 53
98 39
81 44
60 74
44 31
48 74
87 20
96 25
12 71
7 81
46 30
17 10
96 50
91 53
34 18
68 72
44 0
72 39
4 48
61 41
75 89
62 62
3 17
49 22
30 8
47 39
61 60
1 92
24 25
63 40
97 81
7 90
98 41
9 58
46 91
60 83
40 39
7 22
79 2
76 59
67 82
5 53
47 76
83 22
20 33
67 54
6 3
12 54
71 92
31 31
84 61
71 73
64 91
20 10
1 18
54 7
44 79
50 8
16 3
52 10
23 73
26 15
45 56
32 33
42 84
22 43
39 96
72 27
50 63
57 72
97 27
95 42
79 91
52 77
21 92
59 82
67 52
38 12
4 32
77 79
78 90
45 59
89 20
18 52
60 0
97 84
3 9
26 4
64 19
59 79
13 74
87 51
12 61
56 92
12 82
18 92
84 50
29 24
64 43
34 37
86 98
86 44
54 43
52 5
36 74
41 5
18 97
2 63
65 5
66 27
23 54
84 88
34 86
86 59
34 87
83 73
80 61
80 14
97 58
54 91
78 16
30 22
3 21
87 5
17 98
54 14
98 38
86 56
91 35
11 74
7 98
41 55
73 71
26 27
40 51
25 25
73 0
84 5
31 69
83 82
65 23
13 47
98 63
31 40
95 76
79 60
82 91
72 18
4 4
1 82
93 41
16 93
39 85
16 14
97 13
39 70
12 65
53 41
87 32
97 15
24 40
69 20
82 3
86 87
62 31
48 73
28 10
16 60
32 14
12 22
20 16
15 16
8 42
8 80
10 62
6 81
0 67
37 31
89 85
94 4
2 48
82 56
22 1
46 43
1 30
4 0
52 96
44 69
64 77
98 8
51 74
15 26
36 84
48 33
X
90 84
84 12
85 67
65 89
93 77
49 76
49 87
25 72
88 18
78 29
70 36
65 52
57 45
82 7
32 21
13 41
10 36
52 75
49 65
83 23
57 5
0 63
66 93
85 19
15 58
41 35
8 75
30 87
93 88
8 10
8 89
1 94
2 61
39 88
86 74
57 20
77 90
81 90
54 2
20 95
0 56
0 87
51 96
18 18
80 66
20 21
55 57
53 27
16 35
34 28
48 36
86 55
4 25
26 20
29 10
12 17
32 78
76 61
21 35
7 83
34 7
23 70
80 23
16 73
17 33
73 83
50 47
92 43
54 84
94 12
96 37
96 20
64 58
45 50
52 90
1 35
21 8
27 70
39 30
78 61
91 94
84 23
39 33
20 98
81 70
74 93
96 39
98 87
38 83
14 61
80 29
69 91
81 83
81 18
16 97
33 55
19 77
22 2
52 81
81 26
89 18
3 70
68 26
63 67
86 64
90 61
76 76
68 37
45 49
77 48
95 95
21 24
18 82
45 85
88 36
97 70
49 3
64 64
20 1
21 62
66 18
7 6
21 56
37 95
60 57
48 11
86 31
95 29
69 31
52 45
35 80
68 78
34 24
20 53
52 25
58 94
58 6
83 88
16 54
50 78
78 46
43 83
61 59
70 42
72 8
57 26
49 54
12 4
46 39
0 60
64 24
82 70
92 62
89 55
14 78
25 69
56 12
62 23
49 96
78 70
50 11
82 98
13 63
55 43
58 86
25 20
57 46
81 78
4 88
50 42
69 44
36 66
28 46
73 7
98 54
88 6
51 58
58 18
2 35
47 43
59 54
58 91
44 28
63 86
39 59
50 52
73 9
15 70
70 81
37 65
32 92
86 85
95 89
59 74
94 0
46 28
59 88
72 65
10 76
17 61
44 47
84 87
73 97
85 55
37 73
61 10
36 78
50 35
12 98
3 23
88 43
98 40
12 88
32 87
40 18
32 93
30 45
15 72
28 67
16 17
72 75
17 72
19 88
95 61
5 49
90 15
43 78
55 60
23 26
65 30
51 40
97 95
25 58
40 20
74 2
29 34
22 22
93 66
80 68
2 72
20 71
15 3
94 31
13 4
38 49
96 96
20 9
32 38
9 51
81 21
36 22
14 16
8 81
30 29
92 66
49 2
16 42
4 73
80 85
39 64
92 82
88 84
67 89
70 9
50 20
42 56
75 71
27 85
80 75
49 66
81 2
35 78
55 62
26 36
3 29
48 52
7 1
44 22
56 79
7 78
62 78
49 70
71 38
42 20
4 24
16 55
20 38
10 23
54 44
89 83
76 56
78 86
42 61
69 66
88 82
26 37
42 81
75 35
54 64
57 9
69 28
36 81
67 44
18 11
96 85
76 40
77 12
47 53
78 67
67 25
24 85
39 36
35 88
34 52
97 1
76 62
41 37
32 77
15 11
90 77
24 37
98 32
62 15
78 83
81 97
47 11
4 66
63 55
28 43
8 11
19 14
23 15
6 93
91 36
9 90
37 61
40 3
45 25
91 86
43 14
79 9
55 26
89 31
41 24
81 12
10 97
82 17
92 34
79 12
93 80
63 36
26 91
6 68
16 21
5 9
82 69
95 28
88 15
21 60
24 45
47 35
19 43
6 52
72 20
17 29
96 24
6 49
10 43
67 51
24 48
86 65
60 48
74 38
77 52
87 88
77 62
18 8
18 73
4 45
55 93
79 20
94 80
85 13
14 4
12 15
2 46
25 26
6 38
68 21
25 45
75 38
38 18
81 6
36 94
65 96
78 50
23 25
87 57
78 24
18 0
85 41
50 33
84 74
90 56
76 55
70 96
28 75
65 33
78 21
33 42
8 21
84 63
81 8
55 67
76 70
36 58
49 89
18 10
8 86
25 7
3 19
50 70
50 50
14 38
50 57
64 42
82 58
38 60
20 56
29 28
38 23
41 63
9 81
50 34
94 76
8 22
60 76
8 35
69 60
19 89
66 92
42 86
17 3
3 89
84 40
56 88
92 41
46 89
21 87
31 66
88 44
43 2
32 0
67 60
20 93
45 5
71 10
29 79
13 91
27 59
8 44
8 46
32 42
87 95
51 43
48 53
73 93
98 95
25 3
49 50
69 46
73 8
X
15 17
95 96
95 10
88 64
80 86
54 96
11 64
63 47
48 66
51 56
45 28
65 70
50 18
19 65
42 19
73 23
79 37
25 35
60 89
85 77
38 76
21 46
53 57
14 5
87 86
1 81
24 67
66 81
42 9
69 25
23 11
84 29
59 67
52 74
3 84
97 0
76 30
74 56
7 17
82 46
77 16
0 22
83 74
76 72
68 56
66 89
84 77
60 63
71 12
79 69
30 53
45 29
60 78
12 43
22 60
24 27
89 34
63 93
55 45
80 28
48 57
85 65
28 3
89 5
5 34
64 66
26 49
11 70
44 24
92 55
22 77
30 90
96 21
18 44
28 1
5 89
67 16
6 36
56 73
43 10
9 86
13 38
32 59
32 39
37 52
37 20
74 43
91 85
78 58
57 83
9 71
70 7
69 93
85 9
43 88
42 45
54 19
93 89
69 57
67 38
44 93
53 93
20 51
63 49
24 50
10 90
35 29
X
53 49
5 39
11 92
75 94
15 37
71 97
49 63
53 51
30 83
87 24
35 95
21 33
41 9
66 6
3 71
42 90
63 41
14 81
77 61
84 20
84 25
54 80
12 53
4 82
64 93
25 66
78 93
8 18
41 39
54 88
81 33
88 33
5 64
39 35
62 92
41 93
3 68
10 15
63 6
38 48
77 30
54 37
81 92
33 34
29 76
2 65
49 82
4 64
87 0
63 1
38 34
55 72
16 84
48 21
29 3
74 79
14 70
43 92
95 25
86 61
23 45
65 95
71 33
59 93
21 78
37 23
32 26
30 74
6 54
61 72
11 13
82 49
67 76
33 69
86 11
57 41
46 55
21 19
6 83
57 38
35 43
30 79
92 59
73 81
57 82
50 45
9 84
82 84
11 17
92 81
49 36
48 15
59 22
9 72
21 15
72 32
14 36
29 44
20 77
96 47
24 44
10 3
79 31
96 86
72 2
17 49
70 91
75 0
95 98
49 71
4 15
85 63
15 15
9 59
49 90
74 39
57 11
88 14
91 56
76 20
80 87
49 41
89 98
12 37
83 4
23 13
26 53
80 36
76 12
35 74
68 30
53 11
58 90
68 12
0 66
46 36
77 64
66 3
42 3
28 85
15 5
44 83
79 22
76 16
28 17
83 25
83 75
97 40
87 79
69 5
34 72
53 69
93 16
8 13
16 77
32 28
54 25
17 24
43 71
0 81
96 55
29 96
90 42
59 11
68 40
44 57
64 71
21 40
35 24
26 87
98 0
51 64
46 7
29 9
90 72
6 96
12 13
83 83
35 77
21 55
93 11
56 58
91 7
37 76
14 9
12 64
92 96
47 87
13 11
80 79
73 31
55 33
87 22
75 22
41 54
48 81
87 40
5 41
93 69
95 47
X
97 57
70 44
X
30 26
X
93 91
33 26
39 68
54 21
X
86 3
41 38
39 97
29 4
74 21
98 71
22 30
X
X
57 90
X
1 27
15 53
X
X
27 90
X
X
X
X
47 7
34 95
X
27 58
35 39
30 43
X
15 91
38 31
X
77 45
X
X
79 5
18 5
83 40
71 34
X
4 51
12 46
68 42
8 30
53 28
76 53
X
X
20 62
33 87
X
28 80
9 67
X
23 2
61 29
38 58
X
32 2
20 70
X
X
19 73
46 33
96 11
60 56
X
X
52 56
77 56
80 1
X
X
20 72
61 85
76 87
X
53 80
68 80
X
X
94 27
60 86
X
X
36 72
95 70
X
40 12
5 20
X
47 52
X
16 81
89 62
56 31
X
X
8 57
X
X
X
X
X
X
91 4
X
X
58 4
X
36 49
25 30
13 79
32 3
X
X
67 81
1 64
X
30 15
X
12 7
94 70
X
X
X
X
X
5 87
36 62
0 69
15 27
10 67
X
82 20
11 72
X
21 21
X
59 40
61 26
X
X
11 61
31 71
38 37
X
41 57
1 72
X
X
X
X
44 48
78 35
69 22
X
97 92
78 15
61 47
X
X
X
X
26 12
56 42
X
57 51
X
88 53
X
73 35
X
X
76 71
X
X
8 47
92 22
37 87
57 34
36 50
75 21
X
45 37
13 89
X
X
X
10 93
7 4
31 25
31 26
10 68
X
X
41 10
X
68 98
6 84
X
X
85 20
X
X
28 72
15 71
18 28
X
44 90
61 53
24 53
X
28 58
X
X
X
67 70
23 7
75 46
23 72
1 19
63 76
56 29
41 75
36 86
X
53 45
7 2
95 14
X
20 58
X
X
X
X
18 19
24 26
38 68
28 42
69 72
27 74
X
35 49
X
94 77
14 18
31 2
51 86
76 24
27 14
51 51
81 48
20 42
86 37
X
17 5
49 12
27 21
60 85
X
42 36
X
61 36
6 85
53 18
X
91 98
83 94
X
56 94
X
74 92
X
18 59
X
17 84
X
X
62 93
98 50
86 54
X
49 14
76 23
X
96 45
X
97 67
X
27 39
63 75
88 83
59 66
X
X
X
2 0
63 25
58 85
X
17 14
X
4 69
X
92 70
X
21 17
X
79 15
X
X
X
X
X
1 68
65 17
X
X
67 57
22 44
X
38 0
63 35
X
X
60 29
72 47
X
3 32
X
X
X
X
67 77
X
X
37 66
55 82
3 12
54 63
69 90
X
X
X
X
47 70
X
36 45
7 7
91 34
13 40
X
50 7
52 6
X
77 17
15 34
58 7
72 72
80 54
X
83 61
5 90
48 31
8 40
X
X
X
77 89
X
X
56 9
X
X
X
X
X
X
X
77 21
6 42
X
X
X
X
74 64
X
X
64 96
92 92
44 54
X
X
X
X
X
X
11 54
X
X
X
87 35
X
84 78
21 29
91 92
X
X
X
86 53
25 53
X
X
55 5
X
95 78
50 62
86 41
80 47
X
X
5 61
71 7
X
X
31 93
X
X
X
X
61 89
10 32
85 51
X
39 57
45 82
51 4
X
52 73
13 86
39 21
X
52 91
0 68
34 41
X
52 51
78 14
94 44
X
7 80
X
X
X
X
X
47 6
X
82 74
63 7
64 49
28 49
5 33
X
98 68
X
1 48
X
55 88
27 78
34 65
X
32 41
73 86
X
X
X
44 96
X
X
27 41
4 71
52 18
81 96
X
71 32
X
31 32
54 83
X
23 90
42 24
27 60
X
6 40
X
X
13 77
31 57
66 83
53 61
X
28 50
27 34
X
36 73
X
40 60
52 60
X
70 31
X
26 73
X
96 36
22 95
X
4 76
82 73
78 79
X
67 41
X
5 97
77 91
55 85
X
23 37
X
X
X
X
69 55
X
X
40 77
X
31 39
X
X
90 17
74 87
17 40
X
90 46
17 7
X
X
81 66
X
75 91
20 14
94 55
X
X
X
79 10
34 88
13 23
18 62
14 88
X
X
50 72
X
X
X
42 63
71 52
32 31
X
44 58
X
6 98
9 60
80 65
X
83 67
48 60
33 11
77 69
6 21
X
39 82
69 83
90 26
39 90
X
48 50
20 41
X
X
X
87 44
43 1
75 30
8 96
X
39 11
70 80
41 48
67 45
X
60 53
X
X
30 39
X
86 83
22 13
X
85 80
3 27
X
73 95
X
73 43
X
87 43
X
91 20
31 92
64 59
X
13 59
65 8
X
X
55 46
70 32
11 91
18 27
24 6
17 6
98 78
X
51 34
6 26
X
43 62
12 25
X
X
64 72
57 23
46 64
X
8 49
42 10
42 78
X
26 41
X
58 57
21 72
26 76
X
87 49
59 96
X
9 25
67 22
83 26
X
13 61
56 33
X
X
61 65
73 59
X
31 94
59 92
21 28
11 8
X
X
X
53 74
0 95
35 62
27 83
X
91 44
X
77 24
5 51
X
91 63
29 37
67 26
21 2
X
X
80 22
42 7
X
X
X
58 21
X
94 83
X
80 93
46 18
52 21
76 66
27 64
X
47 59
11 22
X
2 86
36 30
X
70 8
X
4 50
55 79
29 81
X
X
X
55 32
X
X
X
40 9
X
X
76 78
81 25
X
X
X
X
10 84
39 17
81 86
X
58 80
X
24 94
X
X
X
X
X
18 65
42 5
69 68
20 73
18 71
43 53
44 50
96 32
65 65
X
X
X
X
76 28
88 2
X
X
54 90
X
40 23
84 1
X
87 7
18 75
X
X
X
48 77
23 75
X
30 86
74 53
X
56 69
X
X
39 45
X
86 18
X
94 37
X
X
X
X
22 42
90 63
68 24
X
13 16
48 56
X
95 39
30 37
14 7
88 28
4 3
93 27
X
94 92
62 88
75 33
X
25 84
X
X
X
5 74
73 16
87 46
60 71
90 70
0 98
8 91
93 78
11 33
X
X
72 89
94 46
67 55
22 69
19 80
X
12 6
96 89
79 61
X
33 17
X
X
15 96
X
X
85 35
X
X
70 46
19 57
95 77
17 54
11 56
33 38
X
91 16
14 19
X
X
29 97
58 54
54 38
85 16
X
82 48
59 38
40 25
X
35 92
83 86
X
X
X
59 71
66 37
2 59
87 85
11 59
29 68
65 69
63 38
15 10
0 15
X
X
X
X
X
X
86 42
87 38
33 66
10 17
15 64
47 28
79 84
X
X
31 86
29 75
X
56 52
X
62 51
X
70 95
X
75 72
67 74
X
X
X
28 57
98 31
X
54 58
30 30
6 94
95 65
8 93
38 33
X
X
33 18
X
3 30
43 28
17 91
X
X
X
X
71 70
X
97 43
X
X
X
X
X
X
X
20 27
69 53
1 97
57 73
39 44
X
74 22
X
8 12
X
27 82
51 50
X
X
28 74
35 10
X
17 20
79 87
X
4 94
X
30 98
X
X
36 52
X
28 91
X
X
96 57
50 48
82 31
X
X
49 57
27 98
X
88 41
X
X
X
80 45
45 43
X
X
70 20
X
61 77
37 77
X
X
29 50
54 86
47 60
67 39
83 95
X
24 84
X
37 36
X
X
90 0
87 3
X
66 40
56 87
X
75 51
43 94
84 65
X
X
6 90
54 1
95 64
X
X
57 33
17 96
48 45
65 48
X
35 19
29 42
X
55 19
X
28 78
27 91
46 21
X
24 95
X
17 17
X
52 52
44 37
X
14 69
X
96 49
65 90
X
X
78 31
53 17
5 55
X
X
62 25
X
88 5
X
81 85
24 59
53 65
43 59
33 64
58 26
80 30
20 55
X
X
44 60
26 78
X
X
16 92
X
77 47
96 26
X
15 77
66 34
43 37
74 8
X
10 21
10 37
X
82 25
98 51
41 67
94 59
77 13
35 63
X
48 85
76 93
23 35
2 49
X
13 33
X
13 87
X
45 24
X
42 95
19 71
45 40
87 80
28 83
89 53
X
X
85 52
4 49
X
79 75
87 52
X
X
13 14
83 38
X
37 92
X
36 88
65 62
77 67
X
7 10
X
38 1
39 51
12 1
90 76
X
X
11 86
8 50
X
X
X
90 65
78 82
5 10
X
X
X
85 25
53 59
21 94
66 66
X
X
79 14
41 92
51 25
X
90 51
77 51
17 16
X
X
X
62 9
80 92
97 59
50 79
X
X
X
X
X
11 69
65 49
8 41
X
X
X
23 47
X
X
84 79
0 50
24 36
X
67 63
X
X
24 75
X
26 28
39 53
X
X
50 67
X
X
X
X
X