104 37
104 61
28 52
176 117
79 137
63 176
124 176
143 144
131 39
12 11
16 137
99 164
123 160
163 106
187 138
166 155
143 102
143 68
28 116
100 175
136 16
11 9
X
139 94
133 112
139 16
193 21
75 65
192 90
150 75
X
66 20
105 47
5 193
146 120
84 99
181 194
30 98
167 192
152 169
86 10
26 80
75 133
132 154
121 75
34 110
131 38
63 192
80 16
98 68
37 89
53 188
193 46
181 181
23 182
169 146
94 85
19 123
146 56
112 142
124 23
164 5
12 85
162 115
39 192
148 52
16 178
4 165
93 108
55 76
73 60
174 31
X
92 91
11 79
141 197
44 119
183 50
113 8
14 191
136 109
49 192
63 147
95 53
76 89
91 155
192 182
96 164
52 32
118 91
79 121
183 27
126 182
196 96
121 104
74 159
38 56
X
79 76
143 53
56 62
128 67
23 33
77 56
14 76
179 184
23 84
152 20
75 139
39 39
38 42
125 80
138 16
158 61
10 84
138 91
67 182
31 56
189 22
12 67
155 101
113 10
76 34
101 111
112 138
113 100
66 172
133 98
27 139
149 67
44 124
118 92
81 32
118 69
156 154
142 103
157 136
18 175
119 186
141 174
101 5
35 54
146 119
89 2
121 108
143 52
7 52
165 87
53 24
41 30
158 49
44 46
X
175 104
147 184
7 117
142 57
2 93
96 156
6 98
84 93
69 102
157 57
69 75
27 81
169 197
191 37
156 5
46 66
X
116 47
183 154
144 150
46 123
76 160
29 187
13 88
39 91
30 26
21 153
165 169
183 30
124 31
57 21
182 29
97 113
23 26
54 126
103 48
131 42
172 28
142 40
88 70
97 30
102 134
71 149
144 41
30 5
10 128
2 133
104 97
117 39
151 137
144 105
12 139
130 63
56 136
148 53
39 16
141 90
X
154 57
X
X
75 121
113 139
41 50
44 50
96 81
25 83
14 48
23 68
169 101
185 73
141 122
191 46
142 15
23 165
162 82
160 50
26 114
55 119
93 122
107 190
72 126
74 81
191 48
166 174
150 20
134 38
87 155
68 56
157 3
129 188
126 176
160 137
178 78
80 127
32 31
138 98
77 98
16 154
34 77
111 100
191 78
56 139
27 51
13 53
99 26
179 51
103 68
117 91
3 141
188 165
X
102 69
37 90
149 89
X
78 51
99 108
171 183
18 115
31 192
27 78
42 86
192 186
176 82
13 13
7 71
171 145
175 97
1 162
29 40
9 132
183 192
165 181
145 65
58 89
28 123
181 196
193 113
22 141
46 106
159 130
189 39
15 133
109 13
171 28
27 85
112 121
17 179
44 133
186 68
23 36
186 154
76 5
32 193
131 41
159 74
53 23
192 183
95 62
42 40
180 30
104 158
26 49
51 47
67 33
110 179
27 171
146 117
84 102
98 88
157 191
121 144
13 142
74 57
139 162
20 32
172 192
85 84
127 171
70 46
6 62
122 104
125 59
154 56
110 163
7 48
X
171 19
59 5
113 12
175 107
96 12
162 130
9 130
162 41
X
52 117
25 15
158 120
100 24
5 191
151 37
160 8
144 148
105 25
85 95
56 36
107 13
27 75
190 77
53 180
164 171
110 85
87 58
126 51
X
17 125
46 119
137 20
170 41
157 106
41 180
123 10
69 50
68 60
48 50
8 104
113 101
105 142
57 73
11 166
122 112
33 155
179 82
163 108
132 109
13 131
97 107
48 110
39 112
158 15
54 173
100 15
83 74
155 2
65 35
91 24
67 180
104 59
X
22 18
65 50
64 14
74 131
46 37
71 71
71 60
25 43
42 179
176 130
19 167
12 74
171 61
169 20
33 95
70 6
31 127
176 17
70 91
62 180
93 136
28 148
123 57
122 132
171 191
117 67
109 113
110 73
41 156
61 13
75 98
13 102
56 152
47 48
179 54
184 27
5 25
108 88
151 31
79 4
175 163
141 91
156 196
29 41
42 19
181 121
35 139
76 87
9 131
152 165
79 29
134 21
X
169 181
51 23
85 161
41 88
119 162
108 187
172 32
117 162
151 167
162 86
173 53
97 69
38 39
104 164
24 120
13 38
154 134
77 49
X
21 68
127 85
101 195
180 2
69 89
84 164
91 120
23 61
10 48
103 160
118 140
64 31
126 24
156 191
64 95
139 76
103 163
141 164
83 141
3 183
42 36
35 56
69 6
31 49
25 123
38 29
126 70
94 69
134 71
122 15
190 166
46 68
X
63 8
X
X
22 138
106 182
161 116
194 52
X
15 79
X
182 5
51 43
105 27
26 120
143 150
12 38
13 73
181 71
66 11
183 153
116 176
55 78
92 113
25 127
68 16
130 188
123 74
X
21 84
116 177
89 193
143 33
179 102
123 129
49 44
43 158
76 162
191 193
111 132
137 114
125 27
72 67
143 106
88 27
27 96
X
176 194
84 98
155 9
70 86
47 3
71 106
155 38
14 140
58 61
163 115
100 149
176 97
149 30
X
68 172
128 183
26 83
79 119
169 60
118 193
32 89
75 80
53 100
180 186
27 98
180 77
176 158
166 83
40 86
78 122
96 67
16 105
24 117
92 120
X
52 153
151 177
168 133
84 105
81 58
152 17
7 46
50 190
111 138
28 49
89 59
137 149
50 88
38 43
144 188
56 86
23 34
187 168
124 149
16 106
29 146
103 99
40 63
180 190
152 182
X
159 107
79 74
165 197
87 99
80 54
130 31
176 62
70 126
183 48
39 70
112 120
83 48
168 132
147 150
98 14
X
120 13
126 3
40 194
58 58
54 47
24 138
70 8
25 147
80 56
X
148 68
42 121
189 8
153 90
3 41
X
52 176
88 53
90 145
27 84
X
109 19
162 39
23 134
91 184
28 80
40 62
118 47
172 12
66 175
48 10
51 27
94 42
31 7
5 154
54 115
130 191
138 9
55 136
65 103
102 7
55 181
76 32
89 4
86 29
79 12
120 41
159 127
158 36
143 40
70 57
10 26
8 72
178 117
135 98
94 189
57 139
9 52
132 191
188 36
124 71
75 135
193 126
176 83
X
191 194
192 142
75 64
106 75
121 59
139 103
187 18
X
41 86
89 57
98 174
X
102 106
75 174
144 31
26 47
36 20
109 73
141 9
4 163
56 24
125 122
117 40
95 140
118 105
106 124
56 155
44 36
X
143 83
X
189 194
71 139
52 103
61 146
X
7 60
X
24 15
19 115
154 92
103 152
7 77
188 35
10 47
36 103
53 7
194 183
134 104
57 78
112 179
X
154 146
45 39
180 81
173 21
135 139
134 146
127 35
52 158
133 56
155 144
96 14
93 89
172 160
110 32
195 3
78 119
51 80
30 163
55 195
85 105
37 73
188 118
167 197
102 107
93 121
140 10
56 89
120 39
189 76
108 113
140 70
134 171
68 37
143 31
61 181
X
145 33
159 95
X
176 143
141 180
41 147
143 147
5 139
X
62 61
20 17
163 94
23 40
79 31
144 197
53 179
58 62
15 76
53 29
147 170
104 111
64 75
122 56
66 77
84 94
100 147
12 152
11 40
33 30
143 57
74 83
125 11
36 77
20 152
126 46
129 45
184 195
80 12
12 133
105 97
111 149
53 14
5 119
159 63
88 167
66 7
120 129
76 105
106 18
66 2
80 142
134 70
179 31
31 160
165 82
172 161
188 41
39 144
41 27
78 58
193 82
78 98
18 178
92 51
120 140
99 130
11 91
156 144
126 1
178 154
29 28
159 154
59 6
72 66
19 188
24 78
109 98
75 175
41 70
130 161
11 176
142 181
75 108
91 154
146 76
62 62
X
97 100
123 56
23 9
141 72
156 10
32 195
156 61
89 56
125 79
162 120
164 170
X
16 175
133 132
145 54
32 155
116 143
57 140
101 108
2 39
182 181
16 155
14 116
89 1
14 53
57 85
148 132
90 196
27 45
22 104
75 1
28 27
134 148
101 149
36 148
135 150
22 101
93 129
164 86
48 166
105 180
169 29
4 130
151 93
19 191
118 191
179 92
51 141
81 31
124 56
148 134
X
72 59
56 114
103 50
X
65 19
160 20
167 61
7 88
129 164
76 174
125 23
98 54
X
90 104
121 107
91 133
169 50
22 134
125 37
147 52
191 118
94 129
50 125
193 86
29 148
8 146
24 129
158 63
127 123
60 155
127 100
193 188
110 17
48 171
115 52
155 43
109 99
134 192
166 152
68 134
75 63
42 181
189 165
61 162
74 189
160 192
63 155
191 21
13 89
160 15
35 31
159 94
63 48
144 180
X
136 131
53 175
92 62
120 14
X
52 187
18 74
127 111
128 47
136 129
X
141 162
148 114
177 28
75 119
66 182
29 150
51 115
65 171
3 190
21 34
81 56
62 97
187 141
179 2
84 74
56 67
183 123
172 107
186 65
88 35
183 177
111 75
189 12
175 164
58 138
115 163
129 91
187 170
X
152 95
67 40
90 103
165 2
151 41
13 80
44 77
161 21
179 59
61 130
111 140
147 188
126 48
29 26
X
86 105
71 134
63 47
25 150
70 106
160 31
104 174
104 110
70 166
86 113
155 42
178 158
179 17
189 65
161 32
122 85
44 179
28 76
98 147
91 157
84 75
191 177
55 16
133 192
38 126
89 7
77 13
57 187
56 137
186 100
71 39
106 49
170 39
153 82
170 90
85 19
138 111
X
132 63
132 163
107 84
75 131
179 16
148 171
115 27
45 104
19 119
19 153
109 118
165 86
100 167
29 116
118 80
36 169
42 63
140 153
129 71
191 10
152 88
X
95 67
56 84
138 44
76 90
125 38
167 158
147 64
165 60
52 147
71 88
X
91 158
75 165
131 188
172 31
8 74
88 114
45 67
129 1
126 170
104 33
61 95
39 29
40 165
X
110 141
174 32
107 124
105 161
100 134
129 179
159 57
195 5
52 119
X
42 116
99 195
X
29 118
119 191
92 40
169 19
121 41
97 15
17 77
16 107
42 5
110 169
190 171
41 74
71 89
56 164
157 138
173 12
6 22
8 30
X
93 64
154 95
183 109
105 57
49 43
118 90
44 137
152 82
29 108
34 76
49 89
27 136
5 27
166 183
183 136
93 183
73 56
63 188
124 87
6 133
33 184
107 71
4 95
176 197
8 52
23 14
149 92
40 166
114 84
183 190
123 108
89 54
86 168
130 182
59 85
99 158
10 46
19 63
167 194
168 61
114 24
61 144
26 170
57 77
169 59
147 19
95 52
128 91
X
161 77
141 147
64 74
98 92
105 99
15 190
161 13
169 47
174 28
151 168
30 193
177 194
X
173 188
95 97
148 95
X
X
121 158
5 130
165 115
165 4
121 79
X
148 168
164 168
103 60
124 13
100 148
169 49
124 113
129 51
20 187
161 117
166 88
108 39
106 142
77 186
102 176
51 138
8 147
175 172
45 2
28 43
38 50
56 85
125 12
169 106
33 7
110 55
151 18
65 117
53 118
174 162
25 67
23 16
15 132
13 54
174 76
184 139
60 8
66 1
41 166
176 155
34 26
105 39
121 74
46 36
66 73
89 173
68 114
21 9
176 172
82 49
72 139
78 102
94 67
181 123
13 128
23 35
136 127
5 26
43 44
77 39
98 167
88 197
45 86
65 102
107 120
23 5
169 18
49 150
51 40
186 88
10 50
13 27
38 127
165 118
88 145
117 10
142 59
78 49
62 15
22 9
11 149
143 148
63 162
167 183
194 50
27 173
X
X
191 4
126 13
X
136 73
20 9
52 144
80 13
29 47
164 154
20 63
96 66
70 48
6 140
78 81
79 16
134 98
29 97
75 134
136 177
68 59
138 103
148 78
165 178
56 187
141 52
75 105
43 133
62 60
126 91
74 134
21 147
110 139
6 185
2 193
56 134
79 177
167 177
51 135
179 69
167 161
61 58
84 20
69 168
60 127
167 188
144 102
51 113
163 174
25 139
100 5
31 155
188 175
25 191
99 134
181 124
33 160
32 63
44 113
189 174
5 192
134 170
89 176
97 156
51 124
38 28
63 130
128 71
145 52
64 163
87 109
13 52
X
126 35
83 46
145 131
49 3
71 131
30 148
156 179
39 145
177 32
140 156
10 146
169 188
X
98 50
100 28
110 84
160 61
103 92
100 165
172 38
162 190
152 56
52 70
25 78
66 49
X
X
X
155 13
85 143
5 59
195 113
43 135
X
31 33
74 101
16 24
81 77
26 195
56 106
55 53
46 65
189 172
104 108
126 14
135 130
150 181
135 173
3 178
108 73
106 76
7 73
96 167
79 178
174 77
135 126
31 87
X
X
18 116
78 29
111 31
161 94
15 24
188 154
181 101
130 64
180 157
182 91
147 93
130 52
70 16
133 111
192 39
122 26
46 83
185 75
88 54
162 152
121 77
175 105
53 124
77 54
69 131
14 179
109 15
29 106
70 36
132 104
148 149
152 54
140 16
81 88
7 171
189 142
65 71
192 18
149 29
101 63
4 21
76 91
148 103
33 53
91 25
111 76
97 112
125 47
107 35
147 117
175 169
161 169
183 179
58 83
90 167
12 5
118 24
X
193 78
170 48
42 50
99 12
187 22
91 182
70 164
108 157
103 47
110 14
81 46
138 72
189 160
146 130
158 41
65 48
11 4
71 191
118 144
179 28
71 4
28 50
168 160
135 175
140 183
34 20
114 95
171 106
88 105
87 145
193 180
88 69
164 82
81 2
139 99
194 2
70 3
151 16
75 138
115 49
185 151
151 165
157 70
84 104
106 63
69 115
99 8
34 138
174 197
160 9
153 37
141 173
157 72
121 42
127 120
35 108
84 101
53 195
5 173
77 45
87 81
X
13 136
35 77
16 51
157 8
36 144
83 4
102 99
118 37
51 139
176 80
46 85
69 170
90 42
79 32
48 165
74 93
109 122
51 154
96 54
90 169
21 60
143 58
104 172
170 121
100 193
8 62
145 32
180 122
194 180
78 126
39 175
30 87
78 109
41 2
25 46
67 157
88 68
14 39
124 60
160 10
88 99
192 11
86 59
121 187
41 160
124 45
129 46
9 50
83 86
101 19
129 48
149 6
194 60
24 136
26 45
3 91
155 142
38 55
56 167
97 108
74 147
137 176
66 178
168 46
8 46
53 191
72 150
X
5 101
X
X
189 79
174 154
146 123
190 118
40 70
194 97
29 186
150 6
179 60
38 36
142 106
138 96
132 115
4 148
161 78
11 88
76 86
192 41
148 181
77 83
188 176
169 74
156 155
155 4
91 4
179 185
34 56
94 81
4 151
99 154
195 129
31 103
72 185
X
190 106
160 74
X
50 158
24 114
9 101
31 109
161 110
103 141
21 24
51 78
179 39
127 176
131 192
X
87 93
76 27
121 142
143 39
179 18
92 175
71 132
119 37
69 72
10 28
138 95
56 153
137 89
13 70
129 156
36 147
108 124
54 14
107 17
105 153
86 84
128 4
109 157
66 180
181 186
91 92
27 127
186 90
99 153
134 191
161 136
49 2
55 7
127 113
27 172
43 85
67 105
2 191
164 118
X
107 123
93 23
16 71
67 46
145 150
197 182
41 10
138 161
139 101
71 138
52 167
91 64
103 97
169 192
170 133
195 4
10 113
139 45
110 167
4 164
13 76
42 10
141 40
156 57
120 148
38 184
122 111
169 103
117 42
179 109
53 54
121 140
104 109
139 72
10 52
51 74
45 7
67 121
141 70
123 176
21 5
113 27
16 191
55 40
159 101
170 28
55 21
24 183
51 171
177 76
68 45
50 113
54 136
X
50 150
146 18
74 67
25 51
105 164
136 24
161 134
179 80
21 27
125 77
87 30
104 133
30 29
62 182
94 89
85 32
50 74
1 40
56 192
29 189
112 189
36 149
179 83
94 192
X
53 113
173 20
65 11
178 131
9 166
17 74
140 173
177 143
4 146
122 25
137 95
181 179
73 63
7 174
34 190
99 176
85 56
126 130
111 113
79 49
104 147
63 95
190 174
181 117
95 30
85 154
130 24
8 153
5 174
145 134
35 184
61 192
169 62
13 191
19 19
53 154
142 194
76 39
63 171
162 127
6 60
52 115
176 138
174 164
168 48
128 45
122 123
X
192 158
42 166
10 14
193 193
51 136
161 96
156 62
90 101
44 49
51 24
108 38
137 9
133 144
189 104
165 85
50 171
141 161
98 111
121 121
X
55 67
81 33
98 53
117 24
161 174
157 153
34 27
146 122
86 158
194 86
124 124
41 162
122 151
108 72
164 158
97 194
4 75
16 93
151 9
85 163
20 119
158 124
120 11
76 185
148 90
176 61
11 6
162 153
136 171
13 179
24 12
41 91
91 51
169 141
49 189
158 8
55 15
106 127
24 141
29 138
12 105
178 81
190 51
147 67
168 91
59 83
125 86
55 33
53 141
157 145
55 108
34 104
31 124
18 125
36 110
120 67
125 67
138 156
45 41
49 88
102 28
128 31
125 36
191 8
132 169
52 75
135 123
67 17
147 132
74 97
8 12
126 125
3 43
107 179
169 102
144 181
49 187
145 191
33 123
96 166
110 158
17 5
150 169
190 119
32 110
150 117
169 28
65 120
X
78 99
107 39
132 131
38 185
155 191
193 22
32 186
154 72
8 110
41 95
83 73
106 140
53 173
166 103
84 143
29 45
13 12
122 29
99 113
195 145
36 145
157 69
12 148
50 78
131 159
49 106
78 47
101 189
93 113
175 95
X
X
76 189
71 38
135 171
7 173
25 44
57 109
44 10
170 134
X
77 80
X
116 140
28 171
44 43
169 51
159 10
115 24
150 164
10 11
158 33
X
42 128
107 70
X
103 88
9 99
67 177
144 184
126 109
125 97
170 72
130 159
44 135
188 13
43 50
X
142 30
162 154
6 26
122 28
137 77
1 22
35 144
107 180
110 31
X
25 41
192 126
147 118
194 56
21 83
179 158
74 80
128 30
71 73
52 76
10 147
89 10
26 53
3 21
93 69
65 36
100 16
6 46
150 31
X
105 154
192 38
41 116
11 2
33 192
193 4
193 118
28 13
182 50
141 93
123 174
X
X
40 124
X
102 175
45 6
28 12
171 20
165 176
124 180
35 185
151 43
160 12
40 164
189 14
161 30
28 46
147 143
119 187
192 10
147 159
57 179
190 102
54 24
19 156
148 170
122 126
X
70 17
100 7
92 177
182 179
134 39
98 7
X
161 167
42 75
106 143
104 182
160 167
74 60
31 5
52 51
51 120
161 172
67 32
170 74
26 12
40 144
178 18
42 123
130 69
13 132
147 102
179 27
182 177
159 106
120 163
41 4
28 81
76 81
29 104
166 135
54 36
56 151
85 35
112 132
127 170
24 115
192 178
125 57
81 47
159 168
50 79
192 32
27 134
52 120
26 181
90 189
31 28
108 167
13 57
104 72
X
87 27
62 95
103 180
147 189
119 43
158 32
182 35
125 52
110 57
183 152
X
165 90
13 46
55 24
21 63
172 41
143 119
168 120
190 116
191 188
64 172
104 49
125 35
4 71
153 179
86 111
142 37
63 50
119 163
55 35
137 139
176 157
115 86
69 73
180 90
137 138
16 42
1 176
42 70
177 83
17 52
164 59
145 29
164 169
106 17
13 15
160 174
188 8
190 168
139 104
107 162
172 65
142 29
168 60
X
173 194
7 87
186 167
71 146
162 122
2 132
73 86
30 91
13 47
77 122
30 190
147 57
34 33
170 183
159 173
X
190 178
158 123
83 70
178 133
109 110
124 145
130 4
162 195
82 50
53 190
180 48
X
74 166
90 53
174 27
174 155
161 106
87 18
39 31
120 133
109 133
170 89
55 47
74 162
53 182
38 37
89 170
107 19
44 44
140 160
87 83
102 19
120 15
106 55
59 130
59 89
104 101
103 125
111 122
165 76
145 40
187 167
74 34
188 73
7 98
16 67
161 83
123 173
169 48
178 27
28 147
105 190
97 81
189 126
127 86
11 177
24 40
X
83 3
9 100
40 29
162 174
178 95
175 76
120 145
68 72
124 10
136 74
155 84
175 197
142 38
123 104
163 82
35 110
181 30
99 149
48 167
70 194
178 72
150 17
129 47
55 171
26 40
136 75
55 174
157 11
X
X
65 6
52 30
193 93
193 144
181 177
170 91
59 4
154 71
123 31
138 11
152 90
175 92
45 62
91 63
132 159
68 192
170 26
6 174
185 165
78 107
49 191
71 74
155 5
75 162
9 112
126 119
83 77
181 120
163 152
137 70
31 94
68 194
182 39
151 180
142 39
88 10
165 6
147 94
25 181
151 88
41 5
186 67
143 197
83 84
8 114
136 71
156 180
186 66
162 96
92 138
41 181
53 90
151 7
168 176
14 40
141 184
X
18 135
179 81
17 78
26 119
133 105
190 104
112 111
169 32
139 100
3 93
137 154
93 24
X
56 32
175 7
10 30
X
71 102
187 92
116 163
30 27
28 45
80 32
149 90
186 171
125 89
54 102
84 71
146 144
X
97 19
X
143 59
4 137
142 54
141 145
X
183 107
96 165
X
112 119
89 158
94 132
34 155
43 70
14 44
15 26
54 164
188 68
66 14
139 41
174 52
103 158
158 62
8 88
137 72
68 116
168 75
129 49
23 191
22 150
64 71
110 118
63 114
95 99
132 188
17 168
153 181
103 27
161 93
44 181
131 153
25 125
177 132
65 14
54 179
51 187
109 190
49 166
62 127
124 132
40 170
9 2
171 38
177 18
118 43
121 145
25 42
87 147
127 84
56 165
29 6
148 164
85 81
73 150
23 65
110 147
7 14
147 171
109 131
144 106
176 76
102 147
137 174
118 192
X
136 18
179 122
141 57
170 87
35 147
186 106
159 36
114 86
168 40
51 51
74 161
178 170
122 129
53 140
64 94
124 47
31 108
172 49
4 40
110 132
87 125
178 69
141 75
171 178
1 95
16 73
64 180
103 142
130 2
171 26
83 88
17 55
144 143
51 144
16 44
30 110
72 194
22 140
11 37
147 130
133 128
33 49
71 194
81 59
51 41
108 125
1 91
39 146
14 89
123 154
126 89
170 106
144 191
168 62
62 175
69 4
92 197
183 155
91 110
72 60
54 113
119 195
85 71
77 107
152 41
41 183
180 154
84 27
X
128 23
14 117
122 121
190 75
X
194 88
178 83
175 102
25 151
53 138
141 119
122 13
72 64
23 42
134 73
27 12
68 139
113 179
93 85
88 29
169 178
104 35
104 107
52 126
107 15
130 65
75 67
62 3
63 51
170 110
53 18
55 113
3 172
123 162
91 40
184 136
59 3
173 28
10 27
67 135
41 44
88 98
49 5
25 149
65 46
141 56
84 68
155 176
133 141
192 174
172 162
X
46 43
63 143
155 194
X
94 191
111 171
117 53
90 43
191 187
142 123
190 50
79 28
142 184
192 118
160 63
41 195
179 77
23 83
183 124
89 120
101 176
117 93
177 108
14 93
168 76
148 162
28 44
108 55
39 15
98 165
102 6
53 174
38 124
72 88
35 135
31 116
28 149
195 117
126 39
13 72
10 114
24 127
61 176
197 180
183 53
155 1
46 84
134 74
140 12
182 3
42 82
133 160
87 189
X
187 166
X
138 119
X
21 104
188 67
3 185
147 182
21 28
157 1
64 7
121 78
16 90
60 1
89 155
17 7
148 21
33 163
99 25
34 194
171 18
193 48
120 131
93 123
191 90
66 155
139 89
68 102
31 110
6 24
50 84
127 87
90 184
65 118
92 93
178 62
158 105
91 122
149 164
53 115
134 72
187 90
59 156
95 159
47 110
140 184
147 36
43 48
139 173
18 119
118 85
193 195
37 49
154 91
72 65
77 105
147 91
138 22
191 86
104 132
34 143
153 31
11 38
42 136
45 36
123 151
181 184
13 188
18 177
28 72
182 38
136 112
39 196
93 84
53 47
171 11
24 137
X
88 147
24 25
139 96
132 168
13 135
16 174
180 155
137 171
4 72
54 157
22 34
102 72
192 30
63 178
137 16
67 172
140 11
58 135
88 32
124 89
77 15
5 186
177 62
83 143
3 139
60 62
73 192
109 171
167 88
32 19
141 160
16 68
85 155
112 31
120 43
49 14
101 17
134 99
17 26
75 32
172 106
172 47
9 98
32 170
X
68 49
3 25
110 178
50 27
158 5
130 25
43 62
18 191
137 177
5 172
135 121
66 5
36 105
142 119
69 3
48 5
95 64
175 134
130 179
33 152
52 101
78 27
6 25
84 72
104 106
135 9
3 130
122 154
30 47
33 127
66 76
180 83
85 27
74 158
185 89
15 189
133 147
86 190
46 69
94 41
174 53
56 5
31 66
50 18
54 78
52 195
131 55
119 47
33 6
26 185
143 67
89 145
111 134
131 165
127 23
90 154
49 7
189 100
89 112
19 9
97 167
176 20
6 58
131 114
126 113
192 13
96 159
153 49
105 68
42 96
X
3 163
90 147
192 143
72 56
55 179
160 130
16 70
45 9
171 119
16 119
X
192 52
16 53
131 50
160 21
43 40
148 6
28 98
67 49
104 36
90 180
189 68
X
7 167
74 136
173 33
80 46
56 20
68 179
105 188
92 89
X
21 8
66 121
177 130
117 167
142 143
126 28
36 107
67 161
75 180
88 8
98 8
85 82
83 45
192 60
141 146
98 32
139 74
157 134
40 27
195 143
155 14
43 94
71 6
31 123
X
86 101
131 115
151 169
150 88
24 116
86 104
42 7
62 31
126 23
99 88
40 196
180 92
152 16
167 27
63 180
180 50
49 42
127 10
83 138
7 84
125 75
39 143
45 136
111 147
157 139
167 32
180 39
135 128
105 61
135 20
76 180
168 121
195 183
43 183
180 105
66 16
X
X
42 133
188 90
52 171
113 149
109 187
162 36
105 51
173 162
160 18
138 182
159 156
27 138
156 123
91 193
158 20
110 101
13 36
16 72
181 95
51 30
111 130
13 56
7 111
165 77
88 169
159 153
168 52
43 127
126 179
75 83
159 124
55 163
191 60
9 84
11 10
31 95
72 188
74 98
15 119
79 1
21 36
186 105
65 3
153 95
48 47
169 140
63 128
102 60
143 64
74 125
182 2
173 6
181 70
160 62
105 192
X
84 95
160 56
189 115
63 93
126 174
144 194
117 6
69 103
78 180
43 112
44 115
29 115
X
75 86
132 113
63 115
136 70
111 170
41 49
161 133
27 49
38 49
28 174
155 12
55 54
103 106
56 108
9 168
18 188
122 60
134 190
41 145
1 179
23 195
172 30
36 109
138 181
32 8
X
160 121
138 170
51 14
155 57
80 29
28 127
148 9
29 7
86 143
178 76
18 118
X
182 90
117 89
196 60
151 40
X
30 160
31 190
X
77 55
155 3
172 40
138 18
30 28
95 158
128 36
113 147
161 18
147 161
100 111
114 80
119 153
180 124
17 43
170 18
162 42
68 36
191 178
134 132
56 182
177 26
178 5
57 33
109 121
111 179
X
55 166
170 176
3 140
71 136
49 6
145 64
172 26
149 162
57 83
14 142
192 159
171 188
132 192
19 165
160 33
92 196
113 150
34 184
168 87
X
172 142
74 33
126 27
95 51
14 72
105 187
26 141
175 154
140 96
73 193
95 24
80 129
91 118
155 195
126 99
148 131
190 49
X
127 67
188 11
86 17
108 170
105 160
53 32
7 75
53 6
35 181
139 152
47 120
154 101
52 127
171 146
36 73
15 115
168 28
124 170
105 73
180 38
49 84
154 105
108 111
113 9
134 101
154 145
53 187
5 71
19 61
132 103
125 148
28 121
2 131
88 56
82 44
196 97
178 122
167 87
175 108
78 127
29 105
X
143 41
126 172
156 156
114 91
125 183
171 12
58 140
192 78
152 91
168 63
183 49
112 133
100 12
131 65
125 113
46 104
121 126
189 130
104 91
4 43
144 59
X
158 153
187 143
184 190
10 88
X
156 8
167 181
162 11
123 86
190 18
160 36
114 92
68 120
154 90
124 109
X
71 8
173 141
30 108
162 19
152 137
91 3
194 49
68 193
80 49
106 50
102 131
X
147 134
54 67
36 56
85 21
13 133
13 193
87 7
183 103
88 94
55 3
144 64
150 158
57 181
160 190
44 182
114 163
93 140
66 168
88 97
X
141 143
104 31
12 36
100 195
74 63
22 36
140 180
21 152
122 158
170 123
123 105
52 124
123 23
94 32
155 53
23 13
142 197
2 41
146 53
126 45
53 15
29 103
139 98
15 25
145 20
32 91
142 104
92 140
89 149
171 9
133 130
151 30
108 31
129 4
30 32
52 90
41 7
177 140
158 3
81 128
32 127
55 17
6 184
182 25
8 154
6 77
116 51
187 158
170 135
106 123
100 191
28 139
138 75
182 30
195 130
115 12
24 27
X
53 86
52 20
31 6
110 130
151 90
130 180
119 48
X
12 76
11 139
134 23
77 29
109 147
15 193
147 92
43 3
120 108
37 56
138 177
112 101
151 95
53 137
54 163
128 38
112 39
120 146
175 93
74 160
31 91
164 161
160 191
131 111
24 47
13 93
177 172
67 20
51 167
184 28
31 97
35 154
4 119
169 65
168 53
70 20
20 33
22 139
84 73
93 67
179 183
13 74
135 140
17 188
6 52
10 110
111 118
63 168
97 63
182 122
49 195
67 131
17 191
3 173
118 195
161 124
18 180
147 114
196 32
136 170
4 91
17 133
188 119
114 166
139 9
23 18
163 109
159 155
21 100
124 129
182 104
126 121
184 194
176 141
44 94
87 95
6 131
138 164
X
31 52
158 50
X
118 86
148 106
160 29
128 99
50 77
81 125
127 109
130 29
110 188
81 141
23 167
134 77
165 89
44 82
137 15
68 117
40 112
141 41
145 18
55 173
48 7
169 139
194 78
49 109
135 75
61 177
64 177
34 54
78 48
86 108
133 140
194 95
192 9
147 7
93 197
72 152
X
113 24
41 112
42 44
78 14
134 100
8 112
92 176
139 102
183 39
143 95
194 144
101 60
73 88
118 68
140 15
177 117
50 80
41 97
X
134 42
96 85
83 81
45 157
67 162
130 62
31 50
104 173
102 152
151 22
37 76
121 152
192 180
68 182
8 84
120 9
27 87
37 147
40 31
168 38
14 128
57 58
41 19
87 82
7 30
94 30
49 86
87 194
92 41
142 36
93 62
154 86
178 101
163 107
4 192
77 161
X
195 2
108 122
23 67
32 17
130 183
164 58
64 93
79 122
128 89
88 113
193 187
136 105
86 68
9 6
147 88
128 192
X
166 154
116 89
73 163
53 88
30 103
121 76
23 86
33 96
24 19
122 11
148 18
20 102
31 51
41 146
79 179
118 81
160 57
190 68
20 21
110 59
43 128
52 168
69 40
67 155
23 141
36 49
53 41
40 174
38 63
60 58
78 105
60 61
84 103
31 53
86 7
138 92
110 176
124 67
24 140
181 5
175 162
42 62
36 173
53 85
156 63
21 67
22 83
178 168
114 10
167 86
81 136
20 190
68 57
151 166
125 145
12 103
47 119
175 8
161 15
26 191
177 20
109 88
X
27 119
9 154
X
69 60
34 189
154 102
33 63
69 132
77 174
187 137
80 125
17 123
168 56
7 16
24 46
175 109
95 13
165 117
26 194
38 44
109 86
158 127
X
6 30
163 78
27 73
56 166
81 34
186 155
110 157
13 43
171 122
69 49
87 1
36 175
53 5
79 54
165 179
135 72
124 46
141 95
173 19
41 83
65 106
133 164
122 14
4 152
35 17
102 71
26 16
53 163
106 14
190 115
115 51
187 139
164 155
111 34
42 17
188 117
34 65
173 18
147 9
88 158
166 60
61 5
30 194
103 151
28 94
86 169
106 162
14 69
120 56
64 72
66 6
195 118
120 184
106 62
17 72
5 60
31 149
86 141
188 120
67 114
84 138
81 45
175 168
40 162
79 159
X
146 77
23 166
145 30
190 172
X
25 68
158 194
6 123
177 138
68 178
X
85 157
45 134
128 189
154 144
112 134
56 110
X
172 6
144 123
120 121
30 186
165 172
X
27 125
109 35
117 12
175 103
17 121
140 162
34 105
136 132
134 76
95 33
13 40
173 31
111 190
6 71
99 28
53 27
X
52 79
189 73
94 22
15 77
139 176
55 74
194 89
73 148
188 18
43 82
105 56
9 102
24 123
125 147
145 143
177 70
191 59
63 182
119 143
76 157
12 3
120 123
65 31
164 172
51 84
137 144
88 59
107 181
71 90
158 18
110 112
64 73
120 144
X
141 55
52 151
64 116
173 26
12 142
159 21
71 40
74 31
171 10
5 151
26 51
138 89
12 69
162 78
63 169
170 192
41 192
112 150
176 118
85 73
183 102
100 152
86 197
178 124
69 105
141 121
107 72
50 187
95 79
X
151 182
9 128
170 60
163 93
81 28
137 96
83 72
140 91
57 35
142 52
125 74
166 161
42 15
61 182
32 108
67 37
78 174
85 101
72 135
146 105
196 30
185 167
103 149
90 123
110 162
154 70
60 158
112 33
136 89
80 14
175 91
7 62
94 79
103 28
X
109 84
62 130
26 42
11 89
52 164
65 49
127 175
38 27
113 140
194 30
172 18
122 23
104 179
157 104
128 3
128 180
178 16
152 53
161 137
124 78
193 29
32 187
111 98
183 35
160 78
29 188
99 5
57 32
37 173
187 140
42 120
115 95
163 75
87 19
55 52
X
88 154
149 8
89 109
176 58
12 149
23 15
5 103
66 17
24 191
X
189 106
X
32 163
195 142
132 132
142 150
191 186
18 123
74 32
67 134
39 171
141 76
159 110
153 28
97 33
107 31
127 11
18 169
51 140
52 170
52 139
195 97
146 148
130 154
182 118
33 154
148 160
139 154
61 14
74 89
109 167
X
163 155
28 128
126 49
191 87
92 184
106 73
151 170
X
96 63
42 124
140 89
103 49
22 63
170 146
117 25
2 176
130 189
103 150
157 120
29 163
11 93
44 70
37 171
153 84
32 49
56 168
81 48
9 88
51 137
8 58
137 156
135 144
53 176
50 164
24 18
55 144
172 180
110 13
72 127
190 35
6 49
60 59
X
176 168
137 119
126 100
75 147
14 130
X
71 87
32 54
68 136
187 171
112 34
104 24
33 125
83 163
107 119
4 39
85 68
45 133
32 87
84 137
64 143
63 163
168 102
92 54
102 88
66 35
34 145
85 93
175 161
179 105
34 103
95 25
5 100
42 48
61 180
181 69
177 94
188 91
127 27
78 54
103 112
141 123
137 98
88 125
23 192
30 33
108 74
186 102
177 60
98 19
189 120
172 10
145 106
84 161
130 46
49 10
87 35
3 95
165 174
67 160
39 41
92 133
X
141 14
59 129
101 130
161 86
128 191
84 28
173 143
4 41
193 194
32 171
63 35
50 40
191 172
79 157
54 5
1 163
137 113
12 104
132 153
102 8
176 81
174 138
157 195
12 146
81 60
33 98
112 131
6 27
69 194
143 82
86 121
150 76
99 98
48 163
17 57
11 76
34 17
158 4
130 50
158 38
30 73
155 85
127 183
63 158
119 151
64 3
98 164
57 106
84 81
41 62
130 192
64 159
5 178
45 106
171 123
125 149
112 118
191 126
12 14
173 61
29 121
187 88
10 4
67 163
181 102
169 196
57 190
192 171
188 92
64 35
77 57
71 92
175 6
119 57
52 154
56 170
119 140
182 101
39 65
136 141
33 17
131 58
146 165
146 52
105 189
98 134
22 147
95 100
142 94
165 177
7 110
90 193
125 121
42 113
99 17
11 80
109 123
141 59
26 79
44 166
189 143
137 148
52 27
181 2
57 24
7 154
151 164
125 119
52 114
188 10
10 154
105 71
24 83
100 150
157 71
96 97
168 188
191 88
181 96
114 167
128 39
122 109
188 106
115 48
162 192
124 80
142 45
4 26
X
1 39
136 11
99 172
194 47
4 120
145 196
25 45
158 155
8 118
98 189
69 46
191 179
158 101
132 126
158 56
76 4
143 189
38 193
136 148
190 101
54 44
74 163
152 171
43 126
98 5
161 31
143 81
192 2
X
159 170
21 32
78 83
127 90
190 156
3 39
141 71
94 133
X
106 64
141 45
164 57
30 66
36 181
155 10
6 147
99 111
193 117
131 57
20 36
16 55
98 193
91 89
79 138
169 138
148 88
100 164
176 79
38 91
122 12
188 40
173 139
94 193
120 60
91 23
24 151
167 189
104 162
34 74
10 165
122 74
89 147
37 169
39 147
133 149
X
55 168
157 133
51 158
42 74
36 54
183 106
74 100
34 149
114 89
35 49
183 184
121 38
16 152
2 192
121 162
176 154
158 30
118 83
154 142
67 139
150 19
X
102 68
43 98
148 55
158 42
178 60
135 113
149 93
192 145
146 23
52 77
67 102
48 169
79 127
74 139
32 5
70 163
12 150
168 178
71 56
197 181
110 190
36 185
109 159
173 65
91 180
42 37
128 97
74 65
30 170
105 127
191 22
63 116
42 135
13 90
143 195
24 81
195 187
63 172
51 127
28 14
74 185
X
3 179
87 167
167 60
76 145
174 10
24 87
15 27
4 131
187 104
79 60
79 180
28 134
49 47
54 110
4 174
134 138
137 141
11 77
48 170
19 151
11 11
X
34 109
194 31
88 102
176 106
149 65
126 183
132 127
50 51
128 153
182 93
168 119
156 49
63 177
148 133
X
34 125
144 120
25 65
21 151
137 150
83 162
139 164
84 136
52 80
63 159
95 85
138 20
145 195
46 2
122 133
187 20
116 53
58 59
120 69
43 137
6 138
45 135
151 8
155 190
166 171
25 136
160 169
18 133
55 117
39 67
75 34
40 36
11 69
135 120
81 140
13 77
109 100
1 161
180 180
141 175
152 21
50 195
87 157
49 4
128 68
65 121
183 181
4 42
191 130
126 31
84 89
100 18
69 71
53 136
57 120
109 148
126 71
141 176
143 123
23 32
106 19
72 189
74 126
67 171
X
6 11
143 188
X
171 53
152 135
172 50
64 1
71 152
166 134
17 167
41 142
69 8
110 142
43 87
165 74
18 134
54 158
30 146
60 3
74 87
37 87
93 83
105 179
93 65
169 110
178 121
51 32
159 31
5 62
187 151
81 49
47 2
77 121
78 145
19 186
28 169
159 169
6 10
15 51
4 149
25 185
149 64
157 9
76 48
49 17
121 149
109 163
20 124
193 183
194 178
70 128
77 119
143 36
55 175
X
119 108
170 182
166 56
36 55
126 84
156 121
88 110
6 13
26 168
19 5
84 86
145 36
34 186
66 72
107 58
171 189
20 104
103 24
90 109
178 20
137 152
36 106
45 123
41 196
X
76 109
69 36
47 47
X
12 73
141 81
114 85
126 2
104 152
X
173 146
83 161
176 92
172 179
84 21
53 84
74 1
17 169
190 195
147 95
34 185
178 4
40 169
7 11
17 122
191 166
51 35
150 118
161 8
150 9
105 34
73 147
55 75
89 3
96 50
X
96 79
106 187
70 45
155 193
180 177
93 118
140 152
166 153
13 26
180 191
179 29
182 186
52 166
41 47
174 160
123 26
130 153
43 164
65 175
38 194
13 44
135 132
61 128
78 60
191 58
134 19
33 55
5 133
56 113
132 156
125 123
31 119
44 86
145 19
7 85
41 36
23 194
X
170 179
130 23
85 57
137 108
124 182
158 137
64 121
161 84
162 123
87 3
X
69 5
121 109
165 196
56 120
151 178
87 34
72 166
88 112
140 154
86 56
58 134
62 177
70 76
71 36
189 19
105 159
158 60
65 16
65 180
177 109
138 93
175 131
147 166
34 64
105 49
100 13
164 173
162 38
95 54
117 7
133 150
21 156
52 78
193 129
129 89
69 86
185 76
179 154
61 147
105 64
179 62
64 175
143 145
52 155
173 142
22 5
24 17
157 5
X
73 188
91 197
167 4
117 38
55 32
117 140
193 19
50 192
23 12
166 173
81 44
67 138
44 74
126 10
9 104
100 151
41 123
99 110
106 60
193 186
86 161
183 143
45 156
143 43
113 99
102 17
149 75
194 118
148 165
93 112
164 6
171 21
170 21
24 181
128 35
8 77
56 7
141 89
98 156
33 52
5 182
48 104
121 193
166 169
92 53
161 127
86 164
92 107
75 177
1 24
36 75
191 165
X
X
28 15
8 15
131 110
98 172
70 121
116 80
60 87
175 94
66 74
64 51
132 128
57 119
6 154
144 183
176 16
175 170
116 68
135 18
31 170
13 11
120 126
3 176
129 26
130 28
130 67
79 36
89 58
14 139
3 133
24 139
114 164
138 77
15 57
69 7
152 22
14 74
127 45
87 72
4 118
114 179
160 60
107 189
128 179
4 132
140 9
142 145
101 27
192 156
177 154
28 40
160 49
176 59
168 33
76 102
191 56
96 69
167 46
196 93
57 62
53 21
39 173
158 39
88 4
X
147 162
183 105
93 91
107 85
56 60
103 127
113 175
152 18
169 107
87 158
73 139
181 108
166 178
189 80
56 68
119 70
19 169
101 61
23 168
173 196
135 100
85 99
179 106
29 74
188 100
29 141
119 26
145 59
160 53
149 31
169 27
110 161
30 74
35 105
5 117
64 2
31 107
167 100
54 170
X
152 39
31 105
145 118
X
57 191
159 13
54 68
134 54
162 21
138 19
109 169
86 119
100 166
14 133
11 13
48 2
155 68
97 62
86 8
171 51
167 33
111 175
56 6
110 58
189 167
185 91
64 189
9 4
171 72
87 163
64 144
73 152
16 179
21 102
160 52
52 47
50 114
110 122
94 92
X
24 165
18 73
134 113
179 186
X
170 33
68 175
40 142
19 62
6 141
41 98
166 2
148 77
65 156
93 194
182 109
134 24
57 118
X
38 38
90 7
49 194
177 170
35 51
177 123
126 97
54 100
11 180
105 55
107 68
111 187
86 109
70 59
179 71
90 105
4 154
112 130
35 103
165 180
91 121
23 185
67 137
189 128
175 11
183 196
153 29
97 80
47 10
33 195
31 174
32 103
135 24
38 30
53 120
87 192
65 1
9 11
141 196
28 136
28 114
52 36
38 182
136 76
126 133
87 101
66 181
193 2
152 43
149 166
112 175
89 35
76 88
34 19
158 37
168 122
112 176
110 138
127 89
12 151
17 137
65 75
188 152
50 157
56 135
49 40
173 197
125 133
125 84
86 195
70 125
125 76
80 39
160 11
X
95 137
97 84
49 8
127 88
77 157
88 168
95 139
19 103
192 189
118 67
73 128
168 72
178 37
101 28
38 65
102 18
101 92
139 70
4 74
9 30
52 84
X
143 55
171 138
166 101
120 191
88 109
4 76
42 183
169 100
38 112
31 120
159 167
148 144
62 190
51 28
83 83
X
137 121
88 189
130 68
177 141
57 74
166 91
56 171
103 164
41 17
45 110
137 155
86 192
X
70 40
172 108
23 60
27 123
19 60
190 73
182 94
6 130
62 59
142 41
89 34
115 47
116 12
101 12
16 92
44 37
47 123
149 88
67 169
175 82
162 118
37 77
10 140
14 102
180 91
58 139
106 15
51 173
37 175
114 175
169 183
70 165
148 143
90 41
42 41
168 197
47 9
13 192
165 91
183 25
172 109
50 127
187 68
124 97
51 163
88 104
122 162
181 27
189 193
X
122 130
13 178
102 100
98 51
193 32
X
192 29
79 2
130 70
49 87
146 106
X
91 112
152 57
108 118
52 102
139 14
8 123
194 82
98 30
110 189
192 82
177 145
119 50
172 51
172 178
8 100
194 80
83 68
87 105
24 185
28 16
124 179
113 6
193 97
191 192
121 13
9 114
111 101
83 136
46 40
65 72
111 99
86 120
70 72
55 194
13 176
192 170
86 27
52 18
118 70
72 146
188 160
6 139
139 83
42 160
40 172
54 18
55 70
52 135
137 104
28 26
165 88
13 45
118 95
61 15
137 12
107 87
104 47
34 107
171 75
138 105
148 93
104 112
3 194
94 43
119 28
11 84
161 195
172 146
55 23
190 79
52 40
160 194
94 31
157 12
179 108
40 115
112 140
131 62
120 195
97 111
164 56
66 36
105 26
48 164
132 110
193 88
45 65
86 21
146 149
151 39
110 111
29 76
155 196
10 89
108 19
82 4
137 173
X
56 195
160 19
41 31
82 72
158 21
X
87 56
32 125
16 48
127 91
105 162
138 70
63 160
172 188
87 162
33 186
141 120
28 170
13 51
154 103
187 160
171 192
100 131
137 103
180 117
81 90
12 176
164 159
49 85
150 171
50 75
142 90
168 26
120 143
X
50 30
X
54 139
X
19 101
128 98
107 86
41 29
22 152
128 50
74 29
26 193
64 192
101 172
166 87
139 91
13 25
87 20
145 57
193 130
24 68
8 26
147 190
X
54 107
73 162
51 29
32 123
20 122
166 168
49 104
93 107
152 37
18 176
141 74
54 118
60 86
48 55
35 75
36 104
73 6
103 111
167 6
100 92
146 36
102 98
8 151
20 118
96 32
87 164
136 150
98 67
157 14
164 115
127 174
8 98
127 13
17 180
160 129
137 11
60 83
49 27
63 129
192 12
49 18
81 55
173 138
55 139
6 14
67 158
16 91
131 112
51 174
48 108
20 5
76 107
178 172
121 133
92 137
152 176
132 38
107 88
32 64
57 89
49 28
171 120
X
49 15
X
123 153
93 80
5 121
31 115
21 150
119 104
179 30
63 6
68 121
12 181
53 171
128 2
161 38
28 129
184 37
121 120
153 30
193 96
103 51
87 197
189 21
26 165
104 134
107 69
40 161
158 29
50 151
158 110
180 195
118 194
6 104
112 36
130 27
161 29
104 68
X
67 116
176 19
91 1
132 129
117 95
92 64
166 167
161 170
122 110
78 129
55 145
81 29
71 128
176 134
108 34
34 187
49 193
78 106
149 169
X
156 13
184 142
29 136
127 173
40 128
182 190
114 93
52 150
178 109
193 60
108 110
186 156
170 51
81 143
84 141
146 146
178 123
47 51
24 28
171 7
53 139
56 70
134 168
148 146
185 143
69 56
90 54
137 14
91 62
51 18
86 102
156 142
75 122
153 54
161 189
125 10
126 129
36 139
159 157
14 55
7 123
154 43
112 35
36 174
X
78 151
106 77
91 111
129 90
73 67
33 51
1 43
186 103
25 49
16 80
104 92
127 71
129 163
X
67 168
101 192
68 46
27 97
178 157
11 151
66 31
X
187 165
77 180
97 12
11 36
51 22
67 35
18 156
90 148
128 52
188 22
125 39
33 5
171 33
18 179
135 176
153 52
X
53 4
152 183
31 195
11 178
27 129
108 59
164 78
82 46
89 105
41 6
29 109
34 144
63 1
120 104
53 150
147 158
54 109
138 122
175 139
170 119
20 148
85 141
25 40
33 105
127 119
130 71
106 179
69 2
167 135
124 68
49 54
170 76
156 124
91 156
120 37
51 55
51 21
38 183
17 124
70 50
179 72
24 79
17 119
57 192
95 69
27 76
51 150
187 159
99 147
182 106
85 30
142 102
184 155
154 94
123 13
141 195
21 86
7 119
93 119
172 46
52 68
122 86
25 114
125 60
30 150
42 43
59 161
X
156 122
146 143
X
78 80
X
118 41
53 44
120 151
88 101
112 98
X
70 75
163 172
39 17
52 69
52 157
36 146
174 8
100 88
100 19
118 167
76 46
99 99
143 180
137 140
4 147
75 137
14 129
155 11
11 154
79 77
X
157 146
42 119
121 185
26 117
98 90
X
150 185
172 39
23 6
X
31 26
121 40
157 193
166 4
138 173
120 120
179 48
126 86
6 153
37 74
81 1
140 77
66 114
155 82
117 8
104 99
86 196
144 103
157 124
169 121
103 159
183 183
165 194
65 77
55 104
53 78
74 157
35 155
32 94
127 52
52 44
188 89
180 119
105 181
143 146
148 64
40 76
X
178 120
137 102
196 95
192 172
194 119
31 54
12 154
20 35
117 70
120 130
74 28
38 51
195 127
138 100
137 145
59 62
146 121
66 176
34 195
X
X
77 27
36 172
38 67
81 142
149 28
180 178
12 153
30 63
69 93
X
25 169
34 146
175 171
10 112
156 68
4 121
X
42 87
159 104
78 150
148 57
39 116
71 147
23 8
155 39
100 154
49 16
106 13
131 156
71 93
125 71
56 169
50 55
54 52
64 8
153 93
118 39
64 114
48 154
62 1
88 122
66 177
18 121
70 18
8 102
75 150
X
123 172
177 197
79 136
56 75
81 30
173 46
38 40
28 47
133 165
17 156
133 126
80 77
167 30
73 194
X
161 95
14 193
175 9
69 106
X
102 173
197 59
53 192
108 32
15 106
29 114
X
32 56
86 35
180 35
138 42
55 5
195 119
5 98
41 96
144 33
6 23
179 50
X
123 170
57 182
185 74
136 103
159 40
66 12
129 50
74 188
115 91
55 41
188 170
160 14
62 145
67 159
56 78
87 146
149 94
132 170
90 183
57 22
54 195
188 156
138 171
86 193
116 178
177 72
148 145
144 182
141 92
184 137
67 34
61 93
53 3
61 155
X
10 111
61 188
166 172
64 145
72 186
116 67
99 109
5 58
68 181
156 153
195 56
X
148 75
146 166
34 152
93 109
5 190
115 179
175 158
20 121
14 188
191 2
112 122
191 50
33 181
96 33
23 24
37 54
44 96
93 79
188 167
9 150
170 138
147 54
158 13
55 36
77 12
194 90
186 136
124 74
167 179
41 164
99 100
151 6
169 176
106 74
135 77
73 93
60 163
7 25
122 124
X
165 116
97 98
28 42
87 119
159 76
177 142
150 21
194 115
122 144
63 145
123 91
143 143
56 118
134 105
68 35
63 31
196 183
158 129
128 190
153 180
126 132
75 178
50 47
35 20
86 9
27 168
107 77
61 156
15 48
178 169
X
167 28
55 18
87 33
87 149
182 92
125 176
73 125
65 8
83 49
157 192
93 181
177 196
X
162 106
90 173
126 37
67 16
125 51
103 143
8 75
51 33
111 73
78 100
34 106
147 89
65 104
X
192 177
37 137
147 22
2 130
138 154
164 4
146 114
109 77
119 58
103 153
69 74
93 131
56 83
82 90
143 44
14 108
14 119
143 42
X
34 188
103 176
10 6
51 52
191 41
191 77
117 80
147 148
7 26
82 141
140 45
132 100
80 73
80 36
18 186
55 73
52 136
134 75
86 191
94 194
68 115
56 179
107 59
71 103
176 132
X
81 54
148 58
194 87
98 159
109 132
29 33
83 71
22 137
46 42
159 38
91 129
142 14
183 142
X
116 144
76 83
13 190
188 14
147 75
166 85
55 55
142 180
28 79
127 39
140 13
77 59
3 161
46 70
16 116
X
87 57
123 121
159 93
14 24
150 28
172 53
44 6
84 19
123 106
187 169
7 58
195 186
147 37
66 102
138 41
130 1
70 60
79 46
18 165
17 166
128 84
8 120
75 102
104 89
96 68
55 147
39 19
X
170 178
179 61
166 104
25 86
101 191
22 60
135 122
41 46
115 53
146 40
64 191
29 137
120 124
160 133
62 147
1 92
54 20
56 190
8 149
152 50
38 181
84 30
88 7
17 9
142 31
37 135
81 3
99 19
X
32 51
174 156
72 57
15 192
97 189
88 149
11 67
161 33
181 90
38 175
145 114
189 77
33 54
169 53
88 190
27 53
165 158
119 152
44 47
37 144
5 29
72 125
56 88
180 156
19 18
23 183
112 113
152 164
124 69
X
103 64
106 38
30 105
149 18
77 100
186 172
128 100
106 47
17 152
177 96
5 171
162 15
X
79 30
142 42
54 106
13 55
104 131
94 62
129 67
34 73
160 55
46 39
29 110
16 69
40 77
178 39
177 78
167 182
97 82
16 156
23 21
44 180
149 68
86 28
15 191
72 190
174 29
135 103
27 42
85 58
158 57
91 2
120 161
28 168
28 28
43 124
135 11
26 123
7 112
30 121
118 84
65 168
18 5
150 90
159 33
137 75
189 157
9 26
183 104
75 163
180 76
169 132
97 83
55 106
71 3
26 118
24 119
8 71
152 31
67 72
76 92
17 174
108 161
5 30
X
41 77
172 33
96 30
185 138
X
109 130
158 2
166 102
174 146
51 176
127 8
13 181
189 178
169 135
14 67
71 91
23 17
162 194
85 164
184 196
158 104
84 88
102 70
70 44
X
103 162
153 171
170 177
X
133 161
70 120
131 54
69 138
124 183
44 62
32 98
121 39
129 162
178 32
123 107
171 41
127 124
103 123
3 137
X
95 138
156 190
X
115 167
176 146
105 31
78 36
114 83
183 180
41 48
84 29
96 19
70 127
67 133
154 104
49 168
79 39
193 5
151 181
167 91
166 158
22 17
111 167
30 195
160 110
90 10
180 5
191 89
43 166
154 135
103 161
160 13
125 120
69 16
53 33
47 49
83 1
14 80
45 137
55 180
124 91
12 108
139 11
51 194
28 41
45 82
33 66
39 44
X
71 150
180 52
145 17
103 147
135 174
161 118
43 155
182 27
23 151
159 42
155 70
93 192
128 85
161 138
91 107
152 51
73 161
107 74
180 3
46 64
42 66
161 168
100 91
61 179
43 156
106 61
46 41
167 178
137 110
55 146
76 28
133 103
71 148
14 38
41 157
126 68
163 96
41 143
188 137
121 9
77 120
X
138 183
111 168
8 76
160 127
157 49
84 76
61 127
192 14
126 8
119 154
86 170
73 91
195 57
98 107
31 147
133 38
177 139
76 1
184 143
194 93
141 10
73 65
139 71
187 156
133 114
57 87
59 160
97 79
157 53
80 27
166 194
100 14
14 141
162 74
41 155
59 128
28 125
108 36
52 24
157 101
190 74
119 25
55 101
3 184
17 76
188 88
27 114
146 150
138 180
55 187
193 127
182 124
38 87
52 163
20 116
159 133
186 73
144 118
170 31
X
135 177
56 59
162 40
64 190
135 22
37 88
69 119
162 191
137 13
135 119
187 21
44 163
144 57
128 63
75 106
193 90
94 90
98 91
116 28
28 141
193 3
54 55
44 162
192 22
150 95
38 69
138 109
40 37
X
112 186
169 142
192 31
66 15
192 40
51 119
83 82
62 35
59 87
140 14
111 110
97 159
X
6 48
25 141
148 54
177 27
159 18
138 112
29 161
28 124
194 113
157 137
133 58
31 125
88 196
95 23
138 152
78 161
133 146
164 160
71 135
12 15
157 15
23 184
103 25
5 123
138 108
113 98
75 157
172 138
99 24
33 161
76 150
24 42
160 51
90 8
79 129
67 132
26 139
54 3
43 74
178 35
76 37
124 110
113 26
155 192
147 38
X
60 84
161 85
62 58
195 59
92 174
172 163
42 65
14 118
89 154
191 129
54 171
178 30
125 109
74 150
159 60
194 32
123 110
88 120
92 43
151 171
37 51
105 60
16 108
43 181
188 114
153 86
51 50
X
194 46
139 81
187 142
167 31
X
129 165
159 8
188 12
188 76
124 108
191 57
174 158
143 191
192 46
35 32
180 72
19 102
21 26
X
17 80
12 132
169 145
10 168
189 141
121 15
65 115
145 22
171 139
13 24
139 156
152 19
94 64
104 32
44 123
X
114 6
86 125
186 104
113 141
151 21
84 84
157 194
130 156
4 153
122 125
61 129
104 144
134 126
154 37
157 105
70 19
89 101
157 144
145 68
108 121
184 192
132 155
46 67
79 27
59 7
132 161
127 50
53 181
114 12
179 76
22 26
108 126
80 60
12 102
125 91
121 192
97 50
105 152
X
79 125
93 22
19 121
14 27
4 139
132 98
86 93
84 142
120 149
128 154
98 113
141 194
142 33
117 144
159 96
39 87
163 169
33 187
4 73
156 176
33 162
82 138
25 12
53 36
7 165
183 31
25 148
132 130
16 27
54 50
159 54
158 121
160 139
96 83
X
X
72 63
51 34
18 174
136 119
190 67
21 155
85 34
38 144
15 69
97 190
74 128
143 65
138 45
68 44
64 76
59 163
8 59
44 75
47 104
54 70
173 190
130 163
120 187
150 180
78 37
116 8
70 102
6 12
154 143
79 3
60 88
42 39
195 60
160 120
193 176
176 109
168 41
51 20
74 4
24 195
32 26
27 116
75 66
97 16
46 82
194 48
146 147
98 149
98 173
33 103
97 97
124 133
93 184
131 40
87 120
77 109
158 31
88 170
162 124
X
128 37
146 191
154 176
87 97
154 93
194 146
104 39
4 176
110 15
98 33
136 108
148 104
71 72
89 33
34 123
40 69
187 154
34 51
117 41
62 6
74 27
139 177
73 191
130 155
60 85
159 103
X
152 86
170 65
45 107
177 168
75 7
31 55
100 133
76 96
173 192
8 73
168 161
49 30
29 120
81 4
192 181
49 163
4 184
25 165
86 124
56 87
152 55
34 147
90 1
17 53
36 50
112 32
161 75
64 45
136 144
145 116
117 184
42 155
87 32
2 194
65 172
25 84
156 105
X
145 197
178 92
149 118
11 68
57 194
104 175
X
169 119
78 38
27 47
168 31
81 89
90 158
52 88
86 122
15 89
170 143
108 77
126 47
77 32
X
133 159
125 129
160 54
77 16
141 150
146 145
X
127 97
187 157
144 54
6 171
122 76
X
121 184
182 48
185 155
83 90
107 192
52 191
66 40
44 155
114 90
6 137
147 191
55 188
130 30
110 140
15 108
X
113 138
X
194 79
44 161
158 135
185 77
22 135
28 74
147 20
48 158
11 142
63 45
10 87
66 75
145 188
193 114
74 3
180 158
107 121
23 63
59 158
177 58
34 49
110 98
55 100
123 90
152 49
120 158
191 39
150 161
102 97
142 105
68 119
174 157
147 164
140 72
83 2
12 147
51 147
54 151
7 146
18 189
98 100
62 8
31 154
105 186
195 128
156 194
56 3
7 113
15 188
6 51
17 67
123 175
116 10
177 144
188 66
5 184
9 103
44 76
67 136
189 192
42 67
140 164
197 58
135 70
X
84 17
77 14
22 32
100 173
77 188
64 15
179 70
193 50
74 91
101 190
34 124
X
87 59
152 133
106 59
193 20
105 191
192 5
24 20
192 86
59 58
169 38
117 9
75 6
121 194
77 34
38 66
124 98
38 147
177 102
161 120
93 138
175 78
157 60
191 52
124 70
120 70
165 56
162 37
168 181
121 10
57 76
3 182
143 54
13 139
179 19
76 161
90 190
54 40
138 121
20 186
31 152
98 108
182 4
68 20
X
12 141
105 182
78 56
76 49
75 3
146 118
X
154 82
121 143
124 85
126 131
123 171
66 106
179 104
158 19
106 39
1 25
143 80
124 130
51 36
37 138
52 125
193 175
22 28
129 183
81 129
103 126
45 105
41 194
X
46 38
66 13
134 20
94 93
73 151
184 151
34 18
91 22
39 18
156 72
27 170
72 162
173 145
100 176
75 109
2 21
175 133
40 116
33 29
38 128
123 133
144 29
5 141
52 173
79 161
57 36
33 153
61 175
132 165
133 115
122 80
43 66
65 169
30 75
X
107 182
161 42
65 182
29 160
27 95
125 179
193 178
70 70
79 75
61 4
70 56
16 188
191 115
7 10
14 115
X
62 163
55 150
84 96
4 117
12 80
78 108
41 125
51 54
12 90
90 197
38 53
91 108
53 194
81 86
55 120
20 166
108 160
176 170
56 157
145 145
159 171
21 17
8 150
40 15
159 139
193 115
94 40
158 10
94 91
48 168
1 93
66 179
4 162
33 50
10 51
114 28
79 73
52 86
183 185
70 162
168 135
109 59
143 184
184 191
77 46
136 77
168 39
97 110
104 123
10 153
X
25 53
47 54
129 159
66 3
76 33
X
16 89
23 193
26 184
195 32
33 56
54 75
177 93
63 3
134 188
140 155
9 46
154 133
92 112
112 147
155 180
54 125
101 193
33 31
134 57
188 143
167 195
157 135
159 105
103 124
139 82
77 187
172 27
49 153
34 148
82 86
95 14
16 104
94 195
71 37
173 195
70 190
155 8
156 177
74 99
154 180
156 120
133 40
27 94
X
117 27
142 183
154 84
98 52
150 115
97 157
45 5
188 157
X
120 193
169 30
39 62
29 190
192 35
152 184
74 82
178 155
174 30
142 83
186 138
21 62
13 177
71 189
158 139
130 45
157 143
179 58
169 58
192 144
32 152
179 32
55 182
44 116
169 191
15 42
105 144
41 40
78 146
45 44
76 31
169 76
183 178
73 189
77 145
X
193 18
53 35
169 194
52 55
45 108
75 185
63 156
115 6
21 6
86 154
77 51
76 47
22 68
106 31
72 147
64 155
X
102 89
191 79
41 193
46 62
23 7
98 31
106 32
166 6
91 130
162 167
50 115
85 33
167 29
167 190
6 50
167 26
4 133
26 169
159 194
68 177
X
38 192
150 160
64 77
54 32
55 42
162 121
73 185
69 121
191 174
49 188
5 75
62 159
44 95
92 109
75 29
52 141
68 47
110 177
183 186
57 79
68 168
63 15
83 164
52 14
21 87
12 107
164 74
159 52
91 43
40 148
104 38
29 98
71 104
146 17
182 138
37 91
191 19
172 110
15 72
169 46
105 98
X
187 65
X
151 29
X
59 155
7 168
129 31
92 182
178 58
32 160
90 146
17 51
124 84
56 158
129 23
65 177
42 125
43 119
57 107
193 116
175 194
122 31
23 41
181 190
102 92
181 72
132 56
63 11
172 176
39 36
150 16
154 89
57 188
119 193
163 95
48 52
90 51
122 108
172 29
99 157
190 41
1 23
85 162
68 176
173 62
24 65
86 81
168 134
14 42
38 169
147 181
14 57
184 141
36 18
119 24
31 153
25 52
17 8
165 155
121 80
108 123
194 186
16 103
38 31
92 189
134 56
121 129
97 54
149 78
181 118
153 170
163 118
41 179
X
34 192
175 160
6 146
90 192
127 9
92 190
12 4
12 2
90 194
17 44
160 107
28 150
194 179
125 100
128 24
171 181
186 141
38 68
X
121 186
159 120
160 93
195 115
144 119
55 114
154 137
169 189
102 91
72 6
36 17
59 162
197 57
4 77
62 143
31 118
80 58
56 58
34 136
155 86
62 188
25 66
11 78
X
24 121
163 116
51 44
15 179
38 62
47 55
16 46
94 190
190 65
6 183
154 136
98 176
51 90
171 46
173 160
179 35
38 114
107 60
29 107
134 22
140 83
7 27
131 109
191 18
124 86
179 79
110 39
94 197
27 74
77 189
30 94
53 87
183 51
187 172
X
189 195
X
146 132
139 174
190 120
112 188
24 134
190 78
74 56
2 25
190 14
19 8
39 128
130 181
105 101
X
193 189
169 144
160 135
46 108
116 49
118 51
49 158
138 110
171 76
109 31
91 131
91 177
129 153
11 168
27 140
119 27
134 110
195 126
143 66
40 173
6 186
188 151
89 123
155 49
139 180
64 96
130 3
X
53 43
87 4
39 142
73 190
14 131
108 127
148 158
171 48
42 158
87 68
189 35
70 93
137 101
X
99 167
78 16
146 21
X
129 65
61 143
175 130
80 143
56 79
92 69
41 84
8 60
163 117
126 4
119 184
24 124
X
90 177
156 15
90 112
X
97 52
106 192
4 161
141 16
121 43
137 22
26 87
140 80
17 47
18 152
139 184
154 49
54 108
86 142
X
168 74
158 107
93 82
120 122
X
87 2
125 58
X
61 1
53 102
29 5
187 136
138 162
31 106
145 115
155 72
110 77
86 72
48 156
42 77
180 192
93 25
79 158
20 167
121 154
38 115
34 63
21 154
173 47
72 187
167 3
X
15 176
121 124
X
53 70
68 191
32 192
115 175
143 45
22 16
192 130
53 127
149 66
53 30
88 121
47 53
6 132
82 73
16 177
35 152
X
72 91
55 77
X
43 162
147 40
195 116
64 4
71 162
143 29
56 73
162 169
187 102
X
100 172
51 146
120 132
182 183
8 13
193 192
173 189
168 159
86 194
46 86
162 12
160 106
74 30
73 166
X
185 136
141 163
140 75
151 28
11 92
47 121
X
92 139
118 184
8 16
X
151 176
35 153
125 124
157 10
103 72
77 151
102 24
118 162
146 78
193 174
179 53
148 56
143 96
159 174
119 145
40 74
40 87
82 74
120 147
55 110
101 154
112 110
112 38
72 93
129 192
59 1
182 52
69 70
29 119
164 2
180 54
20 153
66 158
92 52
176 18
61 189
X
29 94
8 168
102 172
113 11
145 102
73 138
176 91
137 99
34 66
X
138 94
90 52
19 125
132 99
51 195
85 59
139 105
141 177
167 180
135 138
3 186
27 40
24 21
47 50
43 77
193 142
X
33 182
117 11
75 179
195 179
159 78
157 68
128 188
4 190
136 146
75 161
124 100
148 166
86 114
17 27
110 160
50 44
84 140
145 67
125 170
91 189
98 148
102 108
X
174 26
61 11
70 135
123 161
151 134
162 93
188 78
61 94
85 83
138 169
112 190
53 104
118 163
133 163
151 136
101 62
81 27
77 150
159 49
105 36
136 167
63 179
34 181
192 115
127 4
54 147
64 5
74 96
25 129
190 47
140 41
20 188
127 122
48 106
148 102
188 172
88 9
106 144
25 195
66 37
44 98
117 186
12 89
25 134
124 121
13 10
168 65
133 42
123 60
66 4
5 149
180 36
176 95
191 160
52 67
19 6
X
150 77
133 110
54 187
141 144
193 146
162 155
114 178
82 88
136 123
150 116
10 2
X
74 86
126 124
25 121
74 59
55 155
66 116
78 147
190 46
57 193
135 10
132 171
189 78
163 74
78 46
136 72
81 126
26 78
141 82
121 146
188 39
22 87
122 145
69 171
191 170
43 46
164 85
180 94
148 105
12 179
92 118
76 176
108 171
172 52
4 94
131 52
112 187
68 180
103 182
4 93
190 66
145 130
75 160
181 83
6 102
33 185
152 92
49 155
122 146
177 81
106 48
11 128
X
28 146
46 44
137 146
143 190
105 58
96 64
91 173
37 181
96 100
152 28
10 142
85 137
140 181
122 78
87 84
112 112
29 139
181 92
71 75
126 50
133 148
56 163
123 113
88 123
32 185
X
110 18
4 123
179 119
166 159
10 132
27 137
29 32
148 59
32 194
64 49
78 149
184 38
44 165
7 104
90 182
76 146
17 56
171 8
104 142
108 84
124 99
158 130
38 196
33 88
31 8
107 187
120 10
122 10
193 59
12 175
33 91
136 91
76 45
181 109
168 123
177 95
X
44 112
64 147
12 131
81 138
69 139
11 39
107 188
167 48
187 19
109 17
22 100
191 3
184 39
192 36
44 158
138 160
118 158
190 126
42 90
134 189
124 90
32 105
83 44
169 108
16 76
17 6
138 114
40 17
44 183
24 128
17 42
177 97
59 157
54 120
52 113
175 138
30 89
86 99
150 114
145 120
91 119
16 57
32 190
125 31
107 118
170 180
33 89
65 20
169 61
55 49
59 8
38 41
112 185
20 147
89 32
110 87
95 50
112 191
78 50
144 68
82 143
110 38
22 103
108 13
171 6
8 61
42 89
17 45
188 115
161 36
34 127
107 191
15 104
157 157
8 165
118 28
50 170
49 29
79 14
129 160
68 58
112 37
119 166
36 171
165 78
182 117
44 164
118 49
57 195
13 137
83 69
69 91
102 109
106 190
5 61
94 138
87 10
136 98
150 166
91 54
57 20
31 186
25 81
117 43
108 35
146 134
104 176
120 68
117 163
51 188
190 169
39 169
72 3
131 56
141 77
118 82
111 74
80 4
116 6
108 168
119 56
72 191
124 24
98 166
93 133
91 123
101 152
29 140
185 141
127 110
126 98
78 39
167 47
141 73
52 104
176 101
170 62
4 186
158 109
33 190
20 100
143 194
23 147
67 31
170 53
89 51
94 33
57 136
181 122
172 181
116 69
121 195
87 123
90 168
22 24
69 90
194 189
55 118
87 108
185 166
146 68
142 89
20 117
21 66
132 105
30 114
190 105
118 161
169 87
93 66
61 6
105 59
33 90
66 46
149 91
137 153
28 53
71 105
135 110
133 167
151 135
48 151
76 119
106 68
192 8
93 43
141 148
97 99
99 92
40 91
64 6
12 6
172 8
180 95
119 167
7 50
169 123
38 52
168 104
48 152
29 95
35 137
138 113
34 137
122 149
183 101
31 114
184 29
2 43
146 164
177 92
34 139
126 30
161 74
89 177
39 124
73 3
32 18
182 36
119 49
53 158
95 156
98 89
193 179
38 125
153 133
43 179
43 86
147 106
140 177
5 146
74 2
93 182
21 25
145 31
106 58
118 94
118 160
21 21
63 127
98 175
145 133
125 45
22 151
181 119
6 21
94 196
127 172
174 51
183 54
1 177
17 79
9 146
17 25
5 102
5 137
26 183
50 126
149 181
32 65
169 72
89 167
67 15
70 131
110 56
19 20
103 154
139 77
22 102
168 64
107 55
29 135
147 23
19 152
2 165
14 137
9 3
134 40
179 5
136 100
25 17
162 20
191 127
93 120
177 124
106 122
16 118
8 14
77 96
145 23
149 7
75 176
197 60
56 150
92 22
186 143
20 151
74 58
45 119
122 84
139 73
152 83
132 102
30 88
105 72
86 112
188 153
138 167
138 123
5 176
177 101
191 82
30 72
170 108
10 49
53 146
38 70
27 16
93 40
94 25
54 191
27 121
110 159
74 90
91 90
158 40
101 13
160 128
1 165
55 50
47 122
50 14
147 18
76 6
94 130
116 179
140 94
27 83
145 190
86 189
168 158
168 194
74 88
178 130
108 190
153 88
19 104
77 36
190 170
31 163
18 190
11 90
64 168
42 98
153 137
128 64
109 39
55 14
104 34
101 24
16 133
146 102
175 146
131 51
180 194
101 88
161 135
33 108
4 179
171 121
183 194
7 86
101 194
31 98
137 18
87 17
170 38
100 153
13 134
93 189
188 174
89 175
178 2
148 147
181 82
184 140
20 191
184 35
110 150
19 100
57 134
115 89
102 154
132 58
114 81
9 14
61 96
12 140
57 189
127 31
11 165
29 174
191 12
1 42
31 63
125 9
111 142
69 190
78 12
62 32
91 175
122 27
110 110
164 3
76 148
132 62
150 18
68 131
181 48
125 78
13 67
184 138
5 77
190 22
132 65
178 38
191 5
95 22
49 41
160 42
160 96
49 171
173 191
20 150
179 117
163 110
80 34
188 178
136 111
25 119
102 130
6 117
76 7
8 11
93 63
133 54
75 189
24 26
79 174
156 157
177 134
163 77
32 172
7 114
175 196
85 158
53 144
92 180
48 155
166 132
80 15
28 165
97 191
66 163
20 156
101 64
33 27
97 18
87 114
180 4
30 30
43 9
102 5
177 195
18 167
15 102
53 75
87 112
84 18
97 109
138 184
132 101
68 118
103 101
44 48
60 6
150 159
148 169
75 120
184 25
167 191
83 47
99 97
124 30
61 8
186 165
14 176
191 14
171 74
170 181
146 54
196 31
148 185
132 64
192 37
123 158
154 69
152 179
46 10
171 108
128 65
167 176
12 128
54 144
110 19
63 175
29 72
118 108
13 108
98 130
104 88
91 93
20 34
120 125
25 47
156 53
89 189
156 50
5 24
139 80
45 70
159 102
118 164
166 176
166 84
83 50
152 84
22 65
87 170
81 57
121 57
111 150
137 123
49 190
24 169
36 108
24 193
179 124
161 115
159 29
152 93
119 53
61 191
31 121
114 8
34 31
59 2
144 145
178 118
138 24
20 125
54 7
104 51
13 104
27 165
146 58
127 179
53 17
157 13
120 154
189 18
155 15
17 54
99 112
38 64
16 115
66 34
154 88
36 137
110 134
190 165
190 52
78 96
154 50
49 90
31 126
36 53
143 56
129 161
121 56
50 124
93 124
90 4
169 21
65 51
12 88
187 100
90 149
189 156
17 68
143 196
15 137
191 156
54 104
42 122
166 82
174 142
132 167
10 29
117 185
166 181
93 111
128 155
28 166
23 28
142 148
23 66
167 104
122 30
190 103
1 178
98 69
169 91
127 121
155 40
67 103
85 136
186 101
27 135
159 77
29 171
2 91
116 175
4 92
169 143
169 31
73 149
124 76
156 70
7 150
42 2
106 51
54 150
79 34
5 177
123 145
129 52
13 69
160 124
2 179
30 31
85 97
5 194
167 59
40 75
11 181
195 93
118 106
43 36
127 12
162 18
190 117
143 94
61 12
134 141
164 174
62 33
142 16
15 67
65 114
189 37
64 146
187 155
179 49
78 176
94 83
98 17
41 87
148 148
88 96
180 181
90 120
105 24
6 15
169 26
138 14
41 148
133 171
100 17
133 145
27 141
168 59
4 194
166 133
70 2
195 114
43 10
101 8
55 116
46 110
7 172
33 87
134 41
168 192
192 56
11 132
50 163
136 173
153 169
79 176
110 175
117 82
117 47
90 181
67 175
152 85
13 79
149 21
127 125
146 75
40 19
44 114
43 116
30 45
29 117
78 97
80 138
6 47
4 25
151 133
186 77
160 189
183 108
95 136
159 75
75 91
31 89
146 103
192 146
89 157
24 24
26 115
178 119
64 182
41 144
167 2
146 55
101 25
161 194
76 50
189 41
2 161
176 119
11 14
40 160
87 148
189 127
111 148
70 49
43 123
53 167
105 163
64 188
71 166
65 155
160 193
10 141
48 157
59 127
16 176
121 191
197 183
49 105
29 170
116 70
98 191
169 195
117 37
82 136
70 47
125 56
110 86
17 115
23 87
184 193
182 26
70 139
88 95
51 15
156 178
53 145
65 34
170 141
12 40
92 173
84 90
13 9
175 10
109 162
51 75
168 100
190 130
68 48
127 112
90 102
141 54
14 132
27 169
160 172
122 113
117 28
65 18
127 37
165 152
73 131
182 28
128 1
156 52
105 100
126 180
72 86
41 182
78 157
55 103
91 109
188 77
132 42
110 185
159 15
144 52
29 162
136 121
87 154
69 88
194 5
116 141
166 160
124 172
134 150
24 147
54 69
99 189
37 136
156 60
44 160
81 73
194 29
76 30
76 38
141 83
31 162
73 132
21 65
92 136
144 40
41 128
188 155
174 6
65 17
147 65
113 148
88 30
175 101
26 129
151 42
122 107
176 78
172 21
45 158
49 48
189 129
157 155
51 175
36 135
116 95
95 12
145 21
119 59
133 113
157 63
152 94
170 46
96 18
23 181
43 2
74 102
165 161
51 145
67 156
174 78
13 189
60 130
174 33
81 127
41 28
154 68
173 51
182 136
6 100
148 118
158 133
162 13
123 84
8 117
40 171
108 169
119 161
31 117
63 97
64 16
104 60
88 1
106 16
105 123
30 76
76 51
180 179
185 92
80 136
98 132
158 106
158 128
123 109
167 5
37 75
98 133
36 52
194 142
169 104
40 163
42 76
119 52
49 110
6 16
56 61
162 193
103 130
145 119
23 136
30 64
42 88
61 2
30 46
156 101
7 166
97 158
16 74
141 53
160 105
113 142
20 189
46 6
4 122
133 139
12 106
100 108
168 183
183 151
118 107
61 163
110 16
92 42
65 162
25 116
190 167
17 24
95 98
175 195
26 81
142 96
162 8
53 55
137 10
71 125
74 127
33 8
179 20
139 160
165 167
165 182
182 196
164 152
115 84
7 121
21 85
71 7
15 134
146 57
18 187
130 165
123 80
126 67
33 33
132 54
93 110
17 176
20 149
103 148
169 52
189 10
55 158
82 1
145 148
3 177
117 86
55 115
41 66
76 178
25 183
188 136
11 87
67 36
120 162
138 168
17 48
14 51
67 106
118 159
84 97
190 48
109 134
85 17
109 55
31 148
162 128
42 134
128 156
190 8
91 91
15 93
136 128
58 137
137 147
67 75
76 3
151 179
52 116
92 68
115 50
26 134
42 115
135 167
22 136
189 102
189 155
56 156
55 102
110 171
54 124
97 193
3 174
156 1
72 131
56 138
119 144
157 142
96 52
81 87
27 72
102 149
71 190
136 90
53 147
69 20
75 136
45 155
134 102
162 189
61 145
196 29
180 109
180 183
75 132
41 82
194 81
153 176
97 85
98 195
88 93
78 34
195 95
39 194
25 16
184 30
173 164
37 185
59 159
135 141
106 141
141 80
189 170
19 192
44 122
187 106
11 146
121 141
89 197
85 156
179 78
63 46
167 132
68 190
62 11
182 95
63 170
170 61
34 75
42 18
123 152
52 100
78 128
30 8
41 158
65 47
119 185
35 73
20 168
2 163
41 3
175 132
195 144
5 99
76 82
138 120
117 84
134 167
20 192
31 150
161 10
69 172
64 11
77 58
56 4
104 130
76 80
166 170
194 130
103 179
28 51
169 33
142 32
75 96
11 179
143 149
16 153
107 73
138 163
42 46
180 27
14 46
195 188
104 159
191 189
154 39
159 191
77 185
94 140
109 101
189 114
42 94
189 118
29 169
8 122
74 92
136 113
136 15
4 24
186 92
45 109
136 110
108 112
189 81
127 1
88 52
178 134
35 149
106 71
75 27
51 17
124 88
196 56
134 144
78 178
145 117
58 136
74 190
92 131
123 149
87 161
149 158
147 68
52 118
181 185
65 119
132 40
93 68
148 130
34 126
155 41
78 32
86 30
153 57
177 146
133 188
24 118
162 172
180 196
76 2
33 20
40 175
103 181
147 185
65 116
159 172
104 64
161 191
117 187
38 113
2 95
33 26
100 8
138 23
162 9
66 38
191 195
13 14
88 72
25 50
50 86
164 167
146 64
97 67
113 25
181 39
35 33
23 169
128 182
190 192
104 90
136 130
106 159
169 57