9 33
17 52
61 75
20 1
84 92
42 57
75 81
39 76
23 33
63 58
29 32
94 61
63 23
97 40
82 13
93 81
82 9
15 50
10 46
62 56
37 64
16 9
98 4
5 19
51 43
3 38
52 24
15 11
85 86
72 37
85 8
43 83
48 82
54 6
73 97
75 28
79 88
79 66
16 53
3 69
82 8
98 79
6 49
39 64
64 11
26 25
61 1
15 17
76 34
6 10
7 48
97 63
71 95
20 83
8 34
48 32
75 16
54 43
26 61
2 57
91 62
67 71
36 92
79 31
51 52
71 97
34 21
57 65
28 15
92 3
71 74
78 72
16 70
54 84
47 55
94 76
21 92
23 91
40 84
83 24
32 45
62 79
11 40
25 46
40 75
46 15
94 56
86 4
87 96
4 43
70 52
17 18
90 18
83 18
30 56
58 31
88 98
73 14
55 60
31 34
75 53
37 45
56 21
73 53
24 54
X
56 47
19 43
85 60
49 16
1 92
48 58
17 78
34 50
69 95
98 39
81 79
81 9
44 0
46 36
6 3
81 33
48 33
41 1
75 59
89 66
71 35
20 23
14 16
73 8
12 66
83 20
96 21
2 73
14 33
35 18
53 93
65 51
90 77
55 67
64 57
53 42
48 76
13 11
15 75
14 71
59 7
8 90
48 47
29 98
43 58
50 60
53 53
62 49
95 28
27 7
26 38
37 93
27 40
30 94
48 66
59 47
38 43
45 76
13 15
49 80
52 79
12 84
4 21
43 32
85 67
33 46
49 85
3 9
44 62
39 52
52 42
45 51
25 97
15 47
41 14
83 79
21 34
11 70
70 60
38 56
32 39
87 4
44 27
7 13
26 54
91 18
7 70
22 11
47 19
54 14
75 44
95 71
33 50
64 89
12 37
57 95
70 48
79 9
68 63
30 8
94 24
24 97
4 78
36 0
17 95
31 38
89 15
35 69
62 65
6 58
92 81
39 0
19 24
76 64
7 16
67 73
36 56
35 64
10 91
70 35
1 10
92 12
0 72
3 29
12 82
25 37
60 88
32 93
21 43
10 59
81 69
93 15
93 60
90 21
39 9
53 86
54 56
31 18
42 93
17 27
6 13
83 69
45 92
46 17
88 44
30 84
50 70
43 48
23 16
33 21
87 53
66 46
53 91
2 96
22 33
30 44
29 55
40 83
65 37
84 4
68 88
78 69
50 73
95 10
63 64
37 30
15 14
68 54
73 93
48 93
56 48
45 27
87 76
44 13
24 48
79 13
77 72
10 13
95 98
58 92
82 68
82 24
91 13
2 97
95 59
13 44
93 33
5 13
52 38
6 52
18 56
25 56
30 10
92 41
22 12
14 90
12 60
1 88
41 44
65 9
55 51
58 61
28 8
15 38
29 52
33 27
69 31
3 25
22 56
38 36
87 22
53 81
47 71
72 27
38 50
7 19
91 71
56 63
83 77
73 34
64 56
30 9
40 16
66 18
61 56
22 17
31 82
1 43
30 80
50 55
98 22
80 75
47 97
21 68
59 65
11 90
13 95
36 28
12 24
45 95
27 5
79 33
7 78
88 63
10 2
80 82
16 13
24 81
37 41
55 93
87 9
64 5
12 10
85 39
60 33
90 97
9 57
19 88
15 9
69 56
16 18
6 77
65 71
88 65
3 33
37 34
43 35
22 80
15 37
96 81
18 9
91 94
92 64
5 69
59 74
96 0
95 38
12 53
50 42
11 18
54 50
92 57
72 26
66 30
4 44
72 4
2 18
28 62
63 36
5 59
9 71
85 19
94 60
91 7
52 54
56 27
23 79
28 45
44 10
32 75
29 85
66 81
78 21
82 33
44 9
12 21
62 15
95 86
57 67
19 96
39 67
74 48
49 63
73 96
49 49
91 40
60 41
53 64
78 37
4 16
15 56
4 67
97 33
73 33
30 46
96 42
62 37
53 15
23 19
52 85
73 45
57 39
84 52
40 47
72 65
21 41
21 53
50 81
54 72
1 94
35 20
42 39
83 63
65 94
42 48
95 56
44 53
12 75
43 22
1 73
10 15
19 60
23 73
83 22
72 36
71 43
86 36
58 90
12 48
42 15
61 78
X
1 0
88 27
74 62
12 38
8 87
65 57
63 55
37 12
61 67
74 0
10 94
2 34
6 33
95 6
61 71
66 90
56 68
60 92
4 61
46 8
27 49
56 55
19 5
60 54
69 57
63 31
92 30
26 48
49 87
8 15
91 55
19 55
54 69
35 74
36 14
54 53
53 62
35 65
45 62
45 32
97 71
69 50
63 66
50 47
78 78
41 66
4 26
36 48
20 4
76 19
25 40
64 41
63 77
50 3
27 89
73 25
33 70
39 72
45 81
11 9
31 0
34 46
85 24
52 15
58 11
77 54
86 46
57 88
12 72
44 88
7 65
78 81
19 25
98 81
77 43
34 35
65 86
57 10
6 39
56 1
4 64
55 57
1 55
39 95
14 14
95 26
9 84
87 87
50 17
68 75
13 58
21 95
54 36
15 21
20 8
55 20
82 15
21 82
2 69
53 2
83 9
60 70
86 15
43 71
97 12
20 46
11 21
34 31
30 51
71 76
43 16
10 64
74 78
5 25
48 16
40 45
88 14
16 68
74 35
3 94
89 92
12 40
29 65
85 36
47 72
87 17
42 50
94 15
16 80
45 45
64 2
96 43
88 92
37 78
51 68
97 17
26 5
4 38
58 98
96 51
5 40
36 7
27 46
63 67
20 18
42 2
22 59
60 80
52 25
6 20
10 58
30 35
61 35
65 81
78 9
53 38
6 47
95 0
74 55
62 47
66 20
29 5
1 11
21 13
7 87
49 65
50 22
57 64
50 18
54 85
91 15
84 91
26 97
76 16
90 91
45 56
95 62
43 75
51 9
2 23
55 61
95 30
86 76
86 52
26 42
8 39
79 81
91 91
14 39
27 65
96 47
74 9
58 83
7 26
47 34
98 44
32 29
86 79
23 60
59 2
27 3
76 76
7 64
96 9
91 67
78 80
90 98
72 9
86 80
38 60
48 22
12 71
82 55
X
85 73
83 81
3 77
21 73
40 5
2 68
33 22
46 51
37 17
96 90
70 9
44 30
20 2
72 22
74 63
39 10
36 57
88 8
38 34
87 71
24 33
6 34
94 69
36 68
5 34
83 89
10 3
72 40
88 18
87 6
47 20
60 36
1 12
83 6
95 4
79 3
84 35
5 12
24 47
29 6
80 28
86 78
15 76
19 69
39 25
28 71
70 37
76 20
73 82
69 51
53 13
97 9
96 62
89 25
61 16
18 91
38 30
51 64
22 75
65 92
30 0
12 96
87 30
23 94
43 76
40 50
28 48
24 61
80 12
47 49
53 27
46 45
12 87
69 40
43 69
62 30
89 91
10 12
74 57
29 25
62 70
11 30
35 8
30 50
89 1
2 67
21 93
44 55
20 57
16 96
14 82
54 96
45 44
20 10
56 84
84 3
23 4
51 27
65 75
32 78
27 75
20 63
59 17
75 37
0 45
37 82
97 68
39 86
64 7
73 44
0 9
90 96
89 37
30 74
64 17
88 46
53 40
3 74
9 11
89 65
31 79
67 89
59 18
73 52
66 85
74 49
35 67
13 46
97 72
84 7
96 68
37 83
93 14
41 90
20 15
82 54
47 17
38 59
5 30
2 56
23 93
53 3
93 7
57 4
76 43
42 84
40 95
78 94
26 75
98 17
33 36
79 62
4 28
35 47
23 45
88 91
88 80
58 24
4 77
95 42
22 4
58 3
74 29
84 88
96 94
13 41
6 82
52 92
6 8
69 52
27 53
90 23
8 79
37 22
69 93
36 17
62 92
89 24
2 90
88 16
25 70
57 72
87 56
59 69
6 19
80 48
91 21
46 43
26 37
90 72
31 1
71 89
84 60
56 36
18 45
21 35
37 84
37 79
13 62
47 27
29 56
72 85
57 40
36 16
3 53
44 87
45 16
50 49
9 90
49 42
76 81
63 2
8 89
14 84
8 84
51 90
45 14
73 13
68 40
16 56
87 15
10 54
94 62
93 51
59 67
7 83
31 8
50 85
82 7
49 69
54 94
23 69
85 10
69 28
13 10
56 7
20 43
48 63
6 11
26 90
94 13
12 43
70 6
69 4
5 28
38 27
39 47
74 94
91 25
80 76
11 35
43 86
70 30
47 48
56 89
87 95
61 92
83 48
57 87
60 73
81 30
25 78
28 68
64 39
79 22
32 21
29 45
96 20
72 44
71 93
88 32
1 47
98 49
10 47
93 79
5 26
93 72
54 11
78 58
57 11
86 8
45 21
15 95
84 25
63 53
42 16
84 77
82 52
12 22
15 87
23 40
84 10
33 7
77 20
64 61
41 88
15 3
73 32
37 31
41 63
24 30
58 84
97 70
34 87
41 12
60 25
85 64
8 71
57 5
24 46
23 59
95 85
24 40
7 36
52 7
88 12
79 95
76 29
13 75
24 44
72 96
75 38
74 93
59 90
78 60
24 17
64 29
27 2
54 29
88 15
57 42
32 82
14 65
39 62
61 94
20 30
69 35
90 68
6 88
84 83
62 28
87 41
88 25
37 80
68 51
79 63
80 95
77 71
76 1
93 77
6 25
27 59
34 62
36 81
46 93
53 60
39 49
69 61
1 51
87 29
50 54
61 91
67 48
35 21
23 36
47 85
38 16
59 68
36 79
78 28
22 91
32 50
44 15
23 30
3 70
41 46
34 27
88 54
32 33
28 20
59 6
67 42
39 37
66 3
5 7
94 94
57 32
58 75
90 71
50 30
70 83
21 69
80 4
69 17
70 12
47 36
9 58
67 93
35 72
26 53
14 2
76 67
18 35
94 79
67 44
41 3
24 45
55 73
85 44
37 68
89 42
38 73
25 17
9 66
14 60
90 95
4 11
57 96
7 88
59 37
23 31
97 8
51 54
49 97
7 39
53 14
64 24
6 12
41 43
81 93
98 80
70 66
29 76
42 76
49 19
6 89
69 80
78 18
4 93
35 78
13 71
14 64
13 60
59 56
80 10
25 68
57 81
49 37
86 14
34 36
45 87
39 2
55 4
61 66
36 38
98 95
27 47
57 20
93 22
33 79
86 60
85 22
88 66
22 35
61 70
0 94
95 43
24 85
82 0
61 9
19 45
23 95
17 68
40 56
47 82
5 89
79 73
93 73
17 80
31 6
51 48
90 56
4 13
12 47
56 39
50 27
22 78
19 51
53 41
93 41
49 88
15 22
26 31
31 23
0 59
86 24
48 55
4 56
88 67
8 26
67 60
41 11
82 78
4 53
35 41
68 55
30 97
40 42
94 21
1 52
14 79
22 38
71 2
27 27
42 77
4 34
41 18
4 29
46 40
42 3
10 44
83 12
53 20
55 83
78 56
20 77
61 39
23 43
4 33
98 18
39 58
35 89
56 56
28 2
12 89
47 81
4 35
49 17
48 6
88 36
13 53
84 24
80 77
35 25
70 49
89 94
26 39
26 91
10 14
9 46
16 65
43 70
66 71
87 79
89 77
68 39
2 19
35 28
82 85
94 89
45 93
47 33
81 2
54 15
20 45
37 32
33 14
65 19
33 71
75 71
18 97
42 70
11 68
29 46
9 39
14 63
37 63
X
32 13
96 77
68 21
51 42
16 79
37 42
98 25
61 80
6 45
33 24
60 37
67 43
27 66
50 38
73 72
89 90
25 26
45 13
97 22
46 66
34 80
95 89
34 74
59 52
70 29
47 9
12 17
28 40
89 14
75 75
77 33
88 7
14 86
84 89
47 39
88 55
69 65
50 8
47 8
2 11
90 86
26 22
58 91
56 61
71 80
63 18
88 93
98 0
77 76
85 56
55 80
6 36
59 16
21 71
0 56
63 80
21 78
16 73
89 50
75 92
17 57
51 39
63 28
84 32
5 52
64 86
63 91
60 72
26 21
91 51
68 79
85 81
29 77
16 14
45 35
21 8
73 83
13 49
15 94
4 12
40 39
13 97
36 82
63 78
58 81
71 13
33 23
66 91
50 77
53 24
81 60
98 66
54 82
29 21
53 44
46 12
81 10
73 79
71 77
35 38
45 98
74 6
83 25
53 29
88 45
71 42
26 81
93 59
43 65
29 49
72 51
70 3
63 61
50 36
11 62
7 96
84 36
72 12
94 7
78 55
39 46
90 14
90 25
67 17
26 24
72 33
93 74
46 79
86 44
88 50
35 91
41 79
75 40
57 24
50 57
23 57
35 42
72 86
84 33
68 28
60 18
77 58
47 30
59 57
97 91
90 22
2 94
76 4
59 53
40 55
87 74
52 9
28 73
32 59
6 81
67 24
41 42
61 88
60 3
2 87
76 40
81 89
79 64
41 87
26 83
10 8
78 87
82 53
58 67
13 93
25 91
89 83
66 31
27 29
50 92
46 42
97 49
43 63
50 19
12 65
48 81
34 49
23 70
26 77
55 84
69 2
27 76
64 91
70 55
35 46
20 16
49 66
29 84
82 49
98 84
33 68
X
0 82
69 64
8 51
70 13
53 26
54 0
90 32
72 50
7 77
10 86
93 82
89 82
76 88
65 88
38 75
7 6
75 48
96 63
97 84
79 94
76 57
40 22
7 11
51 79
97 58
67 47
74 4
43 23
34 81
24 49
3 7
11 46
47 62
1 13
22 48
93 93
27 11
29 31
69 81
60 23
39 20
13 73
74 18
83 74
57 80
66 56
39 83
2 26
87 36
27 31
97 19
78 52
46 82
57 55
46 44
93 88
34 52
56 60
77 55
97 46
34 67
13 4
2 66
94 30
12 15
37 89
14 93
72 43
52 40
64 27
15 97
54 80
80 85
59 4
7 25
75 0
0 10
96 80
9 55
84 85
82 6
51 81
75 98
25 11
32 54
92 16
64 3
39 30
64 44
15 79
74 24
40 88
44 29
33 32
52 62
74 79
60 22
55 76
8 13
51 3
11 42
83 49
72 64
46 52
9 8
18 43
32 88
3 60
14 37
25 55
77 9
62 40
48 24
35 11
97 20
10 69
97 85
44 36
80 26
55 36
54 91
65 44
35 68
85 78
35 60
81 50
24 77
93 2
33 89
18 92
2 47
12 74
60 61
28 9
94 23
44 59
12 92
83 13
54 92
92 91
11 36
19 13
76 63
11 25
50 71
5 63
56 65
81 14
21 33
26 82
5 91
42 49
19 82
6 27
38 17
24 15
52 57
37 15
17 9
16 76
35 45
55 26
24 24
94 53
18 7
17 64
56 26
28 43
38 91
44 8
33 69
91 26
6 38
9 20
20 24
4 66
38 94
37 11
79 29
19 20
5 21
39 89
3 86
82 35
5 8
47 98
27 12
17 72
18 89
94 0
2 14
88 35
22 67
3 63
52 78
14 61
48 54
50 78
2 45
9 68
77 15
48 34
48 3
74 37
97 21
7 15
77 41
10 66
12 93
73 30
60 90
46 87
24 91
72 48
46 9
37 35
83 10
74 30
5 68
19 67
80 63
28 16
86 23
89 67
56 49
40 17
56 73
69 91
82 87
X
28 86
82 83
44 32
30 5
48 37
55 87
16 55
92 85
7 61
5 2
16 19
49 33
84 59
21 58
48 28
41 54
92 53
53 83
51 20
0 53
71 92
16 26
96 55
16 97
10 72
5 82
89 58
54 5
4 68
28 85
11 20
33 86
24 86
55 89
8 70
58 45
45 86
21 23
4 45
38 78
45 91
47 14
72 67
1 46
74 60
39 31
33 20
71 48
79 8
12 97
46 20
44 38
75 62
45 8
60 84
76 51
86 33
59 84
79 44
86 2
78 93
85 17
57 56
36 85
85 13
52 41
25 57
37 49
83 5
63 54
6 48
50 40
10 48
69 25
87 20
18 20
41 93
93 76
72 45
0 20
50 41
90 30
25 75
50 5
6 74
6 1
80 21
4 63
17 22
44 47
55 49
32 20
3 56
56 25
19 8
26 88
39 43
41 0
75 32
76 22
11 58
37 91
4 0
91 68
15 60
46 60
17 2
28 34
43 8
21 45
63 42
6 54
20 67
35 0
79 96
22 14
55 23
27 61
25 18
45 58
80 71
26 80
23 39
85 68
95 83
88 96
54 62
72 42
8 36
35 57
87 14
69 23
20 35
16 2
41 56
20 28
2 50
58 39
58 32
94 9
23 8
X
62 29
43 80
70 14
85 83
52 72
54 16
35 80
11 76
21 10
9 26
61 63
23 3
53 85
56 5
83 57
13 84
82 14
88 22
23 76
68 90
66 36
33 80
3 95
44 11
63 81
44 28
55 59
55 70
55 28
65 56
24 3
89 54
53 39
25 58
16 86
10 16
67 59
60 57
13 55
20 33
60 83
3 45
4 59
87 54
43 15
17 79
41 86
9 92
62 26
83 75
58 46
80 87
74 50
44 19
28 10
39 80
5 48
30 69
84 98
77 14
19 35
54 77
43 78
65 52
36 37
17 65
7 12
35 56
46 16
14 26
93 89
30 31
11 89
70 81
43 49
88 26
91 66
4 23
42 1
22 63
60 28
53 89
27 32
16 10
56 23
66 70
19 93
18 6
30 28
7 47
96 96
91 33
73 85
21 31
75 35
18 88
77 10
53 11
88 34
25 20
72 2
95 87
8 11
71 59
52 22
43 14
32 74
8 9
55 75
80 67
86 63
75 8
10 42
17 34
12 29
82 39
66 57
79 69
8 5
73 10
94 73
43 82
62 76
70 72
17 70
88 82
61 2
26 60
86 56
78 11
83 8
51 96
23 97
72 58
24 72
30 67
79 11
54 24
53 56
17 66
89 13
79 28
59 95
66 94
72 0
87 64
36 41
40 68
73 78
44 77
68 91
42 91
92 37
54 73
75 65
57 60
81 84
29 19
34 39
96 22
75 64
62 81
30 4
98 24
4 40
69 73
95 81
96 10
41 8
34 85
6 30
50 28
58 77
78 59
90 52
81 26
76 61
8 95
79 1
40 1
11 12
93 70
47 58
64 28
36 78
24 76
2 25
46 95
46 41
73 61
53 7
41 20
36 46
77 4
27 84
6 41
5 94
67 52
78 46
15 52
92 82
31 47
53 6
11 60
33 31
82 21
82 97
53 95
80 34
85 65
83 60
6 86
33 85
52 19
63 84
38 55
21 11
66 22
75 94
38 92
12 9
9 3
49 13
57 78
38 57
95 75
55 58
65 7
8 42
44 83
26 89
83 4
66 58
49 96
37 27
16 49
24 22
6 65
83 64
21 76
67 25
56 45
0 73
71 28
17 24
50 35
42 45
95 12
11 47
89 12
96 59
90 38
40 48
25 31
68 48
92 13
79 58
10 11
15 74
23 83
9 85
62 59
93 13
70 47
33 78
48 39
61 55
0 22
3 90
22 34
12 64
94 86
34 26
89 16
30 53
43 24
14 17
80 24
26 13
20 54
44 75
15 15
64 19
77 93
93 56
96 82
56 71
58 94
12 36
73 75
95 5
76 49
65 4
95 68
83 59
50 65
28 14
33 65
59 93
48 27
39 65
15 51
31 21
87 31
61 46
47 41
32 42
16 25
76 84
94 74
5 60
74 95
78 54
21 52
36 15
36 20
41 84
72 69
16 93
40 14
47 89
95 46
86 22
63 27
12 44
43 11
80 50
32 25
33 29
31 70
37 14
87 66
21 96
65 33
72 31
27 69
90 67
27 77
20 39
22 57
10 60
14 11
60 77
2 58
58 74
72 74
91 52
57 14
41 94
23 28
74 91
67 80
47 51
49 36
70 67
10 18
86 13
21 61
72 60
91 96
32 26
10 87
42 88
14 77
88 33
25 12
30 79
72 94
66 29
86 35
20 13
38 29
16 11
20 7
46 89
11 2
0 87
38 25
47 40
81 75
63 44
44 92
83 16
56 32
91 86
49 20
90 35
50 52
94 34
14 73
49 90
17 61
64 64
9 65
84 69
43 85
30 66
13 20
33 59
28 23
0 55
56 53
97 7
38 90
8 38
10 70
16 0
39 38
23 11
88 52
79 7
18 51
80 78
79 50
37 96
12 67
24 69
34 11
40 2
73 36
80 57
91 95
40 41
37 7
21 59
5 17
32 0
62 80
22 6
49 52
28 79
64 42
84 87
58 59
14 10
73 7
42 60
10 40
54 61
72 63
87 78
11 88
38 8
69 20
8 67
34 59
67 32
76 83
74 25
X
80 20
66 42
93 68
83 85
82 58
96 46
54 12
23 1
14 29
82 98
61 15
75 87
53 23
64 98
23 5
23 77
28 76
45 36
86 31
44 26
49 78
60 68
47 95
19 18
16 21
70 28
19 46
24 70
41 24
29 18
84 86
26 69
7 37
60 2
47 45
30 25
X
4 83
91 31
97 55
83 23
51 59
73 27
38 20
31 37
41 41
95 90
84 67
37 19
93 36
19 21
27 4
20 56
25 52
41 78
54 4
54 3
83 19
30 29
3 16
73 29
77 34
9 98
33 39
80 56
51 89
59 29
10 28
87 13
68 62
76 13
16 6
69 78
37 76
19 77
53 1
71 79
49 5
20 80
29 35
94 64
87 77
77 59
3 87
46 55
43 88
72 24
88 89
6 63
12 11
59 75
81 17
60 67
74 74
43 67
82 1
19 17
21 12
72 28
44 40
6 4
64 80
1 87
57 22
43 89
78 75
67 23
29 89
30 1
35 70
44 80
6 96
11 10
56 8
34 91
97 69
11 24
17 88
82 69
72 88
1 86
73 49
88 88
57 75
28 27
2 1
26 67
44 69
55 41
19 42
85 98
40 78
77 87
X
70 74
47 96
34 38
28 44
20 82
6 24
55 86
52 82
48 2
84 95
8 35
41 35
48 92
49 27
24 13
54 44
92 31
59 35
9 86
32 17
73 57
83 65
19 54
26 43
48 51
7 86
46 38
38 21
32 85
14 83
82 18
8 82
58 60
31 19
0 12
62 64
41 39
57 93
47 61
55 78
51 58
45 39
74 85
14 49
91 1
75 79
15 58
94 25
49 89
91 42
64 93
0 65
37 52
13 47
32 23
55 38
55 33
63 15
84 18
84 13
0 21
42 20
25 28
63 57
92 94
84 22
4 9
43 39
69 38
62 27
71 90
95 40
76 35
11 75
14 80
87 91
11 41
63 45
37 85
71 33
47 37
68 25
87 34
64 9
97 23
47 13
48 40
16 64
77 1
66 19
97 62
17 10
82 95
50 43
36 58
32 66
38 87
54 89
34 77
97 41
20 53
76 14
34 13
42 80
49 75
97 96
68 84
79 39
39 6
98 11
84 75
6 2
42 14
55 98
35 17
48 57
39 27
72 25
45 79
97 1
57 63
90 43
33 88
91 5
4 15
31 63
15 98
80 36
88 87
76 98
1 30
74 83
41 13
83 90
98 3
94 78
47 42
17 73
65 43
84 57
48 11
15 33
25 44
51 22
12 77
74 77
44 91
8 68
81 91
68 56
57 52
87 11
5 98
63 30
82 86
78 71
67 53
7 81
82 91
68 32
88 3
12 54
38 89
28 31
56 85
95 88
56 3
7 23
95 15
28 28
90 1
77 29
33 55
4 81
77 50
37 60
48 78
3 58
32 51
18 93
55 91
79 68
58 23
66 44
15 20
54 88
11 29
47 32
29 24
82 32
14 62
18 52
26 32
17 42
65 39
59 60
72 61
47 54
81 0
45 80
2 53
95 91
72 71
85 31
38 32
37 62
66 61
1 53
93 32
70 70
X
93 5
72 39
74 7
40 19
76 77
9 59
21 39
69 48
43 55
39 54
76 38
30 24
54 39
23 55
16 71
23 27
56 54
63 19
74 96
31 50
12 4
38 19
77 16
85 30
13 91
62 75
47 35
26 55
54 40
42 62
89 39
77 28
9 16
39 75
86 70
57 38
27 52
96 72
97 26
44 39
75 50
96 19
7 75
32 37
58 55
35 75
34 86
44 67
15 61
66 80
93 94
98 91
28 12
63 41
63 94
56 80
37 90
4 30
8 86
23 96
44 34
26 50
12 78
80 61
47 93
73 31
49 67
63 71
45 63
22 20
5 42
56 4
98 30
22 66
44 84
15 72
93 62
67 29
87 83
4 2
11 57
94 16
15 69
30 32
94 12
68 37
37 98
71 78
78 50
91 93
21 27
3 64
69 59
77 79
61 73
23 61
29 78
33 19
91 97
1 9
95 45
40 86
82 2
6 79
20 22
86 85
60 59
14 48
57 98
79 92
18 17
48 53
98 2
46 53
45 59
66 74
5 83
98 88
18 79
11 74
80 94
77 44
21 60
68 23
64 63
26 4
90 82
54 47
47 69
78 19
96 85
81 67
60 82
17 97
46 32
32 40
37 95
34 64
65 54
67 91
90 39
7 82
42 12
5 66
29 10
63 37
67 2
8 18
26 58
68 10
65 91
90 57
35 51
12 83
19 91
48 41
44 46
39 36
69 89
59 72
97 81
56 62
65 73
49 38
85 55
58 9
0 86
60 24
X
29 57
79 41
8 45
65 95
21 1
57 92
22 40
79 83
49 41
63 16
26 35
37 94
14 87
39 33
30 54
98 47
31 20
53 22
24 29
20 98
47 24
2 65
98 26
24 39
12 70
38 13
24 20
24 52
73 89
7 5
86 82
28 17
29 44
59 91
89 70
4 72
42 75
81 28
68 16
18 64
81 22
55 63
32 14
77 36
19 44
4 24
13 82
96 13
20 95
36 71
87 57
11 55
15 89
13 37
49 50
84 19
7 84
76 36
50 12
63 48
95 48
68 78
16 34
90 12
78 85
34 82
1 91
96 31
57 68
86 65
38 96
68 44
76 41
67 82
98 74
14 70
66 84
44 94
4 41
34 71
74 86
81 54
13 29
95 1
27 23
37 25
68 26
43 56
9 10
16 88
66 51
12 73
7 1
50 76
32 97
39 18
54 18
32 32
97 79
45 10
89 56
50 96
18 0
66 21
49 91
75 31
55 62
35 83
70 82
47 76
92 59
58 40
23 53
73 0
84 40
49 58
58 56
90 31
30 60
77 65
28 1
46 54
25 27
29 39
18 55
94 57
25 86
43 21
10 74
94 91
56 20
22 52
15 86
31 87
52 50
83 83
51 17
37 13
97 93
64 18
90 34
29 29
65 10
94 32
42 38
6 72
94 82
12 33
22 62
20 17
72 21
89 36
34 60
73 23
14 68
26 62
47 87
38 35
77 90
36 42
25 34
89 64
1 85
52 47
26 36
45 1
15 65
5 3
14 54
16 77
75 43
67 4
92 86
78 45
65 58
36 95
39 16
39 22
44 21
81 98
67 94
96 91
41 83
84 29
9 35
91 19
89 78
34 32
43 61
84 37
56 59
65 28
26 20
74 10
55 94
73 18
59 87
58 2
4 19
42 87
67 16
79 16
75 23
8 21
50 29
58 62
77 78
85 5
15 80
39 63
44 70
44 14
63 70
70 96
27 45
81 20
37 1
32 36
14 76
51 10
73 71
79 54
1 93
88 6
12 56
54 95
84 47
68 81
45 94
96 14
18 72
9 36
71 50
91 24
69 49
26 11
11 67
92 44
24 28
89 17
39 19
79 12
72 46
65 30
2 89
49 53
32 49
29 90
24 34
66 23
57 53
7 49
84 2
59 81
87 82
49 29
61 28
93 71
83 70
9 44
10 62
96 48
60 74
10 98
50 68
7 89
22 55
95 27
36 39
81 16
27 15
70 73
3 57
15 48
90 58
86 61
96 95
18 74
85 59
16 7
75 70
28 47
20 69
96 41
52 80
78 92
31 16
69 71
79 82
52 39
18 21
83 7
18 57
74 61
45 61
11 84
32 63
79 46
53 54
63 43
66 87
70 68
24 50
56 81
26 9
47 38
4 86
19 6
58 37
98 57
59 26
33 94
30 40
19 58
77 73
35 82
71 27
39 70
52 35
57 86
23 50
78 23
26 59
43 68
91 41
81 1
9 42
13 36
24 80
82 81
87 12
38 83
14 97
8 20
48 12
79 23
95 23
5 22
23 44
34 18
78 68
33 45
84 5
50 53
71 29
57 84
92 62
68 83
88 13
70 5
77 2
28 81
59 39
93 29
24 9
90 37
94 31
15 78
29 71
33 95
X
48 97
55 40
80 86
57 69
10 77
19 34
76 50
69 8
29 83
13 17
75 74
74 56
45 42
38 51
47 77
73 24
50 75
68 96
16 12
62 7
69 58
92 89
37 48
80 14
66 55
8 27
57 77
81 29
73 9
14 53
63 56
56 24
74 97
92 15
6 23
82 10
8 52
30 77
49 47
70 7
20 51
25 41
9 45
32 60
36 24
42 25
94 80
30 90
38 71
38 49
29 0
X
73 1
78 84
56 67
15 12
8 78
98 10
98 43
8 31
95 63
67 9
80 8
85 32
48 36
67 51
90 55
26 30
79 70
34 76
48 49
X
8 43
81 73
44 22
50 46
83 91
10 25
82 26
91 6
43 33
98 21
43 20
46 49
22 81
62 57
68 71
43 96
81 6
3 24
67 76
19 89
48 19
53 51
13 45
11 17
27 1
42 37
10 65
7 27
55 90
32 90
48 35
40 13
65 98
26 98
32 77
9 38
88 77
36 93
25 7
23 68
22 15
7 95
13 8
85 23
13 94
75 1
1 35
30 83
23 18
47 11
38 80
95 96
95 95
30 19
23 41
34 72
19 10
46 4
84 56
12 59
78 8
48 89
42 82
X
60 63
65 82
83 29
37 37
50 11
46 88
13 19
79 57
12 62
53 82
5 16
75 34
55 69
67 79
14 47
77 22
81 80
6 97
46 92
85 40
41 62
97 25
24 71
50 82
86 74
5 45
62 24
20 78
2 77
87 42
16 29
60 1
84 64
34 23
66 41
40 76
82 40
79 49
33 82
37 67
20 32
8 92
48 62
43 84
17 29
21 15
2 82
4 84
7 91
57 9
25 98
14 59
1 95
42 19
92 14
95 13
63 83
74 88
93 4
90 50
97 38
48 20
25 35
10 55
2 13
24 68
94 3
49 62
89 57
80 89
32 70
52 64
22 79
85 61
54 22
72 54
66 72
35 59
97 44
32 16
22 72
46 39
46 28
23 20
14 25
18 13
30 87
21 85
82 77
8 72
49 23
62 6
85 18
78 17
3 97
8 8
45 41
22 74
51 19
63 79
74 33
90 5
15 66
17 28
95 58
47 47
38 82
37 70
78 20
83 56
89 5
21 44
29 82
28 41
32 48
X
35 36
22 7
8 63
4 55
3 19
5 64
24 12
17 90
70 54
84 73
71 25
0 46
37 50
38 93
35 22
95 92
49 7
83 78
61 81
49 76
X
47 64
98 94
7 63
87 33
70 64
6 95
26 34
13 12
64 6
53 50
89 93
10 83
92 56
49 45
54 7
71 82
41 17
43 18
84 81
64 58
71 96
49 59
92 7
10 39
66 26
36 25
15 24
20 94
67 54
59 85
76 65
24 32
22 70
5 78
6 83
56 98
45 89
28 53
36 60
81 53
8 53
85 41
8 46
46 7
36 91
70 97
32 94
92 96
58 86
53 97
66 54
38 64
81 97
51 18
47 43
55 16
19 72
80 32
76 44
72 95
90 59
48 86
57 91
67 10
17 48
82 5
33 91
56 91
72 76
61 84
46 80
36 23
67 7
71 55
50 6
44 79
59 28
46 10
79 72
25 54
94 36
94 58
71 53
53 19
98 8
83 66
71 75
12 19
29 20
92 5
60 26
66 53
14 34
58 93
27 68
30 17
44 49
85 76
75 49
58 68
17 58
22 96
94 45
56 22
52 65
25 48
68 93
4 47
83 32
45 31
25 36
89 86
19 74
7 14
10 36
25 90
42 47
61 23
92 42
56 14
64 84
67 37
64 37
81 70
65 29
11 83
60 16
14 3
18 53
49 64
55 1
82 90
72 87
96 3
77 88
68 50
65 41
59 15
67 8
15 92
62 41
62 74
2 55
66 33
91 77
6 69
62 16
45 11
86 77
47 18
60 64
98 9
90 16
43 91
56 15
8 65
16 41
18 11
31 33
61 60
64 38
0 57
54 2
4 87
22 16
35 77
77 35
52 46
54 17
41 77
87 67
96 29
10 90
24 67
71 12
93 80
32 35
14 72
68 52
69 63
82 46
98 7
25 19
31 68
26 33
68 94
54 54
13 78
3 40
41 81
11 19
14 56
7 59
10 57
59 48
58 10
35 32
0 67
74 98
9 54
28 21
33 28
5 0
98 61
97 66
11 85
80 96
85 53
52 30
68 43
50 2
3 15
10 88
49 30
73 63
5 95
72 10
66 59
44 81
22 85
82 12
51 70
11 11
20 65
65 83
44 24
3 59
40 69
87 32
52 33
55 13
71 60
96 70
23 15
9 91
82 51
21 14
51 91
45 77
84 70
20 66
9 12
16 90
39 78
65 32
85 63
47 10
62 8
94 93
14 96
43 10
27 48
0 66
30 36
66 98
87 55
73 46
29 30
4 97
4 54
91 74
45 19
84 6
21 4
25 72
86 11
14 52
5 58
53 79
97 15
96 75
43 30
54 42
75 6
53 43
82 22
48 17
70 27
76 92
62 35
54 20
51 5
86 12
77 84
64 26
36 22
25 93
98 65
76 75
50 66
39 66
75 86
57 41
81 94
16 59
93 92
27 81
84 23
30 57
79 38
58 69
98 48
21 42
58 22
7 85
32 81
34 70
86 20
29 47
94 20
79 32
65 38
97 56
25 50
92 27
3 72
74 71
45 15
98 86
21 63
75 29
21 56
72 55
58 73
3 91
36 61
94 81
43 38
28 75
15 55
24 89
43 25
12 61
31 45
26 46
93 64
86 88
59 80
27 8
69 67
45 49
45 66
12 41
24 58
77 86
3 50
96 86
77 83
5 84
52 58
75 58
28 84
92 40
29 9
63 92
2 52
61 27
47 31
33 42
10 20
89 18
91 14
12 69
17 3
3 71
77 75
19 83
0 52
38 47
50 61
33 81
31 90
18 63
23 34
29 43
75 77
4 52
47 21
48 7
14 15
40 74
57 7
61 52
X
4 25
40 85
53 58
85 11
87 8
4 58
79 65
81 90
98 46
41 60
66 92
45 5
77 66
21 64
83 46
91 12
77 30
39 92
93 42
24 18
70 42
35 66
22 10
7 93
72 70
49 28
82 70
41 26
31 31
42 18
52 76
39 29
65 53
29 67
6 9
27 57
20 81
82 42
59 11
49 46
49 82
22 87
15 68
47 67
49 2
50 51
74 70
68 4
95 69
73 74
4 88
76 62
21 3
54 93
25 88
8 6
45 7
85 72
16 91
17 59
59 55
69 82
95 37
53 96
16 47
96 33
37 86
47 46
44 71
35 14
41 95
10 27
69 39
88 86
44 89
96 92
62 12
56 10
2 88
95 74
91 23
42 6
71 72
15 82
62 39
43 87
65 66
83 68
16 27
86 29
48 52
12 55
51 62
9 18
42 17
96 83
33 93
63 12
43 13
87 63
4 80
66 89
4 32
39 39
44 18
12 94
2 76
89 68
29 1
70 50
8 17
13 70
86 98
82 84
64 81
74 89
33 35
15 54
26 84
98 35
84 9
29 72
11 14
14 81
58 79
32 1
62 11
45 71
51 78
12 34
11 64
11 53
79 40
14 8
81 74
89 84
38 7
19 12
88 71
24 56
66 48
71 91
77 53
36 11
45 46
43 36
19 92
97 37
21 62
83 17
41 59
46 75
75 17
81 92
6 28
78 64
23 92
4 42
18 14
63 10
37 57
38 65
35 81
6 70
36 19
33 67
97 48
94 68
65 84
9 79
81 88
38 66
38 76
13 92
23 54
59 77
47 15
98 14
51 53
6 32
30 52
10 92
77 63
80 9
21 22
45 30
11 15
84 28
69 21
9 40
98 85
92 4
91 75
45 85
75 54
98 13
12 0
84 61
48 95
58 41
X
9 87
62 61
88 42
66 7
45 25
60 62
81 68
90 45
81 24
12 86
6 67
8 66
9 50
1 57
55 31
97 80
35 85
2 51
32 22
11 82
X
57 25
48 71
52 83
98 53
98 67
0 81
44 78
38 63
76 73
67 72
6 60
41 6
65 46
15 40
5 6
25 21
22 8
84 8
83 98
27 43
28 64
79 86
4 5
86 55
94 28
32 92
5 93
92 28
36 66
33 34
88 0
64 85
19 75
38 74
23 52
74 20
92 93
65 74
51 85
8 56
13 81
33 13
21 54
89 45
57 47
68 22
45 34
51 33
93 38
63 93
98 82
8 77
2 38
21 74
49 77
71 56
28 59
17 69
83 35
14 50
20 96
94 38
50 86
63 8
7 52
18 3
80 23
73 73
6 7
19 41
28 26
58 65
9 94
46 3
73 50
11 92
78 89
73 20
15 28
96 64
76 70
25 4
93 35
71 36
41 40
51 29
82 94
23 21
64 48
21 25
79 2
39 87
16 57
34 14
45 60
2 27
35 84
68 82
21 79
63 82
68 12
35 23
41 74
14 38
53 46
48 15
94 29
39 71
64 12
81 45
24 43
19 14
34 51
50 24
86 43
31 75
23 24
72 8
6 93
22 2
84 12
9 70
6 22
11 73
83 97
44 82
12 63
67 75
89 34
18 34
44 41
55 22
12 49
0 76
58 47
23 32
74 27
47 86
91 60
37 33
49 86
52 20
65 42
44 68
78 1
62 94
66 50
44 31
12 20
39 5
86 86
26 8
49 39
58 17
21 77
75 85
21 7
96 65
47 66
64 78
15 57
14 85
20 19
35 71
42 96
92 54
53 73
24 4
39 35
49 68
3 76
66 10
54 71
65 23
43 34
63 24
76 58
87 70
18 12
92 21
40 59
29 2
16 42
1 23
18 26
95 31
76 89
89 38
X
40 34
10 85
20 11
37 47
12 18
72 14
82 57
37 23
43 31
7 32
87 84
96 44
16 52
5 53
32 79
97 27
70 94
40 20
72 1
87 18
66 2
52 4
39 77
53 12
91 84
65 50
73 94
15 39
28 19
25 32
68 17
72 73
8 14
6 55
38 11
70 71
65 12
34 0
93 66
97 64
53 47
45 68
16 16
33 52
37 46
63 47
36 47
10 43
84 38
82 67
84 51
41 47
9 17
17 77
74 73
82 88
30 41
53 84
54 75
80 0
43 19
40 46
48 74
89 40
81 3
63 11
71 38
27 10
81 13
9 82
86 62
86 5
10 34
53 16
16 54
94 22
2 29
70 65
85 92
39 96
50 21
16 48
61 37
0 93
66 64
26 47
48 59
33 47
15 62
55 72
13 13
84 20
64 46
26 86
14 55
79 36
10 9
88 17
25 29
78 86
92 36
6 44
76 94
0 64
71 9
70 26
74 32
18 10
37 53
57 27
76 56
31 98
22 5
31 48
42 92
3 34
30 45
18 29
18 82
70 36
90 53
3 96
80 69
79 67
46 19
14 20
45 78
65 64
72 29
61 49
13 27
52 49
23 22
41 7
89 43
84 74
31 67
87 86
46 77
30 75
69 9
51 21
34 55
55 21
90 62
20 3
11 71
97 45
89 85
57 71
7 79
95 49
46 71
66 62
73 87
84 50
69 92
18 15
94 90
43 81
47 92
22 71
15 35
6 43
88 78
19 59
30 33
8 10
75 89
71 73
48 75
66 88
40 87
85 38
55 43
4 82
17 50
46 37
88 24
58 72
78 63
90 40
84 62
40 38
77 85
73 88
13 39
44 93
59 61
1 61
42 59
7 54
66 65
96 28
11 13
65 60
48 48
35 93
34 24
65 59
61 90
92 88
17 98
23 12
94 11
1 18
9 76
46 5
53 67
33 43
92 23
34 56
44 1
88 31
87 2
60 47
91 35
69 37
97 3
47 16
67 88
78 65
5 56
37 43
86 6
33 92
57 44
95 44
95 79
61 72
73 56
78 47
80 11
28 18
85 75
74 19
23 84
70 23
89 75
74 31
38 53
48 42
57 37
25 61
56 51
39 34
53 78
24 98
64 55
15 70
21 97
X
51 95
95 93
28 22
1 65
X
36 84
8 94
34 58
47 80
44 35
24 21
37 16
37 51
81 7
48 18
12 91
47 50
86 10
70 4
67 30
50 69
59 10
39 48
58 63
75 52
92 74
17 13
37 65
X
56 92
78 83
60 75
24 42
15 83
2 54
35 13
3 21
77 64
85 6
61 41
57 76
34 25
21 20
62 48
18 54
1 44
69 74
5 38
4 39
37 97
68 92
8 4
96 69
78 70
75 78
80 59
9 69
60 60
39 84
28 30
69 46
71 47
33 51
82 47
60 35
45 18
14 94
68 3
38 85
46 78
44 7
32 47
9 64
46 47
22 32
89 20
20 34
24 25
30 78
6 29
60 27
37 56
41 85
8 29
83 96
66 39
74 39
3 51
66 17
42 79
8 97
67 96
66 4
43 72
98 32
34 79
40 18
6 15
90 44
13 64
45 28
50 56
93 55
16 3
3 28
49 61
82 50
7 3
72 59
22 43
26 15
8 22
16 17
73 21
41 2
80 13
52 2
8 2
32 86
23 6
62 69
71 37
95 97
51 23
59 45
64 60
9 32
30 82
4 74
X
51 2
55 27
48 94
42 69
90 75
81 57
73 17
78 91
29 36
85 7
61 48
10 89
77 3
90 33
64 45
17 75
54 41
43 5
35 15
56 38
36 64
53 52
2 10
36 29
23 42
39 32
91 37
7 35
12 28
5 9
55 53
51 61
9 34
2 9
69 29
96 30
86 94
40 15
53 69
52 90
89 26
5 71
10 19
7 17
4 1
94 35
18 60
6 61
52 5
71 65
59 22
88 49
32 65
36 32
94 33
69 24
85 85
97 24
1 14
80 7
98 63
24 35
70 58
51 80
84 39
78 3
20 20
3 98
12 58
35 43
5 18
3 73
76 21
96 39
42 13
64 25
17 8
22 46
53 66
89 55
63 3
30 81
46 59
75 82
45 96
31 55
49 4
11 49
93 37
17 49
31 80
74 23
18 98
3 52
92 34
70 24
46 46
90 94
61 69
2 72
62 17
19 95
43 90
74 16
14 92
91 38
23 13
69 3
16 22
25 83
65 40
77 40
84 63
79 90
79 56
47 73
71 14
95 9
54 57
77 38
94 14
2 98
58 53
73 60
16 98
71 24
71 0
41 23
80 98
X
8 48
48 91
56 79
98 41
43 47
71 1
5 14
45 53
3 88
1 66
6 5
45 29
24 19
76 86
55 14
71 44
1 60
46 29
63 72
40 33
62 38
60 55
56 90
24 23
87 23
63 9
37 58
49 81
9 93
58 25
62 10
2 91
55 68
92 45
58 71
85 77
69 30
47 29
88 11
65 6
45 88
42 90
46 50
42 21
44 17
8 83
39 91
5 27
44 6
7 22
15 18
56 83
92 39
66 75
56 41
46 34
67 38
4 70
21 91
40 37
47 12
29 3
20 76
60 78
72 56
13 9
31 56
98 1
20 74
45 20
69 79
33 75
80 3
69 6
31 3
78 90
79 91
57 59
87 28
8 80
44 25
84 34
54 59
65 63
15 8
53 77
95 24
15 1
18 73
49 44
79 79
65 70
57 85
32 71
80 5
51 30
91 46
52 95
63 52
80 70
79 19
88 58
69 1
97 13
54 32
93 43
94 54
43 92
43 9
61 10
38 44
36 31
27 73
66 76
9 97
43 95
93 31
55 54
77 12
86 38
77 60
85 42
15 49
55 44
50 37
85 82
15 63
13 63
47 88
90 69
53 21
37 21
17 56
58 33
19 40
93 57
24 11
22 18
67 46
5 41
43 6
81 21
12 39
75 13
95 2
58 52
36 76
36 36
64 43
73 39
76 85
80 55
79 71
46 96
22 65
50 20
62 91
42 58
66 86
34 7
2 64
49 34
25 60
88 95
35 58
92 2
95 29
55 56
77 77
95 76
12 98
90 60
49 40
8 54
47 23
72 34
17 1
19 81
40 35
0 97
X
93 63
87 94
60 91
76 79
62 78
97 50
75 7
20 52
83 87
4 17
73 77
76 80
40 79
40 11
54 13
74 76
91 45
66 5
81 58
35 26
64 94
55 39
66 24
37 0
83 84
13 21
30 2
25 38
69 54
17 35
74 38
40 49
27 62
79 45
85 33
11 34
13 98
25 59
53 68
59 54
74 2
54 31
94 43
64 10
4 7
63 26
78 44
53 75
5 5
98 15
49 21
16 1
94 4
17 74
34 37
10 75
29 40
23 74
6 53
33 15
55 55
7 68
13 76
74 45
46 56
41 5
54 52
72 93
44 63
4 6
43 2
5 31
20 59
9 51
52 96
36 21
48 64
10 61
78 13
19 11
36 67
91 53
77 52
17 81
90 74
54 74
26 7
66 45
85 28
43 93
X
0 63
81 78
66 47
82 82
23 23
24 38
71 64
69 66
7 60
92 63
77 68
77 98
37 20
93 90
35 24
69 32
33 33
38 42
66 8
51 57
28 25
49 73
22 39
83 50
19 79
98 33
60 89
91 82
40 32
69 98
65 80
59 94
24 55
15 90
65 61
20 97
46 13
72 68
3 35
40 90
92 69
45 48
82 75
X
3 54
41 68
10 33
90 83
68 76
2 28
7 20
25 80
19 22
67 78
38 46
85 37
71 46
80 60
23 38
89 46
50 91
91 50
4 22
18 1
10 76
31 35
87 98
95 57
52 3
83 33
93 23
19 66
22 64
67 3
21 67
26 68
41 49
73 37
11 94
34 69
97 4
35 7
79 30
55 77
81 56
17 60
80 29
19 9
37 6
61 54
30 47
26 23
23 98
4 31
6 14
9 49
54 79
31 17
7 50
27 70
2 12
6 37
98 29
96 15
78 24
34 78
73 3
56 2
93 6
50 13
2 83
96 78
78 61
28 3
44 57
43 64
43 54
61 59
59 27
76 59
85 70
90 84
70 93
56 6
75 9
68 53
74 72
8 88
71 57
48 13
42 66
58 96
48 21
97 2
2 46
22 22
63 46
35 94
79 20
32 80
1 69
71 31
81 77
34 40
15 88
52 45
6 78
54 23
27 79
54 37
38 22
13 54
50 90
62 62
5 96
38 14
53 36
39 79
93 21
43 50
43 66
13 34
98 96
67 58
63 17
19 15
46 65
54 49
8 16
67 92
55 2
42 85
58 97
2 70
80 68
16 5
72 18
31 89
18 25
90 15
5 86
70 10
95 55
5 49
24 27
40 51
79 37
41 76
39 1
61 25
16 33
24 37
72 19
13 7
45 52
83 92
66 73
43 74
96 2
40 7
34 63
29 48
23 71
97 47
89 32
29 51
85 54
55 15
84 76
34 17
9 81
91 58
37 29
81 12
15 85
64 40
98 89
60 40
14 78
33 74
98 42
77 48
40 96
81 8
77 31
55 34
59 62
36 63
64 65
92 72
80 31
25 45
78 33
93 34
11 27
75 80
19 33
78 12
52 23
23 26
96 27
16 8
30 68
27 33
83 62
65 76
6 76
73 55
45 26
31 69
47 91
18 42
69 70
66 82
66 60
7 9
35 33
61 57
8 23
41 55
7 76
34 92
72 49
96 76
59 24
93 12
10 97
62 31
89 35
82 79
58 42
83 47
32 46
72 32
61 93
3 66
85 29
11 1
91 39
42 9
52 75
13 38
16 24
50 23
20 60
49 71
X
59 76
44 61
45 67
14 13
43 29
75 63
48 14
82 38
91 83
69 26
90 61
22 76
26 64
12 88
47 78
90 24
72 3
78 66
74 40
42 81
31 81
5 44
97 87
52 81
55 71
8 75
62 36
71 61
29 23
56 57
89 98
24 57
52 44
71 54
7 90
5 32
52 8
12 27
63 6
82 56
72 75
26 85
25 22
40 89
15 41
87 1
21 30
8 7
48 65
77 49
49 70
26 45
24 31
89 31
70 38
13 72
59 3
30 91
10 49
6 59
56 43
80 46
X
22 53
88 23
38 41
25 81
51 75
45 47
92 19
25 3
24 88
48 30
59 63
77 92
10 71
0 48
62 46
37 44
68 47
74 3
73 42
9 96
89 41
78 30
35 29
65 89
47 63
69 41
97 0
38 97
88 56
19 7
41 69
41 22
91 85
88 90
15 84
67 5
13 50
27 13
86 30
95 3
89 97
34 34
63 1
93 3
22 45
75 22
94 19
74 75
3 84
48 79
62 60
20 75
1 29
9 2
36 70
24 83
34 48
0 60
38 61
35 95
6 66
75 93
96 23
29 41
48 67
7 8
61 11
46 76
52 59
66 96
79 60
11 28
96 56
76 90
31 60
89 69
79 93
12 30
72 35
90 54
74 41
73 51
76 91
39 61
95 82
64 71
54 25
81 36
80 88
70 56
76 25
11 39
51 60
77 42
2 80
61 61
48 96
57 83
6 71
90 41
74 81
74 34
7 41
26 18
0 13
35 37
33 72
82 76
79 0
17 55
25 89
49 79
90 93
18 33
98 69
19 52
3 18
84 80
39 73
1 15
10 23
5 50
74 36
61 40
67 62
87 0
91 27
51 77
72 57
25 24
84 66
5 4
33 48
55 24
77 70
13 56
35 87
8 19
76 72
37 61
10 29
9 21
67 61
13 25
29 34
31 29
59 23
94 39
61 38
54 10
0 47
56 88
78 32
38 84
X
66 28
89 96
98 92
82 80
46 14
87 73
60 48
3 92
64 62
19 76
30 42
51 49
7 53
92 51
45 90
19 64
55 47
96 84
84 16
83 3
12 90
30 55
70 91
57 57
8 28
56 34
98 70
88 94
70 59
64 66
89 74
98 87
48 68
31 40
2 30
92 33
57 45
26 14
11 93
84 72
97 34
37 18
70 45
82 23
42 83
62 77
29 8
15 93
91 54
43 57
50 64
3 49
85 9
11 45
1 82
5 35
65 45
97 94
71 30
25 67
21 46
70 61
93 11
6 50
63 85
88 43
17 41
68 60
4 37
78 67
55 45
48 72
3 5
36 89
56 82
89 52
42 42
0 51
54 28
22 73
3 55
44 65
96 38
32 55
86 32
89 49
65 34
44 95
71 51
30 20
59 41
32 91
54 60
50 59
55 12
52 16
51 73
69 62
38 86
12 68
44 16
0 14
54 45
90 85
18 8
68 72
73 4
65 31
17 25
95 53
50 50
9 19
96 71
20 93
48 44
70 21
3 22
27 80
26 3
28 77
55 48
58 6
51 47
51 7
54 87
20 38
29 66
4 85
96 1
73 22
21 65
53 87
53 0
55 11
72 52
11 98
25 76
75 88
87 81
9 37
4 20
73 58
19 70
20 21
10 56
5 70
16 51
36 74
65 55
63 49
83 80
72 30
40 67
86 64
92 55
10 10
1 70
50 4
62 67
41 21
17 92
7 74
3 11
9 80
19 90
72 38
91 69
57 94
79 78
14 36
5 43
4 95
30 48
38 28
23 17
35 27
57 29
1 59
3 81
21 70
89 28
38 70
11 16
32 98
68 95
79 17
90 20
25 92
28 69
43 73
87 45
54 46
20 44
22 77
18 18
27 6
51 92
29 28
54 26
19 68
3 10
82 66
73 19
3 68
69 96
25 33
27 9
80 91
22 93
97 82
15 13
50 80
9 78
51 8
48 73
18 78
24 92
78 36
80 44
39 15
87 92
2 48
28 61
28 29
86 87
51 40
36 40
23 80
70 41
75 24
67 95
92 0
6 75
51 65
62 72
83 39
86 73
46 35
64 76
72 53
50 58
82 17
50 89
33 49
98 93
36 83
90 13
42 68
24 16
75 10
83 73
58 14
29 22
23 64
53 72
1 56
46 30
22 92
2 35
82 65
18 95
84 82
51 41
4 96
64 77
33 25
74 43
68 89
18 68
76 42
63 65
57 61
15 0
6 56
56 72
6 87
31 74
9 9
68 70
10 41
36 69
49 92
18 81
20 40
78 22
69 94
81 46
94 10
5 47
52 17
17 15
72 13
1 76
84 14
20 9
86 19
9 48
9 22
68 41
67 98
33 62
70 62
90 66
25 77
71 8
85 50
46 91
45 17
80 64
84 68
14 21
74 5
92 95
38 62
76 55
48 87
34 45
97 10
12 76
42 43
77 80
54 78
8 98
0 77
74 17
32 24
81 23
31 66
95 33
88 57
75 25
40 44
7 67
43 3
29 80
49 55
54 64
9 95
9 23
93 83
49 60
7 55
39 28
62 83
25 47
63 29
98 64
3 93
45 75
89 63
61 24
2 32
87 5
42 56
14 95
35 48
58 18
40 40
56 0
7 21
79 55
8 55
76 54
17 19
38 81
54 51
53 76
89 33
41 96
65 96
X
0 96
80 90
27 22
48 88
84 21
10 35
58 64
7 94
44 76
21 16
16 78
67 31
80 97
4 10
91 73
9 15
35 76
18 16
28 5
37 28
89 80
2 63
24 78
14 91
30 93
36 51
76 60
78 95
39 14
83 34
2 92
16 50
28 7
26 87
14 75
5 15
15 6
7 71
71 94
21 57
95 32
60 81
51 72
28 33
11 97
52 77
58 15
22 9
14 35
4 4
35 73
56 46
34 68
41 89
39 88
16 89
5 85
51 38
48 23
97 42
80 79
17 4
78 10
4 60
25 66
14 5
10 24
34 57
63 86
83 0
79 89
66 9
37 73
8 44
57 26
34 22
3 6
71 71
13 22
67 21
5 29
44 33
5 88
68 38
92 66
68 77
18 40
51 6
32 18
82 34
7 46
83 21
76 12
55 25
73 80
74 59
41 65
56 28
62 90
56 11
57 79
53 5
16 58
25 87
30 22
24 74
23 65
9 77
18 22
45 83
32 6
81 55
29 91
35 9
27 86
81 87
80 66
25 85
97 53
18 90
22 47
59 64
51 35
90 92
11 37
87 37
78 96
22 41
95 36
21 40
40 57
21 24
86 7
62 55
24 87
75 57
26 49
22 98
58 38
81 19
3 23
38 52
21 47
48 90
87 40
19 19
76 17
12 8
81 72
52 53
91 57
35 31
53 4
9 72
24 41
71 81
23 29
75 55
50 63
32 34
95 41
43 77
24 60
98 54
42 44
32 89
74 80
49 93
81 47
58 78
96 25
46 62
45 12
64 75
22 21
75 61
81 95
59 46
26 10
36 65
80 15
80 2
5 11
84 94
38 18
49 51
77 46
91 65
41 9
59 25
60 6
97 51
98 40
57 82
35 79
11 65
95 25
51 69
78 2
1 58
59 86
98 38
74 46
22 19
38 12
40 10
29 33
54 76
25 49
76 15
62 23
93 30
10 26
62 50
5 65
46 1
88 70
97 95
17 12
75 76
10 22
40 6
27 30
16 84
12 2
83 88
73 38
61 8
8 76
53 57
96 24
56 12
57 28
42 89
42 11
52 63
97 32
40 3
16 4
22 54
28 46
5 67
61 74
96 53
7 38
87 16
22 68
92 73
41 73
29 26
65 18
38 6
4 65
47 53
55 29
38 77
45 55
13 88
18 80
87 51
14 66
81 31
63 98
50 74
93 53
96 54
44 42
50 45
73 5
27 44
65 5
9 83
66 63
17 71
92 20
52 34
20 64
41 36
92 6
51 24
27 67
25 82
93 24
81 49
87 19
85 84
11 63
75 60
44 66
64 47
30 21
78 53
74 84
75 73
57 43
95 61
59 82
39 26
76 2
14 4
34 20
2 60
69 44
54 27
55 52
34 19
27 28
33 37
46 94
32 87
26 70
41 50
30 23
77 62
49 22
20 71
29 74
12 23
13 85
92 67
53 90
88 81
89 0
85 34
18 44
7 56
44 5
16 74
71 26
55 10
14 58
61 62
36 33
7 92
9 56
60 39
19 78
3 17
8 74
21 9
89 44
36 77
67 50
55 0
74 82
72 20
57 6
16 35
89 8
53 25
41 27
23 25
39 55
79 34
57 3
82 3
3 31
39 59
31 36
32 38
53 63
51 63
91 36
13 48
18 2
2 81
11 48
42 23
5 39
62 73
12 85
7 58
97 83
15 5
57 2
26 52
31 22
49 11
34 33
16 61
93 39
3 80
66 6
78 88
87 50
61 17
20 29
77 81
32 62
28 52
98 62
69 47
47 1
40 53
14 12
46 61
60 76
91 59
55 92
7 72
17 26
21 55
21 98
87 88
51 56
23 81
56 93
38 48
73 98
39 60
31 28
33 63
25 69
68 61
73 81
1 45
31 42
66 95
79 85
86 9
35 50
92 43
59 88
8 64
22 23
90 36
36 55
3 82
81 71
49 56
6 64
76 18
59 78
34 15
47 44
40 24
97 86
86 59
51 71
48 70
9 41
57 74
54 70
24 82
34 89
80 49
42 94
64 90
41 15
47 65
69 36
15 16
15 7
46 11
39 74
36 43
25 6
57 31
98 34
70 22
22 60
73 2
81 83
94 5
1 90
13 18
60 17
59 59
9 47
21 66
96 74
92 38
8 3
51 76
96 37
66 25
81 34
17 89
35 88
20 79
90 42
69 60
96 93
59 70
41 70
39 23
51 74
53 48
73 70
19 53
30 14
82 19
57 13
52 74
65 47
94 72
71 58
16 60
85 91
35 86
3 39
64 82
26 6
64 1
6 51
77 94
26 26
79 24
87 24
12 12
58 34
71 63
7 66
13 35
26 29
30 6
48 8
77 37
28 13
8 32
98 12
34 47
37 81
59 36
46 63
88 64
16 66
6 68
66 27
89 51
91 43
12 16
17 23
70 43
20 25
67 84
13 83
7 28
11 87
30 18
16 95
28 67
60 66
15 59
8 37
31 97
87 90
71 10
78 4
49 72
85 62
68 31
93 28
11 66
34 28
23 82
19 56
39 85
1 63
1 96
70 57
45 54
97 36
87 93
36 44
15 42
66 93
83 14
68 11
X
11 26
42 22
59 33
81 44
28 32
46 58
23 58
4 27
57 21
58 76
20 92
6 46
38 23
0 58
25 25
10 45
8 85
68 29
27 87
91 70
57 12
58 66
49 24
23 78
12 14
27 85
31 46
7 33
2 24
30 89
56 44
13 28
43 60
79 59
50 87
13 96
55 6
14 28
52 10
3 83
41 19
6 80
26 44
83 28
59 73
19 16
7 98
26 79
22 97
80 33
47 57
39 50
61 83
73 54
51 55
70 89
55 7
73 26
57 54
7 30
52 61
6 6
53 92
7 97
83 93
90 64
45 0
72 7
50 39
41 91
93 16
14 74
65 87
9 14
37 55
60 69
61 64
36 27
70 63
14 24
68 30
95 80
48 80
4 73
15 19
34 43
30 34
44 97
57 62
50 33
78 16
47 22
88 51
69 7
62 71
10 82
94 63
40 52
63 40
74 58
14 57
29 79
53 49
15 25
16 69
18 96
1 67
38 67
46 31
42 74
75 45
60 0
76 0
41 82
17 93
52 48
97 39
49 35
36 87
1 24
59 89
36 26
88 4
19 65
56 95
38 26
84 84
38 79
43 7
58 43
89 76
9 43
84 17
79 4
42 61
82 16
13 74
56 58
16 28
97 65
7 40
28 66
22 31
5 1
40 82
64 95
27 42
91 72
3 85
45 22
82 96
94 6
43 79
37 59
93 54
86 21
82 89
86 34
39 56
96 40
65 93
67 83
25 62
66 52
64 8
1 98
79 47
11 43
38 95
28 70
46 48
0 11
47 94
8 25
68 49
32 15
68 87
4 89
28 51
92 60
95 11
74 1
2 61
19 23
80 58
10 73
48 46
98 45
22 1
61 0
93 20
3 26
41 45
45 50
91 22
88 84
5 37
48 69
38 45
83 2
6 16
13 26
41 37
70 92
74 51
23 56
83 1
11 23
40 73
26 40
3 1
16 15
12 42
56 78
78 29
97 90
94 2
3 89
32 64
89 81
4 90
44 20
73 62
35 40
83 82
81 18
49 74
67 40
24 90
13 24
70 98
X
93 40
25 42
49 15
10 1
2 33
98 16
36 80
69 97
59 83
97 54
0 70
85 66
18 41
93 67
3 67
7 51
25 43
18 58
91 30
X
17 33
91 0
17 51
12 95
85 74
66 43
95 94
25 23
54 19
89 71
22 61
15 2
6 35
54 48
16 40
22 94
86 40
95 54
49 94
37 26
24 73
25 5
36 94
21 38
86 45
12 35
49 8
50 88
71 49
21 87
81 11
58 95
52 89
67 87
57 46
33 60
73 76
79 21
42 65
31 41
78 34
27 20
70 90
40 0
47 79
30 16
89 6
32 19
56 86
75 56
24 93
32 67
42 67
86 81
4 48
85 43
89 22
7 29
92 35
80 25
12 45
14 9
69 5
48 38
26 74
22 29
21 19
65 72
14 27
85 79
1 81
92 68
46 81
30 85
78 38
77 32
89 23
74 54
10 63
X
8 81
61 76
50 34
82 93
62 89
55 50
17 11
43 17
40 36
44 56
28 60
7 18
28 4
66 32
15 26
47 56
49 3
82 92
22 58
76 30
39 93
41 58
77 61
9 6
65 11
53 37
42 86
48 29
54 97
12 13
52 29
25 39
88 68
49 54
1 77
32 28
91 56
58 16
49 18
29 96
59 79
45 33
75 36
26 27
62 66
29 73
96 50
52 98
15 4
12 79
91 76
26 66
60 56
X
59 96
X
8 47
X
X
X
X
X
X
58 57
X
X
X
X
X
78 15
6 21
76 78
61 47
X
2 49
17 84
41 92
53 45
62 51
63 7
X
28 80
X
X
14 18
8 50
X
80 93
14 7
90 65
96 32
85 35
81 48
X
X
45 37
X
46 64
5 97
X
54 86
97 67
X
17 6
X
X
34 41
X
X
X
X
X
X
X
X
0 95
30 26
30 37
X
X
33 87
87 52
8 30
X
51 50
X
24 26
X
88 28
59 71
X
X
96 45
63 75
38 33
68 24
58 4
X
21 21
X
22 30
79 10
85 52
14 19
32 2
X
53 80
23 2
X
65 17
30 39
X
20 72
85 80
91 92
X
X
X
22 13
X
X
32 31
X
X
81 85
X
X
X
X
8 12
X
3 32
X
27 58
X
61 85
85 25
11 33
X
1 27
X
83 94
X
70 8
28 57
11 86
95 47
73 86
X
76 71
X
X
X
15 96
X
77 21
53 61
X
X
X
X
X
52 91
X
X
26 28
52 60
X
41 57
71 70
42 24
98 68
53 65
15 34
X
11 72
95 70
X
X
X
X
15 10
75 46
X
35 92
81 96
38 68
X
84 1
39 82
X
X
57 33
57 90
27 64
36 30
X
3 12
X
75 33
90 70
X
80 92
X
X
23 47
68 98
X
55 46
X
61 36
X
28 58
11 69
27 83
X
70 20
86 3
30 15
X
X
61 26
69 83
81 25
98 71
X
8 57
90 76
91 34
X
X
48 77
X
86 37
33 66
21 94
39 11
37 87
X
29 75
78 31
X
95 14
X
86 18
31 94
75 72
69 55
30 98
54 83
X
X
X
6 42
94 83
41 10
X
42 78
X
58 80
X
X
18 59
13 59
X
6 40
X
77 47
59 40
45 40
44 90
70 80
X
X
87 85
X
X
X
19 57
X
X
29 42
6 85
80 22
X
17 17
77 56
X
X
X
X
X
X
35 39
50 48
43 1
24 95
X
X
X
24 36
X
62 9
26 78
88 41
31 93
94 27
11 56
X
17 54
41 75
51 25
X
X
X
X
X
36 49
70 95
X
28 83
94 77
X
11 61
37 36
X
20 62
88 2
9 60
20 27
X
72 47
67 57
1 19
36 52
X
X
2 0
94 70
11 91
X
X
X
X
59 38
52 6
X
X
X
X
29 37
83 40
11 59
25 30
X
17 7
X
54 90
43 37
X
X
X
X
17 16
X
79 5
53 28
X
X
X
4 3
28 72
47 7
X
27 39
53 74
X
X
2 86
71 7
X
21 29
X
7 80
87 38
4 50
47 52
44 54
X
X
56 42
X
91 20
90 46
X
X
52 18
X
X
11 54
59 66
65 65
5 20
79 61
18 62
X
75 51
77 45
X
X
X
X
37 92
62 88
X
X
69 22
X
92 22
X
X
83 38
61 89
82 48
90 51
54 63
36 73
0 15
48 85
67 39
X
10 68
X
44 37
X
41 67
58 54
74 8
77 17
0 50
X
X
77 67
81 66
87 7
X
X
80 30
X
58 26
38 31
X
5 61
X
X
X
X
50 62
28 49
12 6
45 43
94 59
X
64 72
79 87
62 93
X
32 41
X
64 49
67 55
55 82
X
38 37
43 94
24 94
30 30
13 16
5 74
X
57 73
41 48
65 8
X
61 65
8 93
15 27
80 65
X
X
X
83 95
67 41
X
65 49
93 69
X
82 74
46 21
X
39 45
1 68
55 79
75 30
68 42
50 72
9 25
X
23 35
X
64 96
X
81 86
12 25
X
X
2 59
44 96
74 21
X
96 26
82 31
94 46
83 26
X
10 67
93 78
73 59
26 12
X
X
21 2
X
57 23
14 88
36 45
90 17
4 49
31 25
96 89
X
13 61
X
76 28
96 11
X
3 27
66 37
77 51
52 51
30 43
31 57
X
79 15
40 60
X
71 32
73 16
44 50
31 26
8 41
X
X
50 67
52 73
X
28 91
X
71 34
X
1 64
7 2
X
X
87 46
18 75
X
X
X
X
X
44 48
X
96 49
36 88
X
X
91 63
X
X
X
37 77
11 22
X
27 90
36 72
X
76 24
X
X
X
55 32
X
43 59
X
42 5
13 33
X
28 74
23 7
X
87 49
60 85
67 26
88 5
17 5
X
15 91
X
73 35
X
29 4
X
54 21
X
X
43 53
87 44
X
X
61 77
43 28
X
13 86
X
X
20 41
X
18 65
X
40 12
33 26
72 72
34 88
43 62
X
X
X
X
X
58 7
86 53
94 55
X
X
33 17
15 53
4 69
0 98
27 78
8 91
51 4
X
17 20
67 74
95 39
X
35 49
44 60
37 66
X
47 28
58 85
X
X
38 58
X
36 50
87 43
39 21
X
12 1
33 11
X
70 32
10 93
18 71
X
X
X
85 16
54 38
74 92
75 91
52 21
X
X
68 80
X
X
X
27 14
X
X
20 70
X
X
X
57 51
1 97
89 62
98 51
X
69 53
28 42
X
X
X
X
X
20 55
X
90 26
94 37
90 63
69 72
60 86
78 35
27 41
87 35
23 90
55 85
X
98 50
X
X
X
78 14
X
16 81
20 73
X
22 42
24 84
5 33
48 60
X
34 95
8 49
73 95
X
48 45
3 30
X
4 76
31 39
8 40
48 56
52 52
41 38
X
91 98
32 3
90 0
X
79 84
69 90
52 56
63 76
X
X
11 8
X
X
X
X
26 41
18 19
25 84
10 37
83 86
X
X
31 71
83 67
10 17
27 21
6 26
X
39 68
35 63
X
24 75
X
X
56 29
X
X
96 57
X
62 25
X
67 81
X
X
23 37
56 87
54 58
X
49 12
61 53
49 57
7 10
X
55 19
X
X
X
X
97 57
61 29
5 51
35 19
X
X
87 3
8 96
42 36
67 77
X
X
27 34
22 69
35 62
80 47
18 27
X
X
X
91 4
X
X
38 0
95 77
X
X
6 94
18 28
X
X
77 89
X
88 53
71 52
X
19 73
4 71
17 96
82 25
15 64
X
30 86
X
X
76 23
21 72
X
X
X
X
X
X
X
31 32
27 60
79 75
50 7
84 79
17 14
X
42 95
13 87
X
42 7
98 31
29 81
X
X
X
10 84
X
76 53
98 78
55 5
28 78
X
13 89
0 68
86 42
12 46
X
X
47 70
74 53
27 74
13 79
X
X
69 68
10 32
39 44
16 92
X
94 44
X
X
X
X
84 78
95 64
75 21
X
X
X
93 27
33 18
13 23
70 46
64 59
X
60 71
X
63 35
X
X
X
59 92
5 87
X
95 78
48 31
X
X
66 40
56 33
77 91
96 36
67 45
33 38
94 92
86 41
74 64
X
60 29
12 7
X
X
X
13 77
4 51
13 14
X
93 91
88 83
21 28
58 21
X
X
X
X
X
X
X
X
97 43
74 22
39 57
97 92
0 69
X
36 86
X
83 61
19 80
X
66 66
X
31 92
X
67 63
1 72
X
95 65
4 94
56 69
35 10
X
53 59
X
X
92 92
47 6
91 44
X
X
X
39 90
29 68
X
65 90
82 20
44 58
22 95
50 79
X
29 97
X
6 90
X
X
39 53
77 24
X
X
X
5 10
24 6
X
42 63
34 65
X
X
49 14
19 71
53 18
7 4
24 53
X
X
X
X
X
26 73
X
48 50
X
X
36 62
X
42 10
80 1
76 66
31 2
X
X
X
X
X
65 48
24 59
51 86
X
56 52
X
X
15 71
6 98
X
X
17 40
X
X
97 59
66 83
X
78 79
20 42
X
X
X
20 14
X
67 22
X
X
77 13
87 80
40 77
15 77
5 55
54 1
67 70
X
70 31
38 1
X
65 62
X
27 82
X
X
X
X
60 53
X
80 54
X
78 82
X
25 53
X
51 34
45 24
26 76
45 82
46 18
21 17
63 38
X
23 75
X
55 88
X
73 43
22 44
X
X
X
X
20 58
28 50
76 87
X
X
39 51
63 25
91 16
X
5 90
89 53
17 91
47 59
X
76 93
X
29 50
9 67
86 54
X
82 73
X
74 87
X
18 5
84 65
X
27 98
40 9
85 51
51 51
X
X
X
40 23
6 84
X
85 20
47 60
X
40 25
10 21
X
79 14
X
X
23 72
X
86 83
65 69
X
X
56 94
56 31
X
39 17
31 86
57 34
39 97
X
92 70
X
46 33
X
X
70 44
X
80 45
7 7
X
66 34
53 17
X
56 9
13 40
X
14 69
X
X
X
X
27 91
77 69
X
X
1 48
33 64
X
72 89
X